[  1%] Built target manip__cpp
[ 11%] Built target manip__rosidl_generator_c
[ 11%] Built target ament_cmake_python_copy_manip
[ 21%] Built target manip__rosidl_typesupport_fastrtps_cpp
[ 31%] Built target manip__rosidl_typesupport_cpp
[ 41%] Built target manip__rosidl_typesupport_fastrtps_c
[ 50%] Built target manip__rosidl_typesupport_introspection_cpp
[ 60%] Built target manip__rosidl_typesupport_introspection_c
[ 70%] Built target manip__rosidl_typesupport_c
[ 72%] [32mBuilding CXX object CMakeFiles/manip_control_node.dir/src/manip_control_node.cpp.o[0m
[ 76%] Built target manip_joy_node
[ 76%] Built target manip
[ 78%] Built target manip__py
[ 80%] [32mBuilding C object CMakeFiles/manip__rosidl_generator_py.dir/rosidl_generator_py/manip/msg/_result_s.c.o[0m
[ 82%] [32mBuilding C object CMakeFiles/manip__rosidl_generator_py.dir/rosidl_generator_py/manip/msg/_cmd_s.c.o[0m
[ 84%] [32mBuilding C object CMakeFiles/manip__rosidl_generator_py.dir/rosidl_generator_py/manip/action/_state_s.c.o[0m
[01m[K/home/kousei/HaruRobo2024_ws/ros2_ws/src/manip/src/manip_control_node.cpp:6:10:[m[K [01;31m[Kfatal error: [m[Kmanip/srv/state.hpp: そのようなファイルやディレクトリはありません
    6 | #include [01;31m[K"manip/srv/state.hpp"[m[K
      |          [01;31m[K^~~~~~~~~~~~~~~~~~~~~[m[K
compilation terminated.
gmake[2]: *** [CMakeFiles/manip_control_node.dir/build.make:76: CMakeFiles/manip_control_node.dir/src/manip_control_node.cpp.o] エラー 1
gmake[1]: *** [CMakeFiles/Makefile2:212: CMakeFiles/manip_control_node.dir/all] エラー 2
gmake[1]: *** 未完了のジョブを待っています....
[ 86%] [32m[1mLinking C shared library rosidl_generator_py/manip/libmanip__rosidl_generator_py.so[0m
[ 86%] Built target manip__rosidl_generator_py
running egg_info
writing manip.egg-info/PKG-INFO
writing dependency_links to manip.egg-info/dependency_links.txt
writing top-level names to manip.egg-info/top_level.txt
reading manifest file 'manip.egg-info/SOURCES.txt'
writing manifest file 'manip.egg-info/SOURCES.txt'
[ 86%] Built target ament_cmake_python_build_manip_egg
gmake: *** [Makefile:146: all] エラー 2
