[0.042s] Invoking command in '/home/kousei/HaruRobo2024_ws/ros2_ws/build/path_following': AMENT_PREFIX_PATH=/home/kousei/HaruRobo2024_ws/ros2_ws/install/manip:/home/kousei/HaruRobo2024_ws/ros2_ws/install/manip_msgs:${AMENT_PREFIX_PATH} CMAKE_PREFIX_PATH=/home/kousei/HaruRobo2024_ws/ros2_ws/install/manip:/home/kousei/HaruRobo2024_ws/ros2_ws/install/manip_msgs:/home/kousei/2DRoboPrac_ws/ros2_ws/install/urg_node2:/home/kousei/2DRoboPrac_ws/ros2_ws/install/omni_control:/home/kousei/2DRoboPrac_ws/ros2_ws/install/nav_real:/home/kousei/2DRoboPrac_ws/ros2_ws/install/nav_dev:/home/kousei/2DRoboPrac_ws/ros2_ws/install/key_event_nodes:/home/kousei/2DRoboPrac_ws/ros2_ws/install/key_event_msgs:/home/kousei/2DRoboPrac_ws/ros2_ws/install/drive_msgs:/opt/ros/humble LD_LIBRARY_PATH=/home/kousei/HaruRobo2024_ws/ros2_ws/install/manip/lib:/home/kousei/HaruRobo2024_ws/ros2_ws/install/manip_msgs/lib:${LD_LIBRARY_PATH} PYTHONPATH=/home/kousei/HaruRobo2024_ws/ros2_ws/install/manip/local/lib/python3.10/dist-packages:/home/kousei/HaruRobo2024_ws/ros2_ws/install/manip_msgs/local/lib/python3.10/dist-packages:${PYTHONPATH} /usr/bin/cmake --build /home/kousei/HaruRobo2024_ws/ros2_ws/build/path_following -- -j16 -l16
[0.064s] -- Found ament_cmake_auto: 1.3.7 (/opt/ros/humble/share/ament_cmake_auto/cmake)
[0.231s] -- Found rosidl_generator_c: 3.1.5 (/opt/ros/humble/share/rosidl_generator_c/cmake)
[0.233s] -- Found rosidl_adapter: 3.1.5 (/opt/ros/humble/share/rosidl_adapter/cmake)
[0.236s] -- Found rosidl_generator_cpp: 3.1.5 (/opt/ros/humble/share/rosidl_generator_cpp/cmake)
[0.243s] -- Using all available rosidl_typesupport_c: rosidl_typesupport_fastrtps_c;rosidl_typesupport_introspection_c
[0.252s] -- Using all available rosidl_typesupport_cpp: rosidl_typesupport_fastrtps_cpp;rosidl_typesupport_introspection_cpp
[0.287s] -- Found rmw_implementation_cmake: 6.1.1 (/opt/ros/humble/share/rmw_implementation_cmake/cmake)
[0.288s] -- Found rmw_fastrtps_cpp: 6.2.6 (/opt/ros/humble/share/rmw_fastrtps_cpp/cmake)
[0.366s] -- Using RMW implementation 'rmw_fastrtps_cpp' as default
[1.123s] -- Found ament_lint_auto: 0.12.10 (/opt/ros/humble/share/ament_lint_auto/cmake)
[1.295s] -- Found ament_cmake_ros: 0.10.0 (/opt/ros/humble/share/ament_cmake_ros/cmake)
[1.626s] -- Using all available rosidl_typesupport_c: rosidl_typesupport_fastrtps_c;rosidl_typesupport_introspection_c
[1.754s] -- Using all available rosidl_typesupport_cpp: rosidl_typesupport_fastrtps_cpp;rosidl_typesupport_introspection_cpp
[1.768s] -- Found python_cmake_module: 0.10.0 (/opt/ros/humble/share/python_cmake_module/cmake)
[1.782s] -- Using PYTHON_EXECUTABLE: /usr/bin/python3
[1.782s] -- Using PYTHON_INCLUDE_DIRS: /usr/include/python3.10
[1.783s] -- Using PYTHON_LIBRARIES: /usr/lib/x86_64-linux-gnu/libpython3.10.so
[1.847s] -- Added test 'cppcheck' to perform static code analysis on C / C++ code
[1.847s] -- Configured cppcheck include dirs: /home/kousei/HaruRobo2024_ws/ros2_ws/src/path_following/include
[1.847s] -- Configured cppcheck exclude dirs and/or files: 
[1.847s] -- Added test 'lint_cmake' to check CMake code style
[1.848s] -- Added test 'uncrustify' to check C / C++ code style
[1.848s] -- Configured uncrustify additional arguments: 
[1.848s] -- Added test 'xmllint' to check XML markup files
[1.850s] -- Configuring done
[1.888s] -- Generating done
[1.890s] -- Build files have been written to: /home/kousei/HaruRobo2024_ws/ros2_ws/build/path_following
[1.911s] [35m[1mConsolidate compiler generated dependencies of target path_following__rosidl_generator_c[0m
[1.917s] [  3%] Built target path_following__cpp
[1.919s] [ 12%] Built target path_following__rosidl_generator_c
[1.925s] [35m[1mConsolidate compiler generated dependencies of target path_following__rosidl_typesupport_cpp[0m
[1.925s] [35m[1mConsolidate compiler generated dependencies of target path_following__rosidl_typesupport_fastrtps_cpp[0m
[1.926s] [ 12%] Built target ament_cmake_python_copy_path_following
[1.926s] [35m[1mConsolidate compiler generated dependencies of target path_following__rosidl_typesupport_introspection_cpp[0m
[1.929s] [35m[1mConsolidate compiler generated dependencies of target path_following__rosidl_typesupport_introspection_c[0m
[1.930s] [35m[1mConsolidate compiler generated dependencies of target path_following__rosidl_typesupport_fastrtps_c[0m
[1.930s] [35m[1mConsolidate compiler generated dependencies of target path_following__rosidl_typesupport_c[0m
[1.936s] [ 21%] Built target path_following__rosidl_typesupport_cpp
[1.938s] [ 30%] Built target path_following__rosidl_typesupport_introspection_cpp
[1.938s] [ 39%] Built target path_following__rosidl_typesupport_fastrtps_cpp
[1.940s] [ 48%] Built target path_following__rosidl_typesupport_introspection_c
[1.942s] [ 57%] Built target path_following__rosidl_typesupport_fastrtps_c
[1.943s] [ 66%] Built target path_following__rosidl_typesupport_c
[1.943s] [35m[1mConsolidate compiler generated dependencies of target path_following_node[0m
[1.956s] [ 69%] [32mBuilding CXX object CMakeFiles/path_following_node.dir/src/path_following_node.cpp.o[0m
[1.957s] [ 69%] Built target path_following
[1.973s] [ 72%] Built target path_following__py
[1.980s] [35m[1mConsolidate compiler generated dependencies of target path_following__rosidl_generator_py[0m
[1.997s] [ 78%] Built target path_following__rosidl_generator_py
[2.005s] [35m[1mConsolidate compiler generated dependencies of target path_following__rosidl_typesupport_fastrtps_c__pyext[0m
[2.009s] [35m[1mConsolidate compiler generated dependencies of target path_following__rosidl_typesupport_introspection_c__pyext[0m
[2.009s] [35m[1mConsolidate compiler generated dependencies of target path_following__rosidl_typesupport_c__pyext[0m
[2.014s] [ 84%] Built target path_following__rosidl_typesupport_fastrtps_c__pyext
[2.020s] [ 90%] Built target path_following__rosidl_typesupport_c__pyext
[2.022s] [ 96%] Built target path_following__rosidl_typesupport_introspection_c__pyext
[2.101s] running egg_info
[2.102s] writing path_following.egg-info/PKG-INFO
[2.103s] writing dependency_links to path_following.egg-info/dependency_links.txt
[2.103s] writing top-level names to path_following.egg-info/top_level.txt
[2.105s] reading manifest file 'path_following.egg-info/SOURCES.txt'
[2.105s] writing manifest file 'path_following.egg-info/SOURCES.txt'
[2.120s] [01m[K/home/kousei/HaruRobo2024_ws/ros2_ws/src/path_following/src/path_following_node.cpp:10:10:[m[K [01;31m[Kfatal error: [m[Kpath_following/action/Path.hpp: „Åù„ÅÆ„Çà„ÅÜ„Å™„Éï„Ç°„Ç§„É´„ÇÑ„Éá„Ç£„É¨„ÇØ„Éà„É™„ÅØ„ÅÇ„Çä„Åæ„Åõ„Çì
[2.120s]    10 | #include [01;31m[K"path_following/action/Path.hpp"[m[K
[2.120s]       |          [01;31m[K^~~~~~~~~~~~~~~~~~~~~~~~~~~~~~~~[m[K
[2.120s] compilation terminated.
[2.122s] gmake[2]: *** [CMakeFiles/path_following_node.dir/build.make:76: CMakeFiles/path_following_node.dir/src/path_following_node.cpp.o] „Ç®„É©„Éº 1
[2.122s] gmake[1]: *** [CMakeFiles/Makefile2:183: CMakeFiles/path_following_node.dir/all] „Ç®„É©„Éº 2
[2.122s] gmake[1]: *** Êú™ÂÆå‰∫Ü„ÅÆ„Ç∏„Éß„Éñ„ÇíÂæÖ„Å£„Å¶„ÅÑ„Åæ„Åô....
[2.125s] [ 96%] Built target ament_cmake_python_build_path_following_egg
[2.126s] gmake: *** [Makefile:146: all] „Ç®„É©„Éº 2
[2.128s] Invoked command in '/home/kousei/HaruRobo2024_ws/ros2_ws/build/path_following' returned '2': AMENT_PREFIX_PATH=/home/kousei/HaruRobo2024_ws/ros2_ws/install/manip:/home/kousei/HaruRobo2024_ws/ros2_ws/install/manip_msgs:${AMENT_PREFIX_PATH} CMAKE_PREFIX_PATH=/home/kousei/HaruRobo2024_ws/ros2_ws/install/manip:/home/kousei/HaruRobo2024_ws/ros2_ws/install/manip_msgs:/home/kousei/2DRoboPrac_ws/ros2_ws/install/urg_node2:/home/kousei/2DRoboPrac_ws/ros2_ws/install/omni_control:/home/kousei/2DRoboPrac_ws/ros2_ws/install/nav_real:/home/kousei/2DRoboPrac_ws/ros2_ws/install/nav_dev:/home/kousei/2DRoboPrac_ws/ros2_ws/install/key_event_nodes:/home/kousei/2DRoboPrac_ws/ros2_ws/install/key_event_msgs:/home/kousei/2DRoboPrac_ws/ros2_ws/install/drive_msgs:/opt/ros/humble LD_LIBRARY_PATH=/home/kousei/HaruRobo2024_ws/ros2_ws/install/manip/lib:/home/kousei/HaruRobo2024_ws/ros2_ws/install/manip_msgs/lib:${LD_LIBRARY_PATH} PYTHONPATH=/home/kousei/HaruRobo2024_ws/ros2_ws/install/manip/local/lib/python3.10/dist-packages:/home/kousei/HaruRobo2024_ws/ros2_ws/install/manip_msgs/local/lib/python3.10/dist-packages:${PYTHONPATH} /usr/bin/cmake --build /home/kousei/HaruRobo2024_ws/ros2_ws/build/path_following -- -j16 -l16
