[0.085s] Invoking command in '/home/kousei/HaruRobo2024_ws/ros2_ws/build/manip': CMAKE_PREFIX_PATH=/home/kousei/HaruRobo2024_ws/ros2_ws/install/manip_msgs:/home/kousei/HaruRobo2024_ws/ros2_ws/install/urg_node2:/home/kousei/HaruRobo2024_ws/ros2_ws/install/path_following:/home/kousei/HaruRobo2024_ws/ros2_ws/install/omni_control:/home/kousei/HaruRobo2024_ws/ros2_ws/install/bt:/home/kousei/HaruRobo2024_ws/ros2_ws/install/manip:/home/kousei/HaruRobo2024_ws/ros2_ws/install/key_event_nodes:/home/kousei/HaruRobo2024_ws/ros2_ws/install/key_event_msgs:/home/kousei/HaruRobo2024_ws/ros2_ws/install/drive_msgs:/home/kousei/2DRoboPrac_ws/ros2_ws/install/urg_node2:/home/kousei/2DRoboPrac_ws/ros2_ws/install/omni_control:/home/kousei/2DRoboPrac_ws/ros2_ws/install/nav_real:/home/kousei/2DRoboPrac_ws/ros2_ws/install/nav_dev:/home/kousei/2DRoboPrac_ws/ros2_ws/install/key_event_nodes:/home/kousei/2DRoboPrac_ws/ros2_ws/install/key_event_msgs:/home/kousei/2DRoboPrac_ws/ros2_ws/install/drive_msgs:/opt/ros/humble LD_LIBRARY_PATH=/home/kousei/HaruRobo2024_ws/ros2_ws/install/manip_msgs/lib:/home/kousei/HaruRobo2024_ws/ros2_ws/install/urg_node2/lib:/home/kousei/HaruRobo2024_ws/ros2_ws/install/path_following/lib:/home/kousei/HaruRobo2024_ws/ros2_ws/install/manip/lib:/home/kousei/HaruRobo2024_ws/ros2_ws/install/key_event_nodes/lib:/home/kousei/HaruRobo2024_ws/ros2_ws/install/key_event_msgs/lib:/home/kousei/HaruRobo2024_ws/ros2_ws/install/drive_msgs/lib:/usr/local/lib:/usr/local/lib:/home/kousei/2DRoboPrac_ws/ros2_ws/install/urg_node2/lib:/home/kousei/2DRoboPrac_ws/ros2_ws/install/key_event_nodes/lib:/home/kousei/2DRoboPrac_ws/ros2_ws/install/key_event_msgs/lib:/home/kousei/2DRoboPrac_ws/ros2_ws/install/drive_msgs/lib:/usr/lib/x86_64-linux-gnu/gazebo-11/plugins:/opt/ros/humble/opt/rviz_ogre_vendor/lib:/opt/ros/humble/lib/x86_64-linux-gnu:/opt/ros/humble/lib /usr/bin/cmake --build /home/kousei/HaruRobo2024_ws/ros2_ws/build/manip -- -j16 -l16
[0.132s] [  8%] Built target manip__rosidl_generator_c
[0.133s] [ 11%] Built target manip__cpp
[0.215s] [ 11%] Built target ament_cmake_python_copy_manip
[0.257s] [ 20%] Built target manip__rosidl_typesupport_introspection_c
[0.267s] [ 31%] Built target manip__rosidl_typesupport_c
[0.268s] [ 37%] Built target manip__rosidl_typesupport_fastrtps_c
[0.270s] [ 54%] Built target manip__rosidl_typesupport_cpp
[0.271s] [ 54%] Built target manip__rosidl_typesupport_fastrtps_cpp
[0.279s] [ 62%] Built target manip__rosidl_typesupport_introspection_cpp
[0.354s] [35m[1mConsolidate compiler generated dependencies of target manip_control_node[0m
[0.376s] [35m[1mConsolidate compiler generated dependencies of target manip_joy_node[0m
[0.440s] [ 62%] Built target manip
[0.505s] [ 65%] [32mBuilding CXX object CMakeFiles/manip_control_node.dir/src/manip_control_node.cpp.o[0m
[0.512s] [ 68%] [32mBuilding CXX object CMakeFiles/manip_joy_node.dir/src/manip_joy_node.cpp.o[0m
[0.581s] [ 71%] Built target manip__py
[0.721s] [ 77%] Built target manip__rosidl_generator_py
[0.899s] [ 85%] Built target manip__rosidl_typesupport_fastrtps_c__pyext
[0.904s] [ 88%] Built target manip__rosidl_typesupport_c__pyext
[0.906s] [ 94%] Built target manip__rosidl_typesupport_introspection_c__pyext
[1.458s] running egg_info
[1.458s] writing manip.egg-info/PKG-INFO
[1.458s] writing dependency_links to manip.egg-info/dependency_links.txt
[1.458s] writing top-level names to manip.egg-info/top_level.txt
[1.460s] reading manifest file 'manip.egg-info/SOURCES.txt'
[1.461s] writing manifest file 'manip.egg-info/SOURCES.txt'
[1.489s] [ 94%] Built target ament_cmake_python_build_manip_egg
[2.927s] [01m[K/home/kousei/HaruRobo2024_ws/ros2_ws/src/manip/src/manip_control_node.cpp:[m[K In member function ‚Äò[01m[Kvoid ManipControlNode::initialize_state()[m[K‚Äô:
[2.927s] [01m[K/home/kousei/HaruRobo2024_ws/ros2_ws/src/manip/src/manip_control_node.cpp:24:13:[m[K [01;31m[Kerror: [m[K‚Äò[01m[Kusing State_Goal = struct manip::action::State_Goal_<std::allocator<void> >[m[K‚Äô {aka ‚Äò[01m[Kstruct manip::action::State_Goal_<std::allocator<void> >[m[K‚Äô} has no member named ‚Äò[01m[Kwork1[m[K‚Äô; did you mean ‚Äò[01m[Kwork[m[K‚Äô?
[2.927s]    24 |       state.[01;31m[Kwork1[m[K = {0,0,0};
[2.927s]       |             [01;31m[K^~~~~[m[K
[2.927s]       |             [32m[Kwork[m[K
[2.929s] [01m[K/home/kousei/HaruRobo2024_ws/ros2_ws/src/manip/src/manip_control_node.cpp:[m[K In lambda function:
[2.929s] [01m[K/home/kousei/HaruRobo2024_ws/ros2_ws/src/manip/src/manip_control_node.cpp:47:69:[m[K [01;35m[Kwarning: [m[Kunused parameter ‚Äò[01m[Kmsg[m[K‚Äô [[01;35m[K]8;;https://gcc.gnu.org/onlinedocs/gcc/Warning-Options.html#index-Wunused-parameter-Wunused-parameter]8;;[m[K]
[2.929s]    47 |         auto topic_callback = [this]([01;35m[Kconst manip_msgs::msg::Result &msg[m[K) -> void {
[2.929s]       |                                      [01;35m[K~~~~~~~~~~~~~~~~~~~~~~~~~~~~~~~^~~[m[K
[2.950s] [01m[K/home/kousei/HaruRobo2024_ws/ros2_ws/src/manip/src/manip_control_node.cpp:[m[K In member function ‚Äò[01m[Krclcpp_action::GoalResponse ManipControlNode::handle_goal(const GoalUUID&, std::shared_ptr<const manip::action::State_Goal_<std::allocator<void> > >)[m[K‚Äô:
[2.950s] [01m[K/home/kousei/HaruRobo2024_ws/ros2_ws/src/manip/src/manip_control_node.cpp:71:40:[m[K [01;35m[Kwarning: [m[Kunused parameter ‚Äò[01m[Kgoal[m[K‚Äô [[01;35m[K]8;;https://gcc.gnu.org/onlinedocs/gcc/Warning-Options.html#index-Wunused-parameter-Wunused-parameter]8;;[m[K]
[2.950s]    71 |     [01;35m[Kstd::shared_ptr<const State::Goal> goal[m[K)
[2.951s]       |     [01;35m[K~~~~~~~~~~~~~~~~~~~~~~~~~~~~~~~~~~~^~~~[m[K
[2.957s] [01m[K/home/kousei/HaruRobo2024_ws/ros2_ws/src/manip/src/manip_control_node.cpp:[m[K In member function ‚Äò[01m[Kvoid ManipControlNode::make_cmd(std::shared_ptr<rclcpp_action::ServerGoalHandle<manip::action::State> >)[m[K‚Äô:
[2.957s] [01m[K/home/kousei/HaruRobo2024_ws/ros2_ws/src/manip/src/manip_control_node.cpp:133:35:[m[K [01;31m[Kerror: [m[K‚Äò[01m[Kusing element_type = const struct manip::action::State_Goal_<std::allocator<void> >[m[K‚Äô {aka ‚Äò[01m[Kconst struct manip::action::State_Goal_<std::allocator<void> >[m[K‚Äô} has no member named ‚Äò[01m[Kwork1[m[K‚Äô; did you mean ‚Äò[01m[Kwork[m[K‚Äô?
[2.957s]   133 |       cmd.work_arm_deploy = goal->[01;31m[Kwork1[m[K[0];
[2.958s]       |                                   [01;31m[K^~~~~[m[K
[2.958s]       |                                   [32m[Kwork[m[K
[2.958s] [01m[K/home/kousei/HaruRobo2024_ws/ros2_ws/src/manip/src/manip_control_node.cpp:136:28:[m[K [01;31m[Kerror: [m[K‚Äò[01m[Kusing element_type = const struct manip::action::State_Goal_<std::allocator<void> >[m[K‚Äô {aka ‚Äò[01m[Kconst struct manip::action::State_Goal_<std::allocator<void> >[m[K‚Äô} has no member named ‚Äò[01m[Kwork1[m[K‚Äô; did you mean ‚Äò[01m[Kwork[m[K‚Äô?
[2.958s]   136 |       cmd.work_arm = goal->[01;31m[Kwork1[m[K[1];
[2.958s]       |                            [01;31m[K^~~~~[m[K
[2.958s]       |                            [32m[Kwork[m[K
[4.787s] gmake[2]: *** [CMakeFiles/manip_control_node.dir/build.make:76: CMakeFiles/manip_control_node.dir/src/manip_control_node.cpp.o] „Ç®„É©„Éº 1
[4.788s] gmake[1]: *** [CMakeFiles/Makefile2:212: CMakeFiles/manip_control_node.dir/all] „Ç®„É©„Éº 2
[4.788s] gmake[1]: *** Êú™ÂÆå‰∫Ü„ÅÆ„Ç∏„Éß„Éñ„ÇíÂæÖ„Å£„Å¶„ÅÑ„Åæ„Åô....
[7.068s] [ 97%] [32m[1mLinking CXX executable manip_joy_node[0m
[7.370s] [ 97%] Built target manip_joy_node
[7.371s] gmake: *** [Makefile:146: all] „Ç®„É©„Éº 2
[7.373s] Invoked command in '/home/kousei/HaruRobo2024_ws/ros2_ws/build/manip' returned '2': CMAKE_PREFIX_PATH=/home/kousei/HaruRobo2024_ws/ros2_ws/install/manip_msgs:/home/kousei/HaruRobo2024_ws/ros2_ws/install/urg_node2:/home/kousei/HaruRobo2024_ws/ros2_ws/install/path_following:/home/kousei/HaruRobo2024_ws/ros2_ws/install/omni_control:/home/kousei/HaruRobo2024_ws/ros2_ws/install/bt:/home/kousei/HaruRobo2024_ws/ros2_ws/install/manip:/home/kousei/HaruRobo2024_ws/ros2_ws/install/key_event_nodes:/home/kousei/HaruRobo2024_ws/ros2_ws/install/key_event_msgs:/home/kousei/HaruRobo2024_ws/ros2_ws/install/drive_msgs:/home/kousei/2DRoboPrac_ws/ros2_ws/install/urg_node2:/home/kousei/2DRoboPrac_ws/ros2_ws/install/omni_control:/home/kousei/2DRoboPrac_ws/ros2_ws/install/nav_real:/home/kousei/2DRoboPrac_ws/ros2_ws/install/nav_dev:/home/kousei/2DRoboPrac_ws/ros2_ws/install/key_event_nodes:/home/kousei/2DRoboPrac_ws/ros2_ws/install/key_event_msgs:/home/kousei/2DRoboPrac_ws/ros2_ws/install/drive_msgs:/opt/ros/humble LD_LIBRARY_PATH=/home/kousei/HaruRobo2024_ws/ros2_ws/install/manip_msgs/lib:/home/kousei/HaruRobo2024_ws/ros2_ws/install/urg_node2/lib:/home/kousei/HaruRobo2024_ws/ros2_ws/install/path_following/lib:/home/kousei/HaruRobo2024_ws/ros2_ws/install/manip/lib:/home/kousei/HaruRobo2024_ws/ros2_ws/install/key_event_nodes/lib:/home/kousei/HaruRobo2024_ws/ros2_ws/install/key_event_msgs/lib:/home/kousei/HaruRobo2024_ws/ros2_ws/install/drive_msgs/lib:/usr/local/lib:/usr/local/lib:/home/kousei/2DRoboPrac_ws/ros2_ws/install/urg_node2/lib:/home/kousei/2DRoboPrac_ws/ros2_ws/install/key_event_nodes/lib:/home/kousei/2DRoboPrac_ws/ros2_ws/install/key_event_msgs/lib:/home/kousei/2DRoboPrac_ws/ros2_ws/install/drive_msgs/lib:/usr/lib/x86_64-linux-gnu/gazebo-11/plugins:/opt/ros/humble/opt/rviz_ogre_vendor/lib:/opt/ros/humble/lib/x86_64-linux-gnu:/opt/ros/humble/lib /usr/bin/cmake --build /home/kousei/HaruRobo2024_ws/ros2_ws/build/manip -- -j16 -l16
