[0.093s] Invoking command in '/home/kousei/HaruRobo2024_ws/ros2_ws/build/bt': CMAKE_PREFIX_PATH=/home/kousei/HaruRobo2024_ws/ros2_ws/install/manip:/home/kousei/HaruRobo2024_ws/ros2_ws/install/manip_msgs:/home/kousei/HaruRobo2024_ws/ros2_ws/install/urg_node2:/home/kousei/HaruRobo2024_ws/ros2_ws/install/path_following:/home/kousei/HaruRobo2024_ws/ros2_ws/install/omni_control:/home/kousei/HaruRobo2024_ws/ros2_ws/install/bt:/home/kousei/HaruRobo2024_ws/ros2_ws/install/key_event_nodes:/home/kousei/HaruRobo2024_ws/ros2_ws/install/key_event_msgs:/home/kousei/HaruRobo2024_ws/ros2_ws/install/drive_msgs:/home/kousei/2DRoboPrac_ws/ros2_ws/install/urg_node2:/home/kousei/2DRoboPrac_ws/ros2_ws/install/omni_control:/home/kousei/2DRoboPrac_ws/ros2_ws/install/nav_real:/home/kousei/2DRoboPrac_ws/ros2_ws/install/nav_dev:/home/kousei/2DRoboPrac_ws/ros2_ws/install/key_event_nodes:/home/kousei/2DRoboPrac_ws/ros2_ws/install/key_event_msgs:/home/kousei/2DRoboPrac_ws/ros2_ws/install/drive_msgs:/opt/ros/humble LD_LIBRARY_PATH=/home/kousei/HaruRobo2024_ws/ros2_ws/install/manip/lib:/home/kousei/HaruRobo2024_ws/ros2_ws/install/manip_msgs/lib:/home/kousei/HaruRobo2024_ws/ros2_ws/install/urg_node2/lib:/home/kousei/HaruRobo2024_ws/ros2_ws/install/path_following/lib:/home/kousei/HaruRobo2024_ws/ros2_ws/install/key_event_nodes/lib:/home/kousei/HaruRobo2024_ws/ros2_ws/install/key_event_msgs/lib:/home/kousei/HaruRobo2024_ws/ros2_ws/install/drive_msgs/lib:/usr/local/lib:/usr/local/lib:/home/kousei/2DRoboPrac_ws/ros2_ws/install/urg_node2/lib:/home/kousei/2DRoboPrac_ws/ros2_ws/install/key_event_nodes/lib:/home/kousei/2DRoboPrac_ws/ros2_ws/install/key_event_msgs/lib:/home/kousei/2DRoboPrac_ws/ros2_ws/install/drive_msgs/lib:/usr/lib/x86_64-linux-gnu/gazebo-11/plugins:/opt/ros/humble/opt/rviz_ogre_vendor/lib:/opt/ros/humble/lib/x86_64-linux-gnu:/opt/ros/humble/lib /usr/bin/cmake --build /home/kousei/HaruRobo2024_ws/ros2_ws/build/bt -- -j16 -l16
[0.138s] [ 50%] [32mBuilding CXX object CMakeFiles/bt_node.dir/src/bt_node.cpp.o[0m
[4.251s] In file included from [01m[K/home/kousei/HaruRobo2024_ws/ros2_ws/src/bt/src/../include/action_node.hpp:5[m[K,
[4.252s]                  from [01m[K/home/kousei/HaruRobo2024_ws/ros2_ws/src/bt/src/bt_node.cpp:1[m[K:
[4.252s] [01m[K/home/kousei/HaruRobo2024_ws/ros2_ws/src/bt/src/../include/catch_node.hpp:[m[K In member function â€˜[01m[Kvoid CatchNode::oder_goal()[m[Kâ€™:
[4.252s] [01m[K/home/kousei/HaruRobo2024_ws/ros2_ws/src/bt/src/../include/catch_node.hpp:48:34:[m[K [01;31m[Kerror: [m[Kâ€˜[01m[Kstruct manip::action::State_Goal_<std::allocator<void> >[m[Kâ€™ has no member named â€˜[01m[Kwork1[m[Kâ€™; did you mean â€˜[01m[Kwork[m[Kâ€™?
[4.252s]    48 |                         goal_msg.[01;31m[Kwork1[m[K = {1,0,1};
[4.252s]       |                                  [01;31m[K^~~~~[m[K
[4.252s]       |                                  [32m[Kwork[m[K
[4.252s] [01m[K/home/kousei/HaruRobo2024_ws/ros2_ws/src/bt/src/../include/catch_node.hpp:56:34:[m[K [01;31m[Kerror: [m[Kâ€˜[01m[Kstruct manip::action::State_Goal_<std::allocator<void> >[m[Kâ€™ has no member named â€˜[01m[Kwork1[m[Kâ€™; did you mean â€˜[01m[Kwork[m[Kâ€™?
[4.252s]    56 |                         goal_msg.[01;31m[Kwork1[m[K = {1,1,1};
[4.252s]       |                                  [01;31m[K^~~~~[m[K
[4.252s]       |                                  [32m[Kwork[m[K
[4.253s] [01m[K/home/kousei/HaruRobo2024_ws/ros2_ws/src/bt/src/../include/catch_node.hpp:63:34:[m[K [01;31m[Kerror: [m[Kâ€˜[01m[Kstruct manip::action::State_Goal_<std::allocator<void> >[m[Kâ€™ has no member named â€˜[01m[Kwork1[m[Kâ€™; did you mean â€˜[01m[Kwork[m[Kâ€™?
[4.253s]    63 |                         goal_msg.[01;31m[Kwork1[m[K = {1,0,0};
[4.253s]       |                                  [01;31m[K^~~~~[m[K
[4.253s]       |                                  [32m[Kwork[m[K
[4.253s] [01m[K/home/kousei/HaruRobo2024_ws/ros2_ws/src/bt/src/../include/catch_node.hpp:70:34:[m[K [01;31m[Kerror: [m[Kâ€˜[01m[Kstruct manip::action::State_Goal_<std::allocator<void> >[m[Kâ€™ has no member named â€˜[01m[Kwork1[m[Kâ€™; did you mean â€˜[01m[Kwork[m[Kâ€™?
[4.253s]    70 |                         goal_msg.[01;31m[Kwork1[m[K = {1,0,0};
[4.253s]       |                                  [01;31m[K^~~~~[m[K
[4.253s]       |                                  [32m[Kwork[m[K
[4.296s] [01m[K/home/kousei/HaruRobo2024_ws/ros2_ws/src/bt/src/bt_node.cpp:[m[K In function â€˜[01m[Kint main(int, char**)[m[Kâ€™:
[4.296s] [01m[K/home/kousei/HaruRobo2024_ws/ros2_ws/src/bt/src/bt_node.cpp:8:14:[m[K [01;35m[Kwarning: [m[Kunused parameter â€˜[01m[Kargc[m[Kâ€™ [[01;35m[K]8;;https://gcc.gnu.org/onlinedocs/gcc/Warning-Options.html#index-Wunused-parameter-Wunused-parameter]8;;[m[K]
[4.296s]     8 | int main([01;35m[Kint argc[m[K, char* argv[]){
[4.296s]       |          [01;35m[K~~~~^~~~[m[K
[4.296s] [01m[K/home/kousei/HaruRobo2024_ws/ros2_ws/src/bt/src/bt_node.cpp:8:26:[m[K [01;35m[Kwarning: [m[Kunused parameter â€˜[01m[Kargv[m[Kâ€™ [[01;35m[K]8;;https://gcc.gnu.org/onlinedocs/gcc/Warning-Options.html#index-Wunused-parameter-Wunused-parameter]8;;[m[K]
[4.296s]     8 | int main(int argc, [01;35m[Kchar* argv[][m[K){
[4.296s]       |                    [01;35m[K~~~~~~^~~~~~[m[K
[5.450s] gmake[2]: *** [CMakeFiles/bt_node.dir/build.make:76: CMakeFiles/bt_node.dir/src/bt_node.cpp.o] ã‚¨ãƒ©ãƒ¼ 1
[5.450s] gmake[1]: *** [CMakeFiles/Makefile2:137: CMakeFiles/bt_node.dir/all] ã‚¨ãƒ©ãƒ¼ 2
[5.450s] gmake: *** [Makefile:146: all] ã‚¨ãƒ©ãƒ¼ 2
[5.452s] Invoked command in '/home/kousei/HaruRobo2024_ws/ros2_ws/build/bt' returned '2': CMAKE_PREFIX_PATH=/home/kousei/HaruRobo2024_ws/ros2_ws/install/manip:/home/kousei/HaruRobo2024_ws/ros2_ws/install/manip_msgs:/home/kousei/HaruRobo2024_ws/ros2_ws/install/urg_node2:/home/kousei/HaruRobo2024_ws/ros2_ws/install/path_following:/home/kousei/HaruRobo2024_ws/ros2_ws/install/omni_control:/home/kousei/HaruRobo2024_ws/ros2_ws/install/bt:/home/kousei/HaruRobo2024_ws/ros2_ws/install/key_event_nodes:/home/kousei/HaruRobo2024_ws/ros2_ws/install/key_event_msgs:/home/kousei/HaruRobo2024_ws/ros2_ws/install/drive_msgs:/home/kousei/2DRoboPrac_ws/ros2_ws/install/urg_node2:/home/kousei/2DRoboPrac_ws/ros2_ws/install/omni_control:/home/kousei/2DRoboPrac_ws/ros2_ws/install/nav_real:/home/kousei/2DRoboPrac_ws/ros2_ws/install/nav_dev:/home/kousei/2DRoboPrac_ws/ros2_ws/install/key_event_nodes:/home/kousei/2DRoboPrac_ws/ros2_ws/install/key_event_msgs:/home/kousei/2DRoboPrac_ws/ros2_ws/install/drive_msgs:/opt/ros/humble LD_LIBRARY_PATH=/home/kousei/HaruRobo2024_ws/ros2_ws/install/manip/lib:/home/kousei/HaruRobo2024_ws/ros2_ws/install/manip_msgs/lib:/home/kousei/HaruRobo2024_ws/ros2_ws/install/urg_node2/lib:/home/kousei/HaruRobo2024_ws/ros2_ws/install/path_following/lib:/home/kousei/HaruRobo2024_ws/ros2_ws/install/key_event_nodes/lib:/home/kousei/HaruRobo2024_ws/ros2_ws/install/key_event_msgs/lib:/home/kousei/HaruRobo2024_ws/ros2_ws/install/drive_msgs/lib:/usr/local/lib:/usr/local/lib:/home/kousei/2DRoboPrac_ws/ros2_ws/install/urg_node2/lib:/home/kousei/2DRoboPrac_ws/ros2_ws/install/key_event_nodes/lib:/home/kousei/2DRoboPrac_ws/ros2_ws/install/key_event_msgs/lib:/home/kousei/2DRoboPrac_ws/ros2_ws/install/drive_msgs/lib:/usr/lib/x86_64-linux-gnu/gazebo-11/plugins:/opt/ros/humble/opt/rviz_ogre_vendor/lib:/opt/ros/humble/lib/x86_64-linux-gnu:/opt/ros/humble/lib /usr/bin/cmake --build /home/kousei/HaruRobo2024_ws/ros2_ws/build/bt -- -j16 -l16
