[35m[1mConsolidate compiler generated dependencies of target path_following__rosidl_generator_c[0m
[  3%] Built target path_following__cpp
[ 12%] Built target path_following__rosidl_generator_c
[35m[1mConsolidate compiler generated dependencies of target path_following__rosidl_typesupport_cpp[0m
[35m[1mConsolidate compiler generated dependencies of target path_following__rosidl_typesupport_introspection_c[0m
[35m[1mConsolidate compiler generated dependencies of target path_following__rosidl_typesupport_fastrtps_c[0m
[35m[1mConsolidate compiler generated dependencies of target path_following__rosidl_typesupport_fastrtps_cpp[0m
[35m[1mConsolidate compiler generated dependencies of target path_following__rosidl_typesupport_introspection_cpp[0m
[35m[1mConsolidate compiler generated dependencies of target path_following__rosidl_typesupport_c[0m
[ 12%] Built target ament_cmake_python_copy_path_following
[ 21%] Built target path_following__rosidl_typesupport_introspection_c
[ 30%] Built target path_following__rosidl_typesupport_fastrtps_c
[ 42%] Built target path_following__rosidl_typesupport_cpp
[ 48%] Built target path_following__rosidl_typesupport_c
[ 57%] Built target path_following__rosidl_typesupport_introspection_cpp
[ 66%] Built target path_following__rosidl_typesupport_fastrtps_cpp
[ 66%] Built target path_following
[ 69%] [32mBuilding CXX object CMakeFiles/path_following_node.dir/src/path_following_node.cpp.o[0m
[ 72%] [34m[1mGenerating Python code for ROS interfaces[0m
running egg_info
writing path_following.egg-info/PKG-INFO
writing dependency_links to path_following.egg-info/dependency_links.txt
writing top-level names to path_following.egg-info/top_level.txt
reading manifest file 'path_following.egg-info/SOURCES.txt'
writing manifest file 'path_following.egg-info/SOURCES.txt'
[ 72%] Built target ament_cmake_python_build_path_following_egg
[01m[K/home/kousei/HaruRobo2024_ws/ros2_ws/src/path_following/src/path_following_node.cpp:10:10:[m[K [01;31m[Kfatal error: [m[Kpath_following/action/Path.hpp: „Åù„ÅÆ„Çà„ÅÜ„Å™„Éï„Ç°„Ç§„É´„ÇÑ„Éá„Ç£„É¨„ÇØ„Éà„É™„ÅØ„ÅÇ„Çä„Åæ„Åõ„Çì
   10 | #include [01;31m[K"path_following/action/Path.hpp"[m[K
      |          [01;31m[K^~~~~~~~~~~~~~~~~~~~~~~~~~~~~~~~[m[K
compilation terminated.
gmake[2]: *** [CMakeFiles/path_following_node.dir/build.make:76: CMakeFiles/path_following_node.dir/src/path_following_node.cpp.o] „Ç®„É©„Éº 1
gmake[1]: *** [CMakeFiles/Makefile2:183: CMakeFiles/path_following_node.dir/all] „Ç®„É©„Éº 2
gmake[1]: *** Êú™ÂÆå‰∫Ü„ÅÆ„Ç∏„Éß„Éñ„ÇíÂæÖ„Å£„Å¶„ÅÑ„Åæ„Åô....
[ 72%] Built target path_following__py
gmake: *** [Makefile:146: all] „Ç®„É©„Éº 2
