[0.087s] Invoking command in '/home/kousei/HaruRobo2024_ws/ros2_ws/build/manip': CMAKE_PREFIX_PATH=${CMAKE_PREFIX_PATH}:/opt/ros/humble /usr/bin/cmake --build /home/kousei/HaruRobo2024_ws/ros2_ws/build/manip -- -j16 -l16
[0.104s] -- Found ament_cmake_auto: 1.3.6 (/opt/ros/humble/share/ament_cmake_auto/cmake)
[0.315s] -- Found rosidl_generator_c: 3.1.5 (/opt/ros/humble/share/rosidl_generator_c/cmake)
[0.317s] -- Found rosidl_adapter: 3.1.5 (/opt/ros/humble/share/rosidl_adapter/cmake)
[0.321s] -- Found rosidl_generator_cpp: 3.1.5 (/opt/ros/humble/share/rosidl_generator_cpp/cmake)
[0.330s] -- Using all available rosidl_typesupport_c: rosidl_typesupport_fastrtps_c;rosidl_typesupport_introspection_c
[0.340s] -- Using all available rosidl_typesupport_cpp: rosidl_typesupport_fastrtps_cpp;rosidl_typesupport_introspection_cpp
[0.378s] -- Found rmw_implementation_cmake: 6.1.1 (/opt/ros/humble/share/rmw_implementation_cmake/cmake)
[0.379s] -- Found rmw_fastrtps_cpp: 6.2.5 (/opt/ros/humble/share/rmw_fastrtps_cpp/cmake)
[0.471s] -- Using RMW implementation 'rmw_fastrtps_cpp' as default
[0.939s] -- Found ament_lint_auto: 0.12.9 (/opt/ros/humble/share/ament_lint_auto/cmake)
[1.122s] -- Found ament_cmake_ros: 0.10.0 (/opt/ros/humble/share/ament_cmake_ros/cmake)
[1.427s] -- Using all available rosidl_typesupport_c: rosidl_typesupport_fastrtps_c;rosidl_typesupport_introspection_c
[1.548s] -- Using all available rosidl_typesupport_cpp: rosidl_typesupport_fastrtps_cpp;rosidl_typesupport_introspection_cpp
[1.563s] -- Found python_cmake_module: 0.10.0 (/opt/ros/humble/share/python_cmake_module/cmake)
[1.577s] -- Using PYTHON_EXECUTABLE: /usr/bin/python3
[1.577s] -- Using PYTHON_INCLUDE_DIRS: /usr/include/python3.10
[1.577s] -- Using PYTHON_LIBRARIES: /usr/lib/x86_64-linux-gnu/libpython3.10.so
[1.627s] -- Added test 'cppcheck' to perform static code analysis on C / C++ code
[1.628s] -- Configured cppcheck include dirs: /home/kousei/HaruRobo2024_ws/ros2_ws/src/manip/include
[1.628s] -- Configured cppcheck exclude dirs and/or files: 
[1.628s] -- Added test 'lint_cmake' to check CMake code style
[1.629s] -- Added test 'uncrustify' to check C / C++ code style
[1.629s] -- Configured uncrustify additional arguments: 
[1.629s] -- Added test 'xmllint' to check XML markup files
[1.631s] -- Configuring done
[1.665s] -- Generating done
[1.667s] -- Build files have been written to: /home/kousei/HaruRobo2024_ws/ros2_ws/build/manip
[1.687s] [35m[1mConsolidate compiler generated dependencies of target manip__rosidl_generator_c[0m
[1.694s] [  1%] Built target manip__cpp
[1.695s] [ 11%] Built target manip__rosidl_generator_c
[1.699s] [ 11%] Built target ament_cmake_python_copy_manip
[1.701s] [35m[1mConsolidate compiler generated dependencies of target manip__rosidl_typesupport_cpp[0m
[1.702s] [35m[1mConsolidate compiler generated dependencies of target manip__rosidl_typesupport_fastrtps_cpp[0m
[1.703s] [35m[1mConsolidate compiler generated dependencies of target manip__rosidl_typesupport_fastrtps_c[0m
[1.705s] [35m[1mConsolidate compiler generated dependencies of target manip__rosidl_typesupport_introspection_cpp[0m
[1.705s] [35m[1mConsolidate compiler generated dependencies of target manip__rosidl_typesupport_introspection_c[0m
[1.706s] [35m[1mConsolidate compiler generated dependencies of target manip__rosidl_typesupport_c[0m
[1.712s] [ 21%] Built target manip__rosidl_typesupport_cpp
[1.712s] [ 31%] Built target manip__rosidl_typesupport_fastrtps_cpp
[1.715s] [ 41%] Built target manip__rosidl_typesupport_c
[1.716s] [ 50%] Built target manip__rosidl_typesupport_fastrtps_c
[1.717s] [ 60%] Built target manip__rosidl_typesupport_introspection_cpp
[1.717s] [ 70%] Built target manip__rosidl_typesupport_introspection_c
[1.719s] [35m[1mConsolidate compiler generated dependencies of target manip_joy_node[0m
[1.721s] [35m[1mConsolidate compiler generated dependencies of target manip_control_node[0m
[1.732s] [ 70%] Built target manip
[1.732s] [ 72%] [32mBuilding CXX object CMakeFiles/manip_joy_node.dir/src/manip_joy_node.cpp.o[0m
[1.733s] [ 74%] [32mBuilding CXX object CMakeFiles/manip_control_node.dir/src/manip_control_node.cpp.o[0m
[1.748s] [ 76%] Built target manip__py
[1.756s] [35m[1mConsolidate compiler generated dependencies of target manip__rosidl_generator_py[0m
[1.766s] [ 78%] [32mBuilding C object CMakeFiles/manip__rosidl_generator_py.dir/rosidl_generator_py/manip/action/_state_s.c.o[0m
[1.768s] [ 82%] [32mBuilding C object CMakeFiles/manip__rosidl_generator_py.dir/rosidl_generator_py/manip/msg/_cmd_s.c.o[0m
[1.768s] [ 82%] [32mBuilding C object CMakeFiles/manip__rosidl_generator_py.dir/rosidl_generator_py/manip/msg/_result_s.c.o[0m
[1.851s] running egg_info
[1.851s] writing manip.egg-info/PKG-INFO
[1.851s] writing dependency_links to manip.egg-info/dependency_links.txt
[1.852s] writing top-level names to manip.egg-info/top_level.txt
[1.853s] reading manifest file 'manip.egg-info/SOURCES.txt'
[1.854s] writing manifest file 'manip.egg-info/SOURCES.txt'
[1.874s] [ 82%] Built target ament_cmake_python_build_manip_egg
[1.878s] [01m[K/home/kousei/HaruRobo2024_ws/ros2_ws/src/manip/src/manip_joy_node.cpp:9:10:[m[K [01;31m[Kfatal error: [m[Krclcpp_components/register_node_macro.hpp: „Åù„ÅÆ„Çà„ÅÜ„Å™„Éï„Ç°„Ç§„É´„ÇÑ„Éá„Ç£„É¨„ÇØ„Éà„É™„ÅØ„ÅÇ„Çä„Åæ„Åõ„Çì
[1.878s]     9 | #include [01;31m[K"rclcpp_components/register_node_macro.hpp"[m[K
[1.878s]       |          [01;31m[K^~~~~~~~~~~~~~~~~~~~~~~~~~~~~~~~~~~~~~~~~~~[m[K
[1.878s] compilation terminated.
[1.880s] gmake[2]: *** [CMakeFiles/manip_joy_node.dir/build.make:76: CMakeFiles/manip_joy_node.dir/src/manip_joy_node.cpp.o] „Ç®„É©„Éº 1
[1.880s] gmake[1]: *** [CMakeFiles/Makefile2:185: CMakeFiles/manip_joy_node.dir/all] „Ç®„É©„Éº 2
[1.880s] gmake[1]: *** Êú™ÂÆå‰∫Ü„ÅÆ„Ç∏„Éß„Éñ„ÇíÂæÖ„Å£„Å¶„ÅÑ„Åæ„Åô....
[1.882s] [01m[K/home/kousei/HaruRobo2024_ws/ros2_ws/src/manip/src/manip_control_node.cpp:9:10:[m[K [01;31m[Kfatal error: [m[Krclcpp_components/register_node_macro.hpp: „Åù„ÅÆ„Çà„ÅÜ„Å™„Éï„Ç°„Ç§„É´„ÇÑ„Éá„Ç£„É¨„ÇØ„Éà„É™„ÅØ„ÅÇ„Çä„Åæ„Åõ„Çì
[1.882s]     9 | #include [01;31m[K"rclcpp_components/register_node_macro.hpp"[m[K
[1.882s]       |          [01;31m[K^~~~~~~~~~~~~~~~~~~~~~~~~~~~~~~~~~~~~~~~~~~[m[K
[1.882s] compilation terminated.
[1.884s] gmake[2]: *** [CMakeFiles/manip_control_node.dir/build.make:76: CMakeFiles/manip_control_node.dir/src/manip_control_node.cpp.o] „Ç®„É©„Éº 1
[1.884s] gmake[1]: *** [CMakeFiles/Makefile2:212: CMakeFiles/manip_control_node.dir/all] „Ç®„É©„Éº 2
[1.895s] [ 84%] [32m[1mLinking C shared library rosidl_generator_py/manip/libmanip__rosidl_generator_py.so[0m
[1.926s] [ 84%] Built target manip__rosidl_generator_py
[1.927s] gmake: *** [Makefile:146: all] „Ç®„É©„Éº 2
[1.929s] Invoked command in '/home/kousei/HaruRobo2024_ws/ros2_ws/build/manip' returned '2': CMAKE_PREFIX_PATH=${CMAKE_PREFIX_PATH}:/opt/ros/humble /usr/bin/cmake --build /home/kousei/HaruRobo2024_ws/ros2_ws/build/manip -- -j16 -l16
