[01m[K/home/kousei/HaruRobo2024_ws/ros2_ws/src/path_following/src/path_following_node.cpp:10:10:[m[K [01;31m[Kfatal error: [m[Kpath_following/action/Path.hpp: そのようなファイルやディレクトリはありません
   10 | #include [01;31m[K"path_following/action/Path.hpp"[m[K
      |          [01;31m[K^~~~~~~~~~~~~~~~~~~~~~~~~~~~~~~~[m[K
compilation terminated.
gmake[2]: *** [CMakeFiles/path_following_node.dir/build.make:76: CMakeFiles/path_following_node.dir/src/path_following_node.cpp.o] エラー 1
gmake[1]: *** [CMakeFiles/Makefile2:183: CMakeFiles/path_following_node.dir/all] エラー 2
gmake[1]: *** 未完了のジョブを待っています....
gmake: *** [Makefile:146: all] エラー 2
