[0.039s] Invoking command in '/home/kousei/HaruRobo2024_ws/ros2_ws/build/path_following': AMENT_PREFIX_PATH=/home/kousei/HaruRobo2024_ws/ros2_ws/install/manip:/home/kousei/HaruRobo2024_ws/ros2_ws/install/manip_msgs:${AMENT_PREFIX_PATH} CMAKE_PREFIX_PATH=/home/kousei/HaruRobo2024_ws/ros2_ws/install/manip:/home/kousei/HaruRobo2024_ws/ros2_ws/install/manip_msgs:/home/kousei/2DRoboPrac_ws/ros2_ws/install/urg_node2:/home/kousei/2DRoboPrac_ws/ros2_ws/install/omni_control:/home/kousei/2DRoboPrac_ws/ros2_ws/install/nav_real:/home/kousei/2DRoboPrac_ws/ros2_ws/install/nav_dev:/home/kousei/2DRoboPrac_ws/ros2_ws/install/key_event_nodes:/home/kousei/2DRoboPrac_ws/ros2_ws/install/key_event_msgs:/home/kousei/2DRoboPrac_ws/ros2_ws/install/drive_msgs:/opt/ros/humble LD_LIBRARY_PATH=/home/kousei/HaruRobo2024_ws/ros2_ws/install/manip/lib:/home/kousei/HaruRobo2024_ws/ros2_ws/install/manip_msgs/lib:${LD_LIBRARY_PATH} PYTHONPATH=/home/kousei/HaruRobo2024_ws/ros2_ws/install/manip/local/lib/python3.10/dist-packages:/home/kousei/HaruRobo2024_ws/ros2_ws/install/manip_msgs/local/lib/python3.10/dist-packages:${PYTHONPATH} /usr/bin/cmake --build /home/kousei/HaruRobo2024_ws/ros2_ws/build/path_following -- -j16 -l16
[0.056s] -- Found ament_cmake_auto: 1.3.7 (/opt/ros/humble/share/ament_cmake_auto/cmake)
[0.224s] -- Found rosidl_generator_c: 3.1.5 (/opt/ros/humble/share/rosidl_generator_c/cmake)
[0.226s] -- Found rosidl_adapter: 3.1.5 (/opt/ros/humble/share/rosidl_adapter/cmake)
[0.229s] -- Found rosidl_generator_cpp: 3.1.5 (/opt/ros/humble/share/rosidl_generator_cpp/cmake)
[0.236s] -- Using all available rosidl_typesupport_c: rosidl_typesupport_fastrtps_c;rosidl_typesupport_introspection_c
[0.246s] -- Using all available rosidl_typesupport_cpp: rosidl_typesupport_fastrtps_cpp;rosidl_typesupport_introspection_cpp
[0.281s] -- Found rmw_implementation_cmake: 6.1.1 (/opt/ros/humble/share/rmw_implementation_cmake/cmake)
[0.282s] -- Found rmw_fastrtps_cpp: 6.2.6 (/opt/ros/humble/share/rmw_fastrtps_cpp/cmake)
[0.362s] -- Using RMW implementation 'rmw_fastrtps_cpp' as default
[1.128s] -- Found ament_lint_auto: 0.12.10 (/opt/ros/humble/share/ament_lint_auto/cmake)
[1.317s] -- Found ament_cmake_ros: 0.10.0 (/opt/ros/humble/share/ament_cmake_ros/cmake)
[1.674s] -- Using all available rosidl_typesupport_c: rosidl_typesupport_fastrtps_c;rosidl_typesupport_introspection_c
[1.809s] -- Using all available rosidl_typesupport_cpp: rosidl_typesupport_fastrtps_cpp;rosidl_typesupport_introspection_cpp
[1.825s] -- Found PythonInterp: /usr/bin/python3 (found suitable version "3.10.12", minimum required is "3.6") 
[1.826s] -- Found python_cmake_module: 0.10.0 (/opt/ros/humble/share/python_cmake_module/cmake)
[1.845s] -- Found PythonLibs: /usr/lib/x86_64-linux-gnu/libpython3.10.so (found suitable version "3.10.12", minimum required is "3.5") 
[1.845s] -- Using PYTHON_EXECUTABLE: /usr/bin/python3
[1.845s] -- Using PYTHON_INCLUDE_DIRS: /usr/include/python3.10
[1.845s] -- Using PYTHON_LIBRARIES: /usr/lib/x86_64-linux-gnu/libpython3.10.so
[1.861s] -- Found PythonExtra: .so  
[1.944s] -- Added test 'cppcheck' to perform static code analysis on C / C++ code
[1.944s] -- Configured cppcheck include dirs: /home/kousei/HaruRobo2024_ws/ros2_ws/src/path_following/include
[1.944s] -- Configured cppcheck exclude dirs and/or files: 
[1.945s] -- Added test 'lint_cmake' to check CMake code style
[1.945s] -- Added test 'uncrustify' to check C / C++ code style
[1.945s] -- Configured uncrustify additional arguments: 
[1.946s] -- Added test 'xmllint' to check XML markup files
[1.949s] -- Configuring done
[1.988s] -- Generating done
[1.990s] -- Build files have been written to: /home/kousei/HaruRobo2024_ws/ros2_ws/build/path_following
[2.010s] [  3%] [34m[1mGenerating C code for ROS interfaces[0m
[2.017s] [  6%] [34m[1mGenerating C++ code for ROS interfaces[0m
[2.022s] [  6%] Built target ament_cmake_python_copy_path_following
[2.183s] running egg_info
[2.183s] creating path_following.egg-info
[2.184s] writing path_following.egg-info/PKG-INFO
[2.184s] writing dependency_links to path_following.egg-info/dependency_links.txt
[2.184s] writing top-level names to path_following.egg-info/top_level.txt
[2.184s] writing manifest file 'path_following.egg-info/SOURCES.txt'
[2.185s] reading manifest file 'path_following.egg-info/SOURCES.txt'
[2.186s] writing manifest file 'path_following.egg-info/SOURCES.txt'
[2.203s] [  6%] Built target ament_cmake_python_build_path_following_egg
[2.347s] [  9%] [32mBuilding C object CMakeFiles/path_following__rosidl_generator_c.dir/rosidl_generator_c/path_following/action/detail/path__functions.c.o[0m
[2.361s] [  9%] Built target path_following__cpp
[2.368s] [ 12%] [34m[1mGenerating C++ type support dispatch for ROS interfaces[0m
[2.369s] [ 15%] [34m[1mGenerating C++ introspection for ROS interfaces[0m
[2.372s] [ 18%] [34m[1mGenerating C++ type support for eProsima Fast-RTPS[0m
[2.484s] [ 21%] [32m[1mLinking C shared library libpath_following__rosidl_generator_c.so[0m
[2.512s] [ 21%] Built target path_following__rosidl_generator_c
[2.520s] [ 24%] [34m[1mGenerating C type support for eProsima Fast-RTPS[0m
[2.525s] [ 30%] [34m[1mGenerating C type support dispatch for ROS interfaces[0m
[2.525s] [ 30%] [34m[1mGenerating C introspection for ROS interfaces[0m
[2.606s] [ 33%] [32mBuilding CXX object CMakeFiles/path_following__rosidl_typesupport_cpp.dir/rosidl_typesupport_cpp/path_following/action/path__type_support.cpp.o[0m
[2.646s] [ 36%] [32mBuilding CXX object CMakeFiles/path_following__rosidl_typesupport_introspection_cpp.dir/rosidl_typesupport_introspection_cpp/path_following/action/detail/path__type_support.cpp.o[0m
[2.890s] [ 39%] [32mBuilding CXX object CMakeFiles/path_following__rosidl_typesupport_fastrtps_cpp.dir/rosidl_typesupport_fastrtps_cpp/path_following/action/detail/dds_fastrtps/path__type_support.cpp.o[0m
[2.912s] [ 42%] [32mBuilding C object CMakeFiles/path_following__rosidl_typesupport_introspection_c.dir/rosidl_typesupport_introspection_c/path_following/action/detail/path__type_support.c.o[0m
[2.935s] [ 45%] [32mBuilding CXX object CMakeFiles/path_following__rosidl_typesupport_fastrtps_c.dir/rosidl_typesupport_fastrtps_c/path_following/action/detail/path__type_support_c.cpp.o[0m
[2.937s] [ 48%] [32mBuilding CXX object CMakeFiles/path_following__rosidl_typesupport_c.dir/rosidl_typesupport_c/path_following/action/path__type_support.cpp.o[0m
[2.953s] [ 51%] [32m[1mLinking CXX shared library libpath_following__rosidl_typesupport_cpp.so[0m
[2.969s] [ 54%] [32m[1mLinking C shared library libpath_following__rosidl_typesupport_introspection_c.so[0m
[2.977s] [ 57%] [32m[1mLinking CXX shared library libpath_following__rosidl_typesupport_c.so[0m
[2.989s] [ 57%] Built target path_following__rosidl_typesupport_cpp
[2.999s] [35m[1mConsolidate compiler generated dependencies of target path_following_node[0m
[3.000s] [ 57%] Built target path_following__rosidl_typesupport_introspection_c
[3.009s] [ 57%] Built target path_following__rosidl_typesupport_c
[3.013s] [ 60%] [32mBuilding CXX object CMakeFiles/path_following_node.dir/src/path_following_node.cpp.o[0m
[3.091s] [ 63%] [32m[1mLinking CXX shared library libpath_following__rosidl_typesupport_introspection_cpp.so[0m
[3.175s] [ 63%] Built target path_following__rosidl_typesupport_introspection_cpp
[3.193s] [01m[K/home/kousei/HaruRobo2024_ws/ros2_ws/src/path_following/src/path_following_node.cpp:10:10:[m[K [01;31m[Kfatal error: [m[Kpath_following/action/Path.hpp: „Åù„ÅÆ„Çà„ÅÜ„Å™„Éï„Ç°„Ç§„É´„ÇÑ„Éá„Ç£„É¨„ÇØ„Éà„É™„ÅØ„ÅÇ„Çä„Åæ„Åõ„Çì
[3.193s]    10 | #include [01;31m[K"path_following/action/Path.hpp"[m[K
[3.193s]       |          [01;31m[K^~~~~~~~~~~~~~~~~~~~~~~~~~~~~~~~[m[K
[3.193s] compilation terminated.
[3.195s] gmake[2]: *** [CMakeFiles/path_following_node.dir/build.make:76: CMakeFiles/path_following_node.dir/src/path_following_node.cpp.o] „Ç®„É©„Éº 1
[3.195s] gmake[1]: *** [CMakeFiles/Makefile2:183: CMakeFiles/path_following_node.dir/all] „Ç®„É©„Éº 2
[3.195s] gmake[1]: *** Êú™ÂÆå‰∫Ü„ÅÆ„Ç∏„Éß„Éñ„ÇíÂæÖ„Å£„Å¶„ÅÑ„Åæ„Åô....
[3.236s] [ 66%] [32m[1mLinking CXX shared library libpath_following__rosidl_typesupport_fastrtps_c.so[0m
[3.292s] [ 66%] Built target path_following__rosidl_typesupport_fastrtps_c
[3.418s] [ 69%] [32m[1mLinking CXX shared library libpath_following__rosidl_typesupport_fastrtps_cpp.so[0m
[3.471s] [ 69%] Built target path_following__rosidl_typesupport_fastrtps_cpp
[3.472s] gmake: *** [Makefile:146: all] „Ç®„É©„Éº 2
[3.474s] Invoked command in '/home/kousei/HaruRobo2024_ws/ros2_ws/build/path_following' returned '2': AMENT_PREFIX_PATH=/home/kousei/HaruRobo2024_ws/ros2_ws/install/manip:/home/kousei/HaruRobo2024_ws/ros2_ws/install/manip_msgs:${AMENT_PREFIX_PATH} CMAKE_PREFIX_PATH=/home/kousei/HaruRobo2024_ws/ros2_ws/install/manip:/home/kousei/HaruRobo2024_ws/ros2_ws/install/manip_msgs:/home/kousei/2DRoboPrac_ws/ros2_ws/install/urg_node2:/home/kousei/2DRoboPrac_ws/ros2_ws/install/omni_control:/home/kousei/2DRoboPrac_ws/ros2_ws/install/nav_real:/home/kousei/2DRoboPrac_ws/ros2_ws/install/nav_dev:/home/kousei/2DRoboPrac_ws/ros2_ws/install/key_event_nodes:/home/kousei/2DRoboPrac_ws/ros2_ws/install/key_event_msgs:/home/kousei/2DRoboPrac_ws/ros2_ws/install/drive_msgs:/opt/ros/humble LD_LIBRARY_PATH=/home/kousei/HaruRobo2024_ws/ros2_ws/install/manip/lib:/home/kousei/HaruRobo2024_ws/ros2_ws/install/manip_msgs/lib:${LD_LIBRARY_PATH} PYTHONPATH=/home/kousei/HaruRobo2024_ws/ros2_ws/install/manip/local/lib/python3.10/dist-packages:/home/kousei/HaruRobo2024_ws/ros2_ws/install/manip_msgs/local/lib/python3.10/dist-packages:${PYTHONPATH} /usr/bin/cmake --build /home/kousei/HaruRobo2024_ws/ros2_ws/build/path_following -- -j16 -l16
