-- The C compiler identification is GNU 11.4.0
-- The CXX compiler identification is GNU 11.4.0
-- Detecting C compiler ABI info
-- Detecting C compiler ABI info - done
-- Check for working C compiler: /usr/bin/cc - skipped
-- Detecting C compile features
-- Detecting C compile features - done
-- Detecting CXX compiler ABI info
-- Detecting CXX compiler ABI info - done
-- Check for working CXX compiler: /usr/bin/c++ - skipped
-- Detecting CXX compile features
-- Detecting CXX compile features - done
-- Found ament_cmake_auto: 1.3.7 (/opt/ros/humble/share/ament_cmake_auto/cmake)
-- Found Python3: /usr/bin/python3.10 (found version "3.10.12") found components: Interpreter 
-- Found rosidl_generator_c: 3.1.5 (/opt/ros/humble/share/rosidl_generator_c/cmake)
-- Found rosidl_adapter: 3.1.5 (/opt/ros/humble/share/rosidl_adapter/cmake)
-- Found rosidl_generator_cpp: 3.1.5 (/opt/ros/humble/share/rosidl_generator_cpp/cmake)
-- Using all available rosidl_typesupport_c: rosidl_typesupport_fastrtps_c;rosidl_typesupport_introspection_c
-- Using all available rosidl_typesupport_cpp: rosidl_typesupport_fastrtps_cpp;rosidl_typesupport_introspection_cpp
-- Found rmw_implementation_cmake: 6.1.1 (/opt/ros/humble/share/rmw_implementation_cmake/cmake)
-- Found rmw_fastrtps_cpp: 6.2.6 (/opt/ros/humble/share/rmw_fastrtps_cpp/cmake)
-- Found OpenSSL: /usr/lib/x86_64-linux-gnu/libcrypto.so (found version "3.0.2")  
-- Found FastRTPS: /opt/ros/humble/include  
-- Using RMW implementation 'rmw_fastrtps_cpp' as default
-- Looking for pthread.h
-- Looking for pthread.h - found
-- Performing Test CMAKE_HAVE_LIBC_PTHREAD
-- Performing Test CMAKE_HAVE_LIBC_PTHREAD - Success
-- Found Threads: TRUE  
-- Found ament_lint_auto: 0.12.10 (/opt/ros/humble/share/ament_lint_auto/cmake)
-- Found ament_cmake_ros: 0.10.0 (/opt/ros/humble/share/ament_cmake_ros/cmake)
-- Using all available rosidl_typesupport_c: rosidl_typesupport_fastrtps_c;rosidl_typesupport_introspection_c
-- Using all available rosidl_typesupport_cpp: rosidl_typesupport_fastrtps_cpp;rosidl_typesupport_introspection_cpp
-- Found PythonInterp: /usr/bin/python3 (found suitable version "3.10.12", minimum required is "3.6") 
-- Found python_cmake_module: 0.10.0 (/opt/ros/humble/share/python_cmake_module/cmake)
-- Found PythonLibs: /usr/lib/x86_64-linux-gnu/libpython3.10.so (found suitable version "3.10.12", minimum required is "3.5") 
-- Using PYTHON_EXECUTABLE: /usr/bin/python3
-- Using PYTHON_INCLUDE_DIRS: /usr/include/python3.10
-- Using PYTHON_LIBRARIES: /usr/lib/x86_64-linux-gnu/libpython3.10.so
-- Found PythonExtra: .so  
-- Added test 'cppcheck' to perform static code analysis on C / C++ code
-- Configured cppcheck include dirs: /home/kousei/HaruRobo2024_ws/ros2_ws/src/path_following/include
-- Configured cppcheck exclude dirs and/or files: 
-- Added test 'lint_cmake' to check CMake code style
-- Added test 'uncrustify' to check C / C++ code style
-- Configured uncrustify additional arguments: 
-- Added test 'xmllint' to check XML markup files
-- Configuring done
-- Generating done
-- Build files have been written to: /home/kousei/HaruRobo2024_ws/ros2_ws/build/path_following
[35m[1mConsolidate compiler generated dependencies of target path_following__rosidl_generator_c[0m
[  3%] Built target path_following__cpp
[ 12%] Built target path_following__rosidl_generator_c
[ 12%] Built target ament_cmake_python_copy_path_following
[35m[1mConsolidate compiler generated dependencies of target path_following__rosidl_typesupport_cpp[0m
[35m[1mConsolidate compiler generated dependencies of target path_following__rosidl_typesupport_fastrtps_c[0m
[35m[1mConsolidate compiler generated dependencies of target path_following__rosidl_typesupport_introspection_c[0m
[35m[1mConsolidate compiler generated dependencies of target path_following__rosidl_typesupport_introspection_cpp[0m
[35m[1mConsolidate compiler generated dependencies of target path_following__rosidl_typesupport_fastrtps_cpp[0m
[35m[1mConsolidate compiler generated dependencies of target path_following__rosidl_typesupport_c[0m
[ 21%] Built target path_following__rosidl_typesupport_fastrtps_c
[ 30%] Built target path_following__rosidl_typesupport_cpp
[ 39%] Built target path_following__rosidl_typesupport_introspection_c
[ 48%] Built target path_following__rosidl_typesupport_introspection_cpp
[ 57%] Built target path_following__rosidl_typesupport_fastrtps_cpp
[ 66%] Built target path_following__rosidl_typesupport_c
[35m[1mConsolidate compiler generated dependencies of target path_following_node[0m
[ 66%] Built target path_following
[ 69%] [32mBuilding CXX object CMakeFiles/path_following_node.dir/src/path_following_node.cpp.o[0m
[ 72%] Built target path_following__py
[ 75%] [32mBuilding C object CMakeFiles/path_following__rosidl_generator_py.dir/rosidl_generator_py/path_following/action/_path_s.c.o[0m
running egg_info
writing path_following.egg-info/PKG-INFO
writing dependency_links to path_following.egg-info/dependency_links.txt
writing top-level names to path_following.egg-info/top_level.txt
reading manifest file 'path_following.egg-info/SOURCES.txt'
writing manifest file 'path_following.egg-info/SOURCES.txt'
[ 75%] Built target ament_cmake_python_build_path_following_egg
[ 78%] [32m[1mLinking C shared library rosidl_generator_py/path_following/libpath_following__rosidl_generator_py.so[0m
[ 78%] Built target path_following__rosidl_generator_py
[01m[K/home/kousei/HaruRobo2024_ws/ros2_ws/src/path_following/src/path_following_node.cpp:10:10:[m[K [01;31m[Kfatal error: [m[Kpath_following/action/Path.hpp: „Åù„ÅÆ„Çà„ÅÜ„Å™„Éï„Ç°„Ç§„É´„ÇÑ„Éá„Ç£„É¨„ÇØ„Éà„É™„ÅØ„ÅÇ„Çä„Åæ„Åõ„Çì
   10 | #include [01;31m[K"path_following/action/Path.hpp"[m[K
      |          [01;31m[K^~~~~~~~~~~~~~~~~~~~~~~~~~~~~~~~[m[K
compilation terminated.
[ 84%] [32mBuilding C object CMakeFiles/path_following__rosidl_typesupport_fastrtps_c__pyext.dir/rosidl_generator_py/path_following/_path_following_s.ep.rosidl_typesupport_fastrtps_c.c.o[0m
[ 84%] [32mBuilding C object CMakeFiles/path_following__rosidl_typesupport_introspection_c__pyext.dir/rosidl_generator_py/path_following/_path_following_s.ep.rosidl_typesupport_introspection_c.c.o[0m
gmake[2]: *** [CMakeFiles/path_following_node.dir/build.make:76: CMakeFiles/path_following_node.dir/src/path_following_node.cpp.o] „Ç®„É©„Éº 1
gmake[1]: *** [CMakeFiles/Makefile2:183: CMakeFiles/path_following_node.dir/all] „Ç®„É©„Éº 2
gmake[1]: *** Êú™ÂÆå‰∫Ü„ÅÆ„Ç∏„Éß„Éñ„ÇíÂæÖ„Å£„Å¶„ÅÑ„Åæ„Åô....
[ 87%] [32mBuilding C object CMakeFiles/path_following__rosidl_typesupport_c__pyext.dir/rosidl_generator_py/path_following/_path_following_s.ep.rosidl_typesupport_c.c.o[0m
[ 90%] [32m[1mLinking C shared library rosidl_generator_py/path_following/path_following_s__rosidl_typesupport_fastrtps_c.cpython-310-x86_64-linux-gnu.so[0m
[ 93%] [32m[1mLinking C shared library rosidl_generator_py/path_following/path_following_s__rosidl_typesupport_introspection_c.cpython-310-x86_64-linux-gnu.so[0m
[ 96%] [32m[1mLinking C shared library rosidl_generator_py/path_following/path_following_s__rosidl_typesupport_c.cpython-310-x86_64-linux-gnu.so[0m
[ 96%] Built target path_following__rosidl_typesupport_fastrtps_c__pyext
[ 96%] Built target path_following__rosidl_typesupport_introspection_c__pyext
[ 96%] Built target path_following__rosidl_typesupport_c__pyext
gmake: *** [Makefile:146: all] „Ç®„É©„Éº 2
