[35m[1mConsolidate compiler generated dependencies of target manip__rosidl_generator_c[0m
[  1%] Built target manip__cpp
[ 11%] Built target manip__rosidl_generator_c
[35m[1mConsolidate compiler generated dependencies of target manip__rosidl_typesupport_cpp[0m
[ 11%] Built target ament_cmake_python_copy_manip
[35m[1mConsolidate compiler generated dependencies of target manip__rosidl_typesupport_fastrtps_cpp[0m
[35m[1mConsolidate compiler generated dependencies of target manip__rosidl_typesupport_introspection_cpp[0m
[35m[1mConsolidate compiler generated dependencies of target manip__rosidl_typesupport_introspection_c[0m
[35m[1mConsolidate compiler generated dependencies of target manip__rosidl_typesupport_c[0m
[ 21%] Built target manip__rosidl_typesupport_cpp
[ 31%] Built target manip__rosidl_typesupport_introspection_cpp
[ 41%] Built target manip__rosidl_typesupport_fastrtps_cpp
[35m[1mConsolidate compiler generated dependencies of target manip__rosidl_typesupport_fastrtps_c[0m
[ 50%] Built target manip__rosidl_typesupport_introspection_c
[ 60%] Built target manip__rosidl_typesupport_c
[ 70%] Built target manip__rosidl_typesupport_fastrtps_c
[ 72%] [32mBuilding CXX object CMakeFiles/manip_control_node.dir/src/manip_control_node.cpp.o[0m
[35m[1mConsolidate compiler generated dependencies of target manip_joy_node[0m
[ 72%] Built target manip
[ 76%] Built target manip_joy_node
[ 78%] [34m[1mGenerating Python code for ROS interfaces[0m
running egg_info
writing manip.egg-info/PKG-INFO
writing dependency_links to manip.egg-info/dependency_links.txt
[01m[K/home/kousei/HaruRobo2024_ws/ros2_ws/src/manip/src/manip_control_node.cpp:6:10:[m[K [01;31m[Kfatal error: [m[Kmanip/srv/cmd_list.hpp: そのようなファイルやディレクトリはありません
    6 | #include [01;31m[K"manip/srv/cmd_list.hpp"[m[K
      |          [01;31m[K^~~~~~~~~~~~~~~~~~~~~~~~[m[K
compilation terminated.
writing top-level names to manip.egg-info/top_level.txt
reading manifest file 'manip.egg-info/SOURCES.txt'
writing manifest file 'manip.egg-info/SOURCES.txt'
gmake[2]: *** [CMakeFiles/manip_control_node.dir/build.make:76: CMakeFiles/manip_control_node.dir/src/manip_control_node.cpp.o] エラー 1
gmake[1]: *** [CMakeFiles/Makefile2:212: CMakeFiles/manip_control_node.dir/all] エラー 2
gmake[1]: *** 未完了のジョブを待っています....
[ 78%] Built target ament_cmake_python_build_manip_egg
[ 78%] Built target manip__py
gmake: *** [Makefile:146: all] エラー 2
