[0.144s] Invoking command in '/home/kousei/HaruRobo2024_ws/ros2_ws/build/manip': CMAKE_PREFIX_PATH=/home/kousei/HaruRobo2024_ws/ros2_ws/install/manip_msgs:/home/kousei/HaruRobo2024_ws/ros2_ws/install/urg_node2:/home/kousei/HaruRobo2024_ws/ros2_ws/install/path_following:/home/kousei/HaruRobo2024_ws/ros2_ws/install/omni_control:/home/kousei/HaruRobo2024_ws/ros2_ws/install/bt:/home/kousei/HaruRobo2024_ws/ros2_ws/install/manip:/home/kousei/HaruRobo2024_ws/ros2_ws/install/key_event_nodes:/home/kousei/HaruRobo2024_ws/ros2_ws/install/key_event_msgs:/home/kousei/HaruRobo2024_ws/ros2_ws/install/drive_msgs:/home/kousei/2DRoboPrac_ws/ros2_ws/install/urg_node2:/home/kousei/2DRoboPrac_ws/ros2_ws/install/omni_control:/home/kousei/2DRoboPrac_ws/ros2_ws/install/nav_real:/home/kousei/2DRoboPrac_ws/ros2_ws/install/nav_dev:/home/kousei/2DRoboPrac_ws/ros2_ws/install/key_event_nodes:/home/kousei/2DRoboPrac_ws/ros2_ws/install/key_event_msgs:/home/kousei/2DRoboPrac_ws/ros2_ws/install/drive_msgs:/opt/ros/humble LD_LIBRARY_PATH=/home/kousei/HaruRobo2024_ws/ros2_ws/install/manip_msgs/lib:/home/kousei/HaruRobo2024_ws/ros2_ws/install/urg_node2/lib:/home/kousei/HaruRobo2024_ws/ros2_ws/install/path_following/lib:/home/kousei/HaruRobo2024_ws/ros2_ws/install/manip/lib:/home/kousei/HaruRobo2024_ws/ros2_ws/install/key_event_nodes/lib:/home/kousei/HaruRobo2024_ws/ros2_ws/install/key_event_msgs/lib:/home/kousei/HaruRobo2024_ws/ros2_ws/install/drive_msgs/lib:/usr/local/lib:/usr/local/lib:/home/kousei/2DRoboPrac_ws/ros2_ws/install/urg_node2/lib:/home/kousei/2DRoboPrac_ws/ros2_ws/install/key_event_nodes/lib:/home/kousei/2DRoboPrac_ws/ros2_ws/install/key_event_msgs/lib:/home/kousei/2DRoboPrac_ws/ros2_ws/install/drive_msgs/lib:/usr/lib/x86_64-linux-gnu/gazebo-11/plugins:/opt/ros/humble/opt/rviz_ogre_vendor/lib:/opt/ros/humble/lib/x86_64-linux-gnu:/opt/ros/humble/lib /usr/bin/cmake --build /home/kousei/HaruRobo2024_ws/ros2_ws/build/manip -- -j16 -l16
[0.204s] [  8%] Built target manip__rosidl_generator_c
[0.206s] [ 11%] Built target manip__cpp
[0.216s] [ 11%] Built target ament_cmake_python_copy_manip
[0.227s] [ 20%] Built target manip__rosidl_typesupport_fastrtps_c
[0.229s] [ 28%] Built target manip__rosidl_typesupport_introspection_c
[0.233s] [ 37%] Built target manip__rosidl_typesupport_c
[0.235s] [ 45%] Built target manip__rosidl_typesupport_fastrtps_cpp
[0.237s] [ 54%] Built target manip__rosidl_typesupport_introspection_cpp
[0.238s] [ 62%] Built target manip__rosidl_typesupport_cpp
[0.249s] [35m[1mConsolidate compiler generated dependencies of target manip_control_node[0m
[0.249s] [35m[1mConsolidate compiler generated dependencies of target manip_joy_node[0m
[0.257s] [ 62%] Built target manip
[0.265s] [ 65%] [32mBuilding CXX object CMakeFiles/manip_control_node.dir/src/manip_control_node.cpp.o[0m
[0.271s] [ 68%] [32mBuilding CXX object CMakeFiles/manip_joy_node.dir/src/manip_joy_node.cpp.o[0m
[0.281s] [ 71%] Built target manip__py
[0.311s] [ 77%] Built target manip__rosidl_generator_py
[0.429s] [ 82%] Built target manip__rosidl_typesupport_c__pyext
[0.432s] [ 88%] Built target manip__rosidl_typesupport_introspection_c__pyext
[0.435s] [ 94%] Built target manip__rosidl_typesupport_fastrtps_c__pyext
[1.060s] running egg_info
[1.068s] writing manip.egg-info/PKG-INFO
[1.070s] writing dependency_links to manip.egg-info/dependency_links.txt
[1.072s] writing top-level names to manip.egg-info/top_level.txt
[1.085s] reading manifest file 'manip.egg-info/SOURCES.txt'
[1.087s] writing manifest file 'manip.egg-info/SOURCES.txt'
[1.232s] [ 94%] Built target ament_cmake_python_build_manip_egg
[2.772s] [01m[K/home/kousei/HaruRobo2024_ws/ros2_ws/src/manip/src/manip_control_node.cpp:[m[K In member function ‘[01m[Kvoid ManipControlNode::initialize_state()[m[K’:
[2.772s] [01m[K/home/kousei/HaruRobo2024_ws/ros2_ws/src/manip/src/manip_control_node.cpp:24:13:[m[K [01;31m[Kerror: [m[K‘[01m[Kusing State_Goal = struct manip::action::State_Goal_<std::allocator<void> >[m[K’ {aka ‘[01m[Kstruct manip::action::State_Goal_<std::allocator<void> >[m[K’} has no member named ‘[01m[Kwork1[m[K’; did you mean ‘[01m[Kwork[m[K’?
[2.772s]    24 |       state.[01;31m[Kwork1[m[K = {0,0,0};
[2.772s]       |             [01;31m[K^~~~~[m[K
[2.772s]       |             [32m[Kwork[m[K
[2.774s] [01m[K/home/kousei/HaruRobo2024_ws/ros2_ws/src/manip/src/manip_control_node.cpp:[m[K In lambda function:
[2.774s] [01m[K/home/kousei/HaruRobo2024_ws/ros2_ws/src/manip/src/manip_control_node.cpp:47:69:[m[K [01;35m[Kwarning: [m[Kunused parameter ‘[01m[Kmsg[m[K’ [[01;35m[K]8;;https://gcc.gnu.org/onlinedocs/gcc/Warning-Options.html#index-Wunused-parameter-Wunused-parameter]8;;[m[K]
[2.774s]    47 |         auto topic_callback = [this]([01;35m[Kconst manip_msgs::msg::Result &msg[m[K) -> void {
[2.774s]       |                                      [01;35m[K~~~~~~~~~~~~~~~~~~~~~~~~~~~~~~~^~~[m[K
[2.795s] [01m[K/home/kousei/HaruRobo2024_ws/ros2_ws/src/manip/src/manip_control_node.cpp:[m[K In member function ‘[01m[Krclcpp_action::GoalResponse ManipControlNode::handle_goal(const GoalUUID&, std::shared_ptr<const manip::action::State_Goal_<std::allocator<void> > >)[m[K’:
[2.795s] [01m[K/home/kousei/HaruRobo2024_ws/ros2_ws/src/manip/src/manip_control_node.cpp:71:40:[m[K [01;35m[Kwarning: [m[Kunused parameter ‘[01m[Kgoal[m[K’ [[01;35m[K]8;;https://gcc.gnu.org/onlinedocs/gcc/Warning-Options.html#index-Wunused-parameter-Wunused-parameter]8;;[m[K]
[2.795s]    71 |     [01;35m[Kstd::shared_ptr<const State::Goal> goal[m[K)
[2.795s]       |     [01;35m[K~~~~~~~~~~~~~~~~~~~~~~~~~~~~~~~~~~~^~~~[m[K
[2.797s] [01m[K/home/kousei/HaruRobo2024_ws/ros2_ws/src/manip/src/manip_joy_node.cpp:[m[K In member function ‘[01m[Kvoid ManipJoyNode::initialize_state()[m[K’:
[2.798s] [01m[K/home/kousei/HaruRobo2024_ws/ros2_ws/src/manip/src/manip_joy_node.cpp:24:13:[m[K [01;31m[Kerror: [m[K‘[01m[Kusing State_Goal = struct manip::action::State_Goal_<std::allocator<void> >[m[K’ {aka ‘[01m[Kstruct manip::action::State_Goal_<std::allocator<void> >[m[K’} has no member named ‘[01m[Kwork1[m[K’; did you mean ‘[01m[Kwork[m[K’?
[2.798s]    24 |       state.[01;31m[Kwork1[m[K = {0,0,0};
[2.798s]       |             [01;31m[K^~~~~[m[K
[2.798s]       |             [32m[Kwork[m[K
[2.798s] [01m[K/home/kousei/HaruRobo2024_ws/ros2_ws/src/manip/src/manip_joy_node.cpp:25:13:[m[K [01;31m[Kerror: [m[K‘[01m[Kusing State_Goal = struct manip::action::State_Goal_<std::allocator<void> >[m[K’ {aka ‘[01m[Kstruct manip::action::State_Goal_<std::allocator<void> >[m[K’} has no member named ‘[01m[Kwork2[m[K’; did you mean ‘[01m[Kwork[m[K’?
[2.798s]    25 |       state.[01;31m[Kwork2[m[K = {0,0,0};
[2.798s]       |             [01;31m[K^~~~~[m[K
[2.798s]       |             [32m[Kwork[m[K
[2.798s] [01m[K/home/kousei/HaruRobo2024_ws/ros2_ws/src/manip/src/manip_joy_node.cpp:[m[K In lambda function:
[2.798s] [01m[K/home/kousei/HaruRobo2024_ws/ros2_ws/src/manip/src/manip_joy_node.cpp:46:22:[m[K [01;31m[Kerror: [m[K‘[01m[Kusing State_Goal = struct manip::action::State_Goal_<std::allocator<void> >[m[K’ {aka ‘[01m[Kstruct manip::action::State_Goal_<std::allocator<void> >[m[K’} has no member named ‘[01m[Kwork1[m[K’; did you mean ‘[01m[Kwork[m[K’?
[2.798s]    46 |             if(state.[01;31m[Kwork1[m[K[0] == 0){
[2.799s]       |                      [01;31m[K^~~~~[m[K
[2.799s]       |                      [32m[Kwork[m[K
[2.799s] [01m[K/home/kousei/HaruRobo2024_ws/ros2_ws/src/manip/src/manip_joy_node.cpp:47:21:[m[K [01;31m[Kerror: [m[K‘[01m[Kusing State_Goal = struct manip::action::State_Goal_<std::allocator<void> >[m[K’ {aka ‘[01m[Kstruct manip::action::State_Goal_<std::allocator<void> >[m[K’} has no member named ‘[01m[Kwork1[m[K’; did you mean ‘[01m[Kwork[m[K’?
[2.799s]    47 |               state.[01;31m[Kwork1[m[K[0] = 1;
[2.799s]       |                     [01;31m[K^~~~~[m[K
[2.799s]       |                     [32m[Kwork[m[K
[2.799s] [01m[K/home/kousei/HaruRobo2024_ws/ros2_ws/src/manip/src/manip_joy_node.cpp:49:21:[m[K [01;31m[Kerror: [m[K‘[01m[Kusing State_Goal = struct manip::action::State_Goal_<std::allocator<void> >[m[K’ {aka ‘[01m[Kstruct manip::action::State_Goal_<std::allocator<void> >[m[K’} has no member named ‘[01m[Kwork1[m[K’; did you mean ‘[01m[Kwork[m[K’?
[2.799s]    49 |               state.[01;31m[Kwork1[m[K[0] = 0;
[2.799s]       |                     [01;31m[K^~~~~[m[K
[2.799s]       |                     [32m[Kwork[m[K
[2.799s] [01m[K/home/kousei/HaruRobo2024_ws/ros2_ws/src/manip/src/manip_joy_node.cpp:55:22:[m[K [01;31m[Kerror: [m[K‘[01m[Kusing State_Goal = struct manip::action::State_Goal_<std::allocator<void> >[m[K’ {aka ‘[01m[Kstruct manip::action::State_Goal_<std::allocator<void> >[m[K’} has no member named ‘[01m[Kwork1[m[K’; did you mean ‘[01m[Kwork[m[K’?
[2.799s]    55 |             if(state.[01;31m[Kwork1[m[K[1] == 0){
[2.799s]       |                      [01;31m[K^~~~~[m[K
[2.799s]       |                      [32m[Kwork[m[K
[2.799s] [01m[K/home/kousei/HaruRobo2024_ws/ros2_ws/src/manip/src/manip_joy_node.cpp:56:21:[m[K [01;31m[Kerror: [m[K‘[01m[Kusing State_Goal = struct manip::action::State_Goal_<std::allocator<void> >[m[K’ {aka ‘[01m[Kstruct manip::action::State_Goal_<std::allocator<void> >[m[K’} has no member named ‘[01m[Kwork1[m[K’; did you mean ‘[01m[Kwork[m[K’?
[2.799s]    56 |               state.[01;31m[Kwork1[m[K[1] = 1;
[2.800s]       |                     [01;31m[K^~~~~[m[K
[2.800s]       |                     [32m[Kwork[m[K
[2.800s] [01m[K/home/kousei/HaruRobo2024_ws/ros2_ws/src/manip/src/manip_joy_node.cpp:58:21:[m[K [01;31m[Kerror: [m[K‘[01m[Kusing State_Goal = struct manip::action::State_Goal_<std::allocator<void> >[m[K’ {aka ‘[01m[Kstruct manip::action::State_Goal_<std::allocator<void> >[m[K’} has no member named ‘[01m[Kwork1[m[K’; did you mean ‘[01m[Kwork[m[K’?
[2.800s]    58 |               state.[01;31m[Kwork1[m[K[1] = 0;
[2.800s]       |                     [01;31m[K^~~~~[m[K
[2.800s]       |                     [32m[Kwork[m[K
[2.800s] [01m[K/home/kousei/HaruRobo2024_ws/ros2_ws/src/manip/src/manip_joy_node.cpp:64:22:[m[K [01;31m[Kerror: [m[K‘[01m[Kusing State_Goal = struct manip::action::State_Goal_<std::allocator<void> >[m[K’ {aka ‘[01m[Kstruct manip::action::State_Goal_<std::allocator<void> >[m[K’} has no member named ‘[01m[Kwork1[m[K’; did you mean ‘[01m[Kwork[m[K’?
[2.800s]    64 |             if(state.[01;31m[Kwork1[m[K[2] == 0){
[2.800s]       |                      [01;31m[K^~~~~[m[K
[2.800s]       |                      [32m[Kwork[m[K
[2.800s] [01m[K/home/kousei/HaruRobo2024_ws/ros2_ws/src/manip/src/manip_joy_node.cpp:65:21:[m[K [01;31m[Kerror: [m[K‘[01m[Kusing State_Goal = struct manip::action::State_Goal_<std::allocator<void> >[m[K’ {aka ‘[01m[Kstruct manip::action::State_Goal_<std::allocator<void> >[m[K’} has no member named ‘[01m[Kwork1[m[K’; did you mean ‘[01m[Kwork[m[K’?
[2.800s]    65 |               state.[01;31m[Kwork1[m[K[2] = 1;
[2.800s]       |                     [01;31m[K^~~~~[m[K
[2.800s]       |                     [32m[Kwork[m[K
[2.800s] [01m[K/home/kousei/HaruRobo2024_ws/ros2_ws/src/manip/src/manip_joy_node.cpp:67:21:[m[K [01;31m[Kerror: [m[K‘[01m[Kusing State_Goal = struct manip::action::State_Goal_<std::allocator<void> >[m[K’ {aka ‘[01m[Kstruct manip::action::State_Goal_<std::allocator<void> >[m[K’} has no member named ‘[01m[Kwork1[m[K’; did you mean ‘[01m[Kwork[m[K’?
[2.801s]    67 |               state.[01;31m[Kwork1[m[K[2] = 0;
[2.801s]       |                     [01;31m[K^~~~~[m[K
[2.801s]       |                     [32m[Kwork[m[K
[2.801s] [01m[K/home/kousei/HaruRobo2024_ws/ros2_ws/src/manip/src/manip_control_node.cpp:[m[K In member function ‘[01m[Kvoid ManipControlNode::make_cmd(std::shared_ptr<rclcpp_action::ServerGoalHandle<manip::action::State> >)[m[K’:
[2.801s] [01m[K/home/kousei/HaruRobo2024_ws/ros2_ws/src/manip/src/manip_control_node.cpp:133:35:[m[K [01;31m[Kerror: [m[K‘[01m[Kusing element_type = const struct manip::action::State_Goal_<std::allocator<void> >[m[K’ {aka ‘[01m[Kconst struct manip::action::State_Goal_<std::allocator<void> >[m[K’} has no member named ‘[01m[Kwork1[m[K’; did you mean ‘[01m[Kwork[m[K’?
[2.801s]   133 |       cmd.work_arm_deploy = goal->[01;31m[Kwork1[m[K[0];
[2.801s]       |                                   [01;31m[K^~~~~[m[K
[2.801s]       |                                   [32m[Kwork[m[K
[2.802s] [01m[K/home/kousei/HaruRobo2024_ws/ros2_ws/src/manip/src/manip_control_node.cpp:136:28:[m[K [01;31m[Kerror: [m[K‘[01m[Kusing element_type = const struct manip::action::State_Goal_<std::allocator<void> >[m[K’ {aka ‘[01m[Kconst struct manip::action::State_Goal_<std::allocator<void> >[m[K’} has no member named ‘[01m[Kwork1[m[K’; did you mean ‘[01m[Kwork[m[K’?
[2.802s]   136 |       cmd.work_arm = goal->[01;31m[Kwork1[m[K[1];
[2.802s]       |                            [01;31m[K^~~~~[m[K
[2.802s]       |                            [32m[Kwork[m[K
[2.802s] [01m[K/home/kousei/HaruRobo2024_ws/ros2_ws/src/manip/src/manip_control_node.cpp:[m[K In member function ‘[01m[Kvoid ManipControlNode::execute_cmd(std::shared_ptr<rclcpp_action::ServerGoalHandle<manip::action::State> >)[m[K’:
[2.802s] [01m[K/home/kousei/HaruRobo2024_ws/ros2_ws/src/manip/src/manip_control_node.cpp:157:11:[m[K [01;31m[Kerror: [m[K‘[01m[Kusing State_Goal = struct manip::action::State_Goal_<std::allocator<void> >[m[K’ {aka ‘[01m[Kstruct manip::action::State_Goal_<std::allocator<void> >[m[K’} has no member named ‘[01m[Kwork1[m[K’; did you mean ‘[01m[Kwork[m[K’?
[2.802s]   157 |     state.[01;31m[Kwork1[m[K = goal->work1;
[2.802s]       |           [01;31m[K^~~~~[m[K
[2.802s]       |           [32m[Kwork[m[K
[2.802s] [01m[K/home/kousei/HaruRobo2024_ws/ros2_ws/src/manip/src/manip_control_node.cpp:157:25:[m[K [01;31m[Kerror: [m[K‘[01m[Kusing element_type = const struct manip::action::State_Goal_<std::allocator<void> >[m[K’ {aka ‘[01m[Kconst struct manip::action::State_Goal_<std::allocator<void> >[m[K’} has no member named ‘[01m[Kwork1[m[K’; did you mean ‘[01m[Kwork[m[K’?
[2.802s]   157 |     state.work1 = goal->[01;31m[Kwork1[m[K;
[2.802s]       |                         [01;31m[K^~~~~[m[K
[2.803s]       |                         [32m[Kwork[m[K
[4.533s] gmake[2]: *** [CMakeFiles/manip_joy_node.dir/build.make:76: CMakeFiles/manip_joy_node.dir/src/manip_joy_node.cpp.o] エラー 1
[4.533s] gmake[1]: *** [CMakeFiles/Makefile2:185: CMakeFiles/manip_joy_node.dir/all] エラー 2
[4.533s] gmake[1]: *** 未完了のジョブを待っています....
[4.556s] gmake[2]: *** [CMakeFiles/manip_control_node.dir/build.make:76: CMakeFiles/manip_control_node.dir/src/manip_control_node.cpp.o] エラー 1
[4.557s] gmake[1]: *** [CMakeFiles/Makefile2:212: CMakeFiles/manip_control_node.dir/all] エラー 2
[4.557s] gmake: *** [Makefile:146: all] エラー 2
[4.559s] Invoked command in '/home/kousei/HaruRobo2024_ws/ros2_ws/build/manip' returned '2': CMAKE_PREFIX_PATH=/home/kousei/HaruRobo2024_ws/ros2_ws/install/manip_msgs:/home/kousei/HaruRobo2024_ws/ros2_ws/install/urg_node2:/home/kousei/HaruRobo2024_ws/ros2_ws/install/path_following:/home/kousei/HaruRobo2024_ws/ros2_ws/install/omni_control:/home/kousei/HaruRobo2024_ws/ros2_ws/install/bt:/home/kousei/HaruRobo2024_ws/ros2_ws/install/manip:/home/kousei/HaruRobo2024_ws/ros2_ws/install/key_event_nodes:/home/kousei/HaruRobo2024_ws/ros2_ws/install/key_event_msgs:/home/kousei/HaruRobo2024_ws/ros2_ws/install/drive_msgs:/home/kousei/2DRoboPrac_ws/ros2_ws/install/urg_node2:/home/kousei/2DRoboPrac_ws/ros2_ws/install/omni_control:/home/kousei/2DRoboPrac_ws/ros2_ws/install/nav_real:/home/kousei/2DRoboPrac_ws/ros2_ws/install/nav_dev:/home/kousei/2DRoboPrac_ws/ros2_ws/install/key_event_nodes:/home/kousei/2DRoboPrac_ws/ros2_ws/install/key_event_msgs:/home/kousei/2DRoboPrac_ws/ros2_ws/install/drive_msgs:/opt/ros/humble LD_LIBRARY_PATH=/home/kousei/HaruRobo2024_ws/ros2_ws/install/manip_msgs/lib:/home/kousei/HaruRobo2024_ws/ros2_ws/install/urg_node2/lib:/home/kousei/HaruRobo2024_ws/ros2_ws/install/path_following/lib:/home/kousei/HaruRobo2024_ws/ros2_ws/install/manip/lib:/home/kousei/HaruRobo2024_ws/ros2_ws/install/key_event_nodes/lib:/home/kousei/HaruRobo2024_ws/ros2_ws/install/key_event_msgs/lib:/home/kousei/HaruRobo2024_ws/ros2_ws/install/drive_msgs/lib:/usr/local/lib:/usr/local/lib:/home/kousei/2DRoboPrac_ws/ros2_ws/install/urg_node2/lib:/home/kousei/2DRoboPrac_ws/ros2_ws/install/key_event_nodes/lib:/home/kousei/2DRoboPrac_ws/ros2_ws/install/key_event_msgs/lib:/home/kousei/2DRoboPrac_ws/ros2_ws/install/drive_msgs/lib:/usr/lib/x86_64-linux-gnu/gazebo-11/plugins:/opt/ros/humble/opt/rviz_ogre_vendor/lib:/opt/ros/humble/lib/x86_64-linux-gnu:/opt/ros/humble/lib /usr/bin/cmake --build /home/kousei/HaruRobo2024_ws/ros2_ws/build/manip -- -j16 -l16
