[0.038s] Invoking command in '/home/kousei/HaruRobo2024_ws/ros2_ws/build/path_following': AMENT_PREFIX_PATH=/home/kousei/HaruRobo2024_ws/ros2_ws/install/manip:/home/kousei/HaruRobo2024_ws/ros2_ws/install/manip_msgs:${AMENT_PREFIX_PATH} CMAKE_PREFIX_PATH=/home/kousei/HaruRobo2024_ws/ros2_ws/install/manip:/home/kousei/HaruRobo2024_ws/ros2_ws/install/manip_msgs:/home/kousei/2DRoboPrac_ws/ros2_ws/install/urg_node2:/home/kousei/2DRoboPrac_ws/ros2_ws/install/omni_control:/home/kousei/2DRoboPrac_ws/ros2_ws/install/nav_real:/home/kousei/2DRoboPrac_ws/ros2_ws/install/nav_dev:/home/kousei/2DRoboPrac_ws/ros2_ws/install/key_event_nodes:/home/kousei/2DRoboPrac_ws/ros2_ws/install/key_event_msgs:/home/kousei/2DRoboPrac_ws/ros2_ws/install/drive_msgs:/opt/ros/humble LD_LIBRARY_PATH=/home/kousei/HaruRobo2024_ws/ros2_ws/install/manip/lib:/home/kousei/HaruRobo2024_ws/ros2_ws/install/manip_msgs/lib:${LD_LIBRARY_PATH} PYTHONPATH=/home/kousei/HaruRobo2024_ws/ros2_ws/install/manip/local/lib/python3.10/dist-packages:/home/kousei/HaruRobo2024_ws/ros2_ws/install/manip_msgs/local/lib/python3.10/dist-packages:${PYTHONPATH} /usr/bin/cmake --build /home/kousei/HaruRobo2024_ws/ros2_ws/build/path_following -- -j16 -l16
[0.056s] -- Found ament_cmake_auto: 1.3.7 (/opt/ros/humble/share/ament_cmake_auto/cmake)
[0.219s] -- Found rosidl_generator_c: 3.1.5 (/opt/ros/humble/share/rosidl_generator_c/cmake)
[0.221s] -- Found rosidl_adapter: 3.1.5 (/opt/ros/humble/share/rosidl_adapter/cmake)
[0.224s] -- Found rosidl_generator_cpp: 3.1.5 (/opt/ros/humble/share/rosidl_generator_cpp/cmake)
[0.231s] -- Using all available rosidl_typesupport_c: rosidl_typesupport_fastrtps_c;rosidl_typesupport_introspection_c
[0.240s] -- Using all available rosidl_typesupport_cpp: rosidl_typesupport_fastrtps_cpp;rosidl_typesupport_introspection_cpp
[0.275s] -- Found rmw_implementation_cmake: 6.1.1 (/opt/ros/humble/share/rmw_implementation_cmake/cmake)
[0.276s] -- Found rmw_fastrtps_cpp: 6.2.6 (/opt/ros/humble/share/rmw_fastrtps_cpp/cmake)
[0.354s] -- Using RMW implementation 'rmw_fastrtps_cpp' as default
[1.109s] -- Found ament_lint_auto: 0.12.10 (/opt/ros/humble/share/ament_lint_auto/cmake)
[1.288s] -- Found ament_cmake_ros: 0.10.0 (/opt/ros/humble/share/ament_cmake_ros/cmake)
[1.641s] -- Using all available rosidl_typesupport_c: rosidl_typesupport_fastrtps_c;rosidl_typesupport_introspection_c
[1.776s] -- Using all available rosidl_typesupport_cpp: rosidl_typesupport_fastrtps_cpp;rosidl_typesupport_introspection_cpp
[1.793s] -- Found python_cmake_module: 0.10.0 (/opt/ros/humble/share/python_cmake_module/cmake)
[1.808s] -- Using PYTHON_EXECUTABLE: /usr/bin/python3
[1.808s] -- Using PYTHON_INCLUDE_DIRS: /usr/include/python3.10
[1.808s] -- Using PYTHON_LIBRARIES: /usr/lib/x86_64-linux-gnu/libpython3.10.so
[1.870s] -- Added test 'cppcheck' to perform static code analysis on C / C++ code
[1.871s] -- Configured cppcheck include dirs: /home/kousei/HaruRobo2024_ws/ros2_ws/src/path_following/include
[1.871s] -- Configured cppcheck exclude dirs and/or files: 
[1.871s] -- Added test 'lint_cmake' to check CMake code style
[1.872s] -- Added test 'uncrustify' to check C / C++ code style
[1.872s] -- Configured uncrustify additional arguments: 
[1.872s] -- Added test 'xmllint' to check XML markup files
[1.874s] -- Configuring done
[1.912s] -- Generating done
[1.914s] -- Build files have been written to: /home/kousei/HaruRobo2024_ws/ros2_ws/build/path_following
[1.936s] [35m[1mConsolidate compiler generated dependencies of target path_following__rosidl_generator_c[0m
[1.942s] [  3%] Built target path_following__cpp
[1.943s] [ 12%] Built target path_following__rosidl_generator_c
[1.949s] [ 12%] Built target ament_cmake_python_copy_path_following
[1.949s] [35m[1mConsolidate compiler generated dependencies of target path_following__rosidl_typesupport_cpp[0m
[1.950s] [35m[1mConsolidate compiler generated dependencies of target path_following__rosidl_typesupport_fastrtps_c[0m
[1.952s] [35m[1mConsolidate compiler generated dependencies of target path_following__rosidl_typesupport_introspection_cpp[0m
[1.953s] [35m[1mConsolidate compiler generated dependencies of target path_following__rosidl_typesupport_fastrtps_cpp[0m
[1.954s] [35m[1mConsolidate compiler generated dependencies of target path_following__rosidl_typesupport_c[0m
[1.955s] [35m[1mConsolidate compiler generated dependencies of target path_following__rosidl_typesupport_introspection_c[0m
[1.959s] [ 21%] Built target path_following__rosidl_typesupport_cpp
[1.960s] [ 30%] Built target path_following__rosidl_typesupport_fastrtps_c
[1.965s] [ 48%] Built target path_following__rosidl_typesupport_introspection_cpp
[1.965s] [ 48%] Built target path_following__rosidl_typesupport_fastrtps_cpp
[1.966s] [ 57%] Built target path_following__rosidl_typesupport_c
[1.967s] [35m[1mConsolidate compiler generated dependencies of target path_following_node[0m
[1.967s] [ 66%] Built target path_following__rosidl_typesupport_introspection_c
[1.980s] [ 69%] [32mBuilding CXX object CMakeFiles/path_following_node.dir/src/path_following_node.cpp.o[0m
[1.982s] [ 69%] Built target path_following
[1.997s] [ 72%] Built target path_following__py
[2.004s] [35m[1mConsolidate compiler generated dependencies of target path_following__rosidl_generator_py[0m
[2.014s] [ 78%] Built target path_following__rosidl_generator_py
[2.022s] [35m[1mConsolidate compiler generated dependencies of target path_following__rosidl_typesupport_fastrtps_c__pyext[0m
[2.025s] [35m[1mConsolidate compiler generated dependencies of target path_following__rosidl_typesupport_c__pyext[0m
[2.025s] [35m[1mConsolidate compiler generated dependencies of target path_following__rosidl_typesupport_introspection_c__pyext[0m
[2.032s] [ 84%] Built target path_following__rosidl_typesupport_fastrtps_c__pyext
[2.038s] [ 90%] Built target path_following__rosidl_typesupport_introspection_c__pyext
[2.041s] [ 96%] Built target path_following__rosidl_typesupport_c__pyext
[2.105s] running egg_info
[2.106s] writing path_following.egg-info/PKG-INFO
[2.106s] writing dependency_links to path_following.egg-info/dependency_links.txt
[2.106s] writing top-level names to path_following.egg-info/top_level.txt
[2.108s] reading manifest file 'path_following.egg-info/SOURCES.txt'
[2.109s] writing manifest file 'path_following.egg-info/SOURCES.txt'
[2.134s] [ 96%] Built target ament_cmake_python_build_path_following_egg
[2.150s] [01m[K/home/kousei/HaruRobo2024_ws/ros2_ws/src/path_following/src/path_following_node.cpp:10:10:[m[K [01;31m[Kfatal error: [m[Kpath_following/action/Path.hpp: „Åù„ÅÆ„Çà„ÅÜ„Å™„Éï„Ç°„Ç§„É´„ÇÑ„Éá„Ç£„É¨„ÇØ„Éà„É™„ÅØ„ÅÇ„Çä„Åæ„Åõ„Çì
[2.150s]    10 | #include [01;31m[K"path_following/action/Path.hpp"[m[K
[2.150s]       |          [01;31m[K^~~~~~~~~~~~~~~~~~~~~~~~~~~~~~~~[m[K
[2.151s] compilation terminated.
[2.152s] gmake[2]: *** [CMakeFiles/path_following_node.dir/build.make:76: CMakeFiles/path_following_node.dir/src/path_following_node.cpp.o] „Ç®„É©„Éº 1
[2.153s] gmake[1]: *** [CMakeFiles/Makefile2:183: CMakeFiles/path_following_node.dir/all] „Ç®„É©„Éº 2
[2.153s] gmake: *** [Makefile:146: all] „Ç®„É©„Éº 2
[2.155s] Invoked command in '/home/kousei/HaruRobo2024_ws/ros2_ws/build/path_following' returned '2': AMENT_PREFIX_PATH=/home/kousei/HaruRobo2024_ws/ros2_ws/install/manip:/home/kousei/HaruRobo2024_ws/ros2_ws/install/manip_msgs:${AMENT_PREFIX_PATH} CMAKE_PREFIX_PATH=/home/kousei/HaruRobo2024_ws/ros2_ws/install/manip:/home/kousei/HaruRobo2024_ws/ros2_ws/install/manip_msgs:/home/kousei/2DRoboPrac_ws/ros2_ws/install/urg_node2:/home/kousei/2DRoboPrac_ws/ros2_ws/install/omni_control:/home/kousei/2DRoboPrac_ws/ros2_ws/install/nav_real:/home/kousei/2DRoboPrac_ws/ros2_ws/install/nav_dev:/home/kousei/2DRoboPrac_ws/ros2_ws/install/key_event_nodes:/home/kousei/2DRoboPrac_ws/ros2_ws/install/key_event_msgs:/home/kousei/2DRoboPrac_ws/ros2_ws/install/drive_msgs:/opt/ros/humble LD_LIBRARY_PATH=/home/kousei/HaruRobo2024_ws/ros2_ws/install/manip/lib:/home/kousei/HaruRobo2024_ws/ros2_ws/install/manip_msgs/lib:${LD_LIBRARY_PATH} PYTHONPATH=/home/kousei/HaruRobo2024_ws/ros2_ws/install/manip/local/lib/python3.10/dist-packages:/home/kousei/HaruRobo2024_ws/ros2_ws/install/manip_msgs/local/lib/python3.10/dist-packages:${PYTHONPATH} /usr/bin/cmake --build /home/kousei/HaruRobo2024_ws/ros2_ws/build/path_following -- -j16 -l16
