[0.128s] Invoking command in '/home/kousei/HaruRobo2024_ws/ros2_ws/build/manip': CMAKE_PREFIX_PATH=/home/kousei/HaruRobo2024_ws/ros2_ws/install/manip_msgs:/home/kousei/HaruRobo2024_ws/ros2_ws/install/urg_node2:/home/kousei/HaruRobo2024_ws/ros2_ws/install/path_following:/home/kousei/HaruRobo2024_ws/ros2_ws/install/omni_control:/home/kousei/HaruRobo2024_ws/ros2_ws/install/bt:/home/kousei/HaruRobo2024_ws/ros2_ws/install/manip:/home/kousei/HaruRobo2024_ws/ros2_ws/install/key_event_nodes:/home/kousei/HaruRobo2024_ws/ros2_ws/install/key_event_msgs:/home/kousei/HaruRobo2024_ws/ros2_ws/install/drive_msgs:/home/kousei/2DRoboPrac_ws/ros2_ws/install/urg_node2:/home/kousei/2DRoboPrac_ws/ros2_ws/install/omni_control:/home/kousei/2DRoboPrac_ws/ros2_ws/install/nav_real:/home/kousei/2DRoboPrac_ws/ros2_ws/install/nav_dev:/home/kousei/2DRoboPrac_ws/ros2_ws/install/key_event_nodes:/home/kousei/2DRoboPrac_ws/ros2_ws/install/key_event_msgs:/home/kousei/2DRoboPrac_ws/ros2_ws/install/drive_msgs:/opt/ros/humble LD_LIBRARY_PATH=/home/kousei/HaruRobo2024_ws/ros2_ws/install/manip_msgs/lib:/home/kousei/HaruRobo2024_ws/ros2_ws/install/urg_node2/lib:/home/kousei/HaruRobo2024_ws/ros2_ws/install/path_following/lib:/home/kousei/HaruRobo2024_ws/ros2_ws/install/manip/lib:/home/kousei/HaruRobo2024_ws/ros2_ws/install/key_event_nodes/lib:/home/kousei/HaruRobo2024_ws/ros2_ws/install/key_event_msgs/lib:/home/kousei/HaruRobo2024_ws/ros2_ws/install/drive_msgs/lib:/usr/local/lib:/usr/local/lib:/home/kousei/2DRoboPrac_ws/ros2_ws/install/urg_node2/lib:/home/kousei/2DRoboPrac_ws/ros2_ws/install/key_event_nodes/lib:/home/kousei/2DRoboPrac_ws/ros2_ws/install/key_event_msgs/lib:/home/kousei/2DRoboPrac_ws/ros2_ws/install/drive_msgs/lib:/usr/lib/x86_64-linux-gnu/gazebo-11/plugins:/opt/ros/humble/opt/rviz_ogre_vendor/lib:/opt/ros/humble/lib/x86_64-linux-gnu:/opt/ros/humble/lib /usr/bin/cmake --build /home/kousei/HaruRobo2024_ws/ros2_ws/build/manip -- -j16 -l16
[0.177s] [35m[1mConsolidate compiler generated dependencies of target manip__rosidl_generator_c[0m
[0.177s] [  2%] Built target manip__cpp
[0.182s] [  2%] Built target ament_cmake_python_copy_manip
[0.185s] [ 11%] Built target manip__rosidl_generator_c
[0.187s] [35m[1mConsolidate compiler generated dependencies of target manip__rosidl_typesupport_cpp[0m
[0.187s] [35m[1mConsolidate compiler generated dependencies of target manip__rosidl_typesupport_fastrtps_cpp[0m
[0.188s] [35m[1mConsolidate compiler generated dependencies of target manip__rosidl_typesupport_introspection_cpp[0m
[0.196s] [35m[1mConsolidate compiler generated dependencies of target manip__rosidl_typesupport_c[0m
[0.196s] [35m[1mConsolidate compiler generated dependencies of target manip__rosidl_typesupport_fastrtps_c[0m
[0.198s] [35m[1mConsolidate compiler generated dependencies of target manip__rosidl_typesupport_introspection_c[0m
[0.203s] [ 20%] Built target manip__rosidl_typesupport_fastrtps_cpp
[0.206s] [ 28%] Built target manip__rosidl_typesupport_cpp
[0.208s] [ 37%] Built target manip__rosidl_typesupport_introspection_cpp
[0.210s] [ 45%] Built target manip__rosidl_typesupport_introspection_c
[0.211s] [ 62%] Built target manip__rosidl_typesupport_fastrtps_c
[0.212s] [ 62%] Built target manip__rosidl_typesupport_c
[0.220s] [35m[1mConsolidate compiler generated dependencies of target manip_control_node[0m
[0.220s] [35m[1mConsolidate compiler generated dependencies of target manip_joy_node[0m
[0.235s] [ 68%] [32mBuilding CXX object CMakeFiles/manip_joy_node.dir/src/manip_joy_node.cpp.o[0m
[0.235s] [ 68%] [32mBuilding CXX object CMakeFiles/manip_control_node.dir/src/manip_control_node.cpp.o[0m
[0.239s] [ 68%] Built target manip
[0.268s] [ 71%] Built target manip__py
[0.284s] [35m[1mConsolidate compiler generated dependencies of target manip__rosidl_generator_py[0m
[0.303s] [ 77%] Built target manip__rosidl_generator_py
[0.320s] [35m[1mConsolidate compiler generated dependencies of target manip__rosidl_typesupport_introspection_c__pyext[0m
[0.320s] [35m[1mConsolidate compiler generated dependencies of target manip__rosidl_typesupport_fastrtps_c__pyext[0m
[0.320s] [35m[1mConsolidate compiler generated dependencies of target manip__rosidl_typesupport_c__pyext[0m
[0.372s] [ 94%] Built target manip__rosidl_typesupport_c__pyext
[0.378s] [ 94%] Built target manip__rosidl_typesupport_fastrtps_c__pyext
[0.382s] [ 94%] Built target manip__rosidl_typesupport_introspection_c__pyext
[0.825s] running egg_info
[0.829s] writing manip.egg-info/PKG-INFO
[0.831s] writing dependency_links to manip.egg-info/dependency_links.txt
[0.832s] writing top-level names to manip.egg-info/top_level.txt
[0.845s] reading manifest file 'manip.egg-info/SOURCES.txt'
[0.849s] writing manifest file 'manip.egg-info/SOURCES.txt'
[1.012s] [ 94%] Built target ament_cmake_python_build_manip_egg
[3.133s] [01m[K/home/kousei/HaruRobo2024_ws/ros2_ws/src/manip/src/manip_joy_node.cpp:[m[K In member function ‘[01m[Kvoid ManipJoyNode::initialize_state()[m[K’:
[3.133s] [01m[K/home/kousei/HaruRobo2024_ws/ros2_ws/src/manip/src/manip_joy_node.cpp:24:13:[m[K [01;31m[Kerror: [m[K‘[01m[Kusing State_Goal = struct manip::action::State_Goal_<std::allocator<void> >[m[K’ {aka ‘[01m[Kstruct manip::action::State_Goal_<std::allocator<void> >[m[K’} has no member named ‘[01m[Kwork1[m[K’; did you mean ‘[01m[Kwork[m[K’?
[3.133s]    24 |       state.[01;31m[Kwork1[m[K = {0,0,0};
[3.133s]       |             [01;31m[K^~~~~[m[K
[3.133s]       |             [32m[Kwork[m[K
[3.133s] [01m[K/home/kousei/HaruRobo2024_ws/ros2_ws/src/manip/src/manip_joy_node.cpp:25:13:[m[K [01;31m[Kerror: [m[K‘[01m[Kusing State_Goal = struct manip::action::State_Goal_<std::allocator<void> >[m[K’ {aka ‘[01m[Kstruct manip::action::State_Goal_<std::allocator<void> >[m[K’} has no member named ‘[01m[Kwork2[m[K’; did you mean ‘[01m[Kwork[m[K’?
[3.134s]    25 |       state.[01;31m[Kwork2[m[K = {0,0,0};
[3.134s]       |             [01;31m[K^~~~~[m[K
[3.134s]       |             [32m[Kwork[m[K
[3.134s] [01m[K/home/kousei/HaruRobo2024_ws/ros2_ws/src/manip/src/manip_joy_node.cpp:[m[K In lambda function:
[3.134s] [01m[K/home/kousei/HaruRobo2024_ws/ros2_ws/src/manip/src/manip_joy_node.cpp:46:22:[m[K [01;31m[Kerror: [m[K‘[01m[Kusing State_Goal = struct manip::action::State_Goal_<std::allocator<void> >[m[K’ {aka ‘[01m[Kstruct manip::action::State_Goal_<std::allocator<void> >[m[K’} has no member named ‘[01m[Kwork1[m[K’; did you mean ‘[01m[Kwork[m[K’?
[3.134s]    46 |             if(state.[01;31m[Kwork1[m[K[0] == 0){
[3.134s]       |                      [01;31m[K^~~~~[m[K
[3.134s]       |                      [32m[Kwork[m[K
[3.135s] [01m[K/home/kousei/HaruRobo2024_ws/ros2_ws/src/manip/src/manip_joy_node.cpp:47:21:[m[K [01;31m[Kerror: [m[K‘[01m[Kusing State_Goal = struct manip::action::State_Goal_<std::allocator<void> >[m[K’ {aka ‘[01m[Kstruct manip::action::State_Goal_<std::allocator<void> >[m[K’} has no member named ‘[01m[Kwork1[m[K’; did you mean ‘[01m[Kwork[m[K’?
[3.135s]    47 |               state.[01;31m[Kwork1[m[K[0] = 1;
[3.135s]       |                     [01;31m[K^~~~~[m[K
[3.135s]       |                     [32m[Kwork[m[K
[3.135s] [01m[K/home/kousei/HaruRobo2024_ws/ros2_ws/src/manip/src/manip_joy_node.cpp:49:21:[m[K [01;31m[Kerror: [m[K‘[01m[Kusing State_Goal = struct manip::action::State_Goal_<std::allocator<void> >[m[K’ {aka ‘[01m[Kstruct manip::action::State_Goal_<std::allocator<void> >[m[K’} has no member named ‘[01m[Kwork1[m[K’; did you mean ‘[01m[Kwork[m[K’?
[3.135s]    49 |               state.[01;31m[Kwork1[m[K[0] = 0;
[3.135s]       |                     [01;31m[K^~~~~[m[K
[3.135s]       |                     [32m[Kwork[m[K
[3.135s] [01m[K/home/kousei/HaruRobo2024_ws/ros2_ws/src/manip/src/manip_joy_node.cpp:55:22:[m[K [01;31m[Kerror: [m[K‘[01m[Kusing State_Goal = struct manip::action::State_Goal_<std::allocator<void> >[m[K’ {aka ‘[01m[Kstruct manip::action::State_Goal_<std::allocator<void> >[m[K’} has no member named ‘[01m[Kwork1[m[K’; did you mean ‘[01m[Kwork[m[K’?
[3.135s]    55 |             if(state.[01;31m[Kwork1[m[K[1] == 0){
[3.136s]       |                      [01;31m[K^~~~~[m[K
[3.136s]       |                      [32m[Kwork[m[K
[3.136s] [01m[K/home/kousei/HaruRobo2024_ws/ros2_ws/src/manip/src/manip_joy_node.cpp:56:21:[m[K [01;31m[Kerror: [m[K‘[01m[Kusing State_Goal = struct manip::action::State_Goal_<std::allocator<void> >[m[K’ {aka ‘[01m[Kstruct manip::action::State_Goal_<std::allocator<void> >[m[K’} has no member named ‘[01m[Kwork1[m[K’; did you mean ‘[01m[Kwork[m[K’?
[3.136s]    56 |               state.[01;31m[Kwork1[m[K[1] = 1;
[3.136s]       |                     [01;31m[K^~~~~[m[K
[3.136s]       |                     [32m[Kwork[m[K
[3.136s] [01m[K/home/kousei/HaruRobo2024_ws/ros2_ws/src/manip/src/manip_joy_node.cpp:58:21:[m[K [01;31m[Kerror: [m[K‘[01m[Kusing State_Goal = struct manip::action::State_Goal_<std::allocator<void> >[m[K’ {aka ‘[01m[Kstruct manip::action::State_Goal_<std::allocator<void> >[m[K’} has no member named ‘[01m[Kwork1[m[K’; did you mean ‘[01m[Kwork[m[K’?
[3.136s]    58 |               state.[01;31m[Kwork1[m[K[1] = 0;
[3.137s]       |                     [01;31m[K^~~~~[m[K
[3.137s]       |                     [32m[Kwork[m[K
[3.137s] [01m[K/home/kousei/HaruRobo2024_ws/ros2_ws/src/manip/src/manip_joy_node.cpp:64:22:[m[K [01;31m[Kerror: [m[K‘[01m[Kusing State_Goal = struct manip::action::State_Goal_<std::allocator<void> >[m[K’ {aka ‘[01m[Kstruct manip::action::State_Goal_<std::allocator<void> >[m[K’} has no member named ‘[01m[Kwork1[m[K’; did you mean ‘[01m[Kwork[m[K’?
[3.137s]    64 |             if(state.[01;31m[Kwork1[m[K[2] == 0){
[3.137s]       |                      [01;31m[K^~~~~[m[K
[3.137s]       |                      [32m[Kwork[m[K
[3.137s] [01m[K/home/kousei/HaruRobo2024_ws/ros2_ws/src/manip/src/manip_joy_node.cpp:65:21:[m[K [01;31m[Kerror: [m[K‘[01m[Kusing State_Goal = struct manip::action::State_Goal_<std::allocator<void> >[m[K’ {aka ‘[01m[Kstruct manip::action::State_Goal_<std::allocator<void> >[m[K’} has no member named ‘[01m[Kwork1[m[K’; did you mean ‘[01m[Kwork[m[K’?
[3.137s]    65 |               state.[01;31m[Kwork1[m[K[2] = 1;
[3.137s]       |                     [01;31m[K^~~~~[m[K
[3.137s]       |                     [32m[Kwork[m[K
[3.137s] [01m[K/home/kousei/HaruRobo2024_ws/ros2_ws/src/manip/src/manip_joy_node.cpp:67:21:[m[K [01;31m[Kerror: [m[K‘[01m[Kusing State_Goal = struct manip::action::State_Goal_<std::allocator<void> >[m[K’ {aka ‘[01m[Kstruct manip::action::State_Goal_<std::allocator<void> >[m[K’} has no member named ‘[01m[Kwork1[m[K’; did you mean ‘[01m[Kwork[m[K’?
[3.138s]    67 |               state.[01;31m[Kwork1[m[K[2] = 0;
[3.138s]       |                     [01;31m[K^~~~~[m[K
[3.138s]       |                     [32m[Kwork[m[K
[3.188s] [01m[K/home/kousei/HaruRobo2024_ws/ros2_ws/src/manip/src/manip_control_node.cpp:[m[K In member function ‘[01m[Kvoid ManipControlNode::initialize_state()[m[K’:
[3.188s] [01m[K/home/kousei/HaruRobo2024_ws/ros2_ws/src/manip/src/manip_control_node.cpp:24:13:[m[K [01;31m[Kerror: [m[K‘[01m[Kusing State_Goal = struct manip::action::State_Goal_<std::allocator<void> >[m[K’ {aka ‘[01m[Kstruct manip::action::State_Goal_<std::allocator<void> >[m[K’} has no member named ‘[01m[Kwork1[m[K’; did you mean ‘[01m[Kwork[m[K’?
[3.188s]    24 |       state.[01;31m[Kwork1[m[K = {0,0,0};
[3.188s]       |             [01;31m[K^~~~~[m[K
[3.189s]       |             [32m[Kwork[m[K
[3.190s] [01m[K/home/kousei/HaruRobo2024_ws/ros2_ws/src/manip/src/manip_control_node.cpp:[m[K In lambda function:
[3.190s] [01m[K/home/kousei/HaruRobo2024_ws/ros2_ws/src/manip/src/manip_control_node.cpp:47:69:[m[K [01;35m[Kwarning: [m[Kunused parameter ‘[01m[Kmsg[m[K’ [[01;35m[K]8;;https://gcc.gnu.org/onlinedocs/gcc/Warning-Options.html#index-Wunused-parameter-Wunused-parameter]8;;[m[K]
[3.190s]    47 |         auto topic_callback = [this]([01;35m[Kconst manip_msgs::msg::Result &msg[m[K) -> void {
[3.190s]       |                                      [01;35m[K~~~~~~~~~~~~~~~~~~~~~~~~~~~~~~~^~~[m[K
[3.213s] [01m[K/home/kousei/HaruRobo2024_ws/ros2_ws/src/manip/src/manip_control_node.cpp:[m[K In member function ‘[01m[Krclcpp_action::GoalResponse ManipControlNode::handle_goal(const GoalUUID&, std::shared_ptr<const manip::action::State_Goal_<std::allocator<void> > >)[m[K’:
[3.213s] [01m[K/home/kousei/HaruRobo2024_ws/ros2_ws/src/manip/src/manip_control_node.cpp:71:40:[m[K [01;35m[Kwarning: [m[Kunused parameter ‘[01m[Kgoal[m[K’ [[01;35m[K]8;;https://gcc.gnu.org/onlinedocs/gcc/Warning-Options.html#index-Wunused-parameter-Wunused-parameter]8;;[m[K]
[3.213s]    71 |     [01;35m[Kstd::shared_ptr<const State::Goal> goal[m[K)
[3.213s]       |     [01;35m[K~~~~~~~~~~~~~~~~~~~~~~~~~~~~~~~~~~~^~~~[m[K
[3.221s] [01m[K/home/kousei/HaruRobo2024_ws/ros2_ws/src/manip/src/manip_control_node.cpp:[m[K In member function ‘[01m[Kvoid ManipControlNode::make_cmd(std::shared_ptr<rclcpp_action::ServerGoalHandle<manip::action::State> >)[m[K’:
[3.221s] [01m[K/home/kousei/HaruRobo2024_ws/ros2_ws/src/manip/src/manip_control_node.cpp:132:16:[m[K [01;31m[Kerror: [m[K‘[01m[Kusing element_type = const struct manip::action::State_Goal_<std::allocator<void> >[m[K’ {aka ‘[01m[Kconst struct manip::action::State_Goal_<std::allocator<void> >[m[K’} has no member named ‘[01m[Kwork1[m[K’; did you mean ‘[01m[Kwork[m[K’?
[3.221s]   132 |     if(!(goal->[01;31m[Kwork1[m[K[0] == state.work1[0])){
[3.221s]       |                [01;31m[K^~~~~[m[K
[3.221s]       |                [32m[Kwork[m[K
[3.221s] [01m[K/home/kousei/HaruRobo2024_ws/ros2_ws/src/manip/src/manip_control_node.cpp:132:34:[m[K [01;31m[Kerror: [m[K‘[01m[Kusing State_Goal = struct manip::action::State_Goal_<std::allocator<void> >[m[K’ {aka ‘[01m[Kstruct manip::action::State_Goal_<std::allocator<void> >[m[K’} has no member named ‘[01m[Kwork1[m[K’; did you mean ‘[01m[Kwork[m[K’?
[3.222s]   132 |     if(!(goal->work1[0] == state.[01;31m[Kwork1[m[K[0])){
[3.222s]       |                                  [01;31m[K^~~~~[m[K
[3.222s]       |                                  [32m[Kwork[m[K
[3.222s] [01m[K/home/kousei/HaruRobo2024_ws/ros2_ws/src/manip/src/manip_control_node.cpp:133:35:[m[K [01;31m[Kerror: [m[K‘[01m[Kusing element_type = const struct manip::action::State_Goal_<std::allocator<void> >[m[K’ {aka ‘[01m[Kconst struct manip::action::State_Goal_<std::allocator<void> >[m[K’} has no member named ‘[01m[Kwork1[m[K’; did you mean ‘[01m[Kwork[m[K’?
[3.222s]   133 |       cmd.work_arm_deploy = goal->[01;31m[Kwork1[m[K[0];
[3.222s]       |                                   [01;31m[K^~~~~[m[K
[3.222s]       |                                   [32m[Kwork[m[K
[3.222s] [01m[K/home/kousei/HaruRobo2024_ws/ros2_ws/src/manip/src/manip_control_node.cpp:135:16:[m[K [01;31m[Kerror: [m[K‘[01m[Kusing element_type = const struct manip::action::State_Goal_<std::allocator<void> >[m[K’ {aka ‘[01m[Kconst struct manip::action::State_Goal_<std::allocator<void> >[m[K’} has no member named ‘[01m[Kwork1[m[K’; did you mean ‘[01m[Kwork[m[K’?
[3.223s]   135 |     if(!(goal->[01;31m[Kwork1[m[K[1] == state.work1[1])){
[3.223s]       |                [01;31m[K^~~~~[m[K
[3.223s]       |                [32m[Kwork[m[K
[3.223s] [01m[K/home/kousei/HaruRobo2024_ws/ros2_ws/src/manip/src/manip_control_node.cpp:135:34:[m[K [01;31m[Kerror: [m[K‘[01m[Kusing State_Goal = struct manip::action::State_Goal_<std::allocator<void> >[m[K’ {aka ‘[01m[Kstruct manip::action::State_Goal_<std::allocator<void> >[m[K’} has no member named ‘[01m[Kwork1[m[K’; did you mean ‘[01m[Kwork[m[K’?
[3.223s]   135 |     if(!(goal->work1[1] == state.[01;31m[Kwork1[m[K[1])){
[3.223s]       |                                  [01;31m[K^~~~~[m[K
[3.223s]       |                                  [32m[Kwork[m[K
[3.224s] [01m[K/home/kousei/HaruRobo2024_ws/ros2_ws/src/manip/src/manip_control_node.cpp:136:28:[m[K [01;31m[Kerror: [m[K‘[01m[Kusing element_type = const struct manip::action::State_Goal_<std::allocator<void> >[m[K’ {aka ‘[01m[Kconst struct manip::action::State_Goal_<std::allocator<void> >[m[K’} has no member named ‘[01m[Kwork1[m[K’; did you mean ‘[01m[Kwork[m[K’?
[3.224s]   136 |       cmd.work_arm = goal->[01;31m[Kwork1[m[K[1];
[3.224s]       |                            [01;31m[K^~~~~[m[K
[3.224s]       |                            [32m[Kwork[m[K
[3.224s] [01m[K/home/kousei/HaruRobo2024_ws/ros2_ws/src/manip/src/manip_control_node.cpp:138:16:[m[K [01;31m[Kerror: [m[K‘[01m[Kusing element_type = const struct manip::action::State_Goal_<std::allocator<void> >[m[K’ {aka ‘[01m[Kconst struct manip::action::State_Goal_<std::allocator<void> >[m[K’} has no member named ‘[01m[Kwork1[m[K’; did you mean ‘[01m[Kwork[m[K’?
[3.224s]   138 |     if(!(goal->[01;31m[Kwork1[m[K[2] == state.work1[2])){
[3.224s]       |                [01;31m[K^~~~~[m[K
[3.224s]       |                [32m[Kwork[m[K
[3.224s] [01m[K/home/kousei/HaruRobo2024_ws/ros2_ws/src/manip/src/manip_control_node.cpp:138:34:[m[K [01;31m[Kerror: [m[K‘[01m[Kusing State_Goal = struct manip::action::State_Goal_<std::allocator<void> >[m[K’ {aka ‘[01m[Kstruct manip::action::State_Goal_<std::allocator<void> >[m[K’} has no member named ‘[01m[Kwork1[m[K’; did you mean ‘[01m[Kwork[m[K’?
[3.224s]   138 |     if(!(goal->work1[2] == state.[01;31m[Kwork1[m[K[2])){
[3.225s]       |                                  [01;31m[K^~~~~[m[K
[3.225s]       |                                  [32m[Kwork[m[K
[3.225s] [01m[K/home/kousei/HaruRobo2024_ws/ros2_ws/src/manip/src/manip_control_node.cpp:139:29:[m[K [01;31m[Kerror: [m[K‘[01m[Kusing element_type = const struct manip::action::State_Goal_<std::allocator<void> >[m[K’ {aka ‘[01m[Kconst struct manip::action::State_Goal_<std::allocator<void> >[m[K’} has no member named ‘[01m[Kwork1[m[K’; did you mean ‘[01m[Kwork[m[K’?
[3.225s]   139 |       cmd.work_hand = goal->[01;31m[Kwork1[m[K[2];
[3.225s]       |                             [01;31m[K^~~~~[m[K
[3.225s]       |                             [32m[Kwork[m[K
[3.225s] [01m[K/home/kousei/HaruRobo2024_ws/ros2_ws/src/manip/src/manip_control_node.cpp:[m[K In member function ‘[01m[Kvoid ManipControlNode::execute_cmd(std::shared_ptr<rclcpp_action::ServerGoalHandle<manip::action::State> >)[m[K’:
[3.225s] [01m[K/home/kousei/HaruRobo2024_ws/ros2_ws/src/manip/src/manip_control_node.cpp:157:11:[m[K [01;31m[Kerror: [m[K‘[01m[Kusing State_Goal = struct manip::action::State_Goal_<std::allocator<void> >[m[K’ {aka ‘[01m[Kstruct manip::action::State_Goal_<std::allocator<void> >[m[K’} has no member named ‘[01m[Kwork1[m[K’; did you mean ‘[01m[Kwork[m[K’?
[3.225s]   157 |     state.[01;31m[Kwork1[m[K = goal->work1;
[3.225s]       |           [01;31m[K^~~~~[m[K
[3.226s]       |           [32m[Kwork[m[K
[3.226s] [01m[K/home/kousei/HaruRobo2024_ws/ros2_ws/src/manip/src/manip_control_node.cpp:157:25:[m[K [01;31m[Kerror: [m[K‘[01m[Kusing element_type = const struct manip::action::State_Goal_<std::allocator<void> >[m[K’ {aka ‘[01m[Kconst struct manip::action::State_Goal_<std::allocator<void> >[m[K’} has no member named ‘[01m[Kwork1[m[K’; did you mean ‘[01m[Kwork[m[K’?
[3.226s]   157 |     state.work1 = goal->[01;31m[Kwork1[m[K;
[3.226s]       |                         [01;31m[K^~~~~[m[K
[3.226s]       |                         [32m[Kwork[m[K
[3.226s] [01m[K/home/kousei/HaruRobo2024_ws/ros2_ws/src/manip/src/manip_control_node.cpp:[m[K In member function ‘[01m[Kvoid ManipControlNode::show_goal(std::shared_ptr<rclcpp_action::ServerGoalHandle<manip::action::State> >)[m[K’:
[3.226s] [01m[K/home/kousei/HaruRobo2024_ws/ros2_ws/src/manip/src/manip_control_node.cpp:176:36:[m[K [01;31m[Kerror: [m[K‘[01m[Kusing element_type = const struct manip::action::State_Goal_<std::allocator<void> >[m[K’ {aka ‘[01m[Kconst struct manip::action::State_Goal_<std::allocator<void> >[m[K’} has no member named ‘[01m[Kwork1[m[K’; did you mean ‘[01m[Kwork[m[K’?
[3.226s]   176 |     for (auto const& value : goal->[01;31m[Kwork1[m[K) ss << value << "; ";
[3.226s]       |                                    [01;31m[K^~~~~[m[K
[3.226s]       |                                    [32m[Kwork[m[K
[3.226s] [01m[K/home/kousei/HaruRobo2024_ws/ros2_ws/src/manip/src/manip_control_node.cpp:[m[K In member function ‘[01m[Kvoid ManipControlNode::show_state(manip::action::State_Goal)[m[K’:
[3.227s] [01m[K/home/kousei/HaruRobo2024_ws/ros2_ws/src/manip/src/manip_control_node.cpp:184:36:[m[K [01;31m[Kerror: [m[K‘[01m[Kusing State_Goal = struct manip::action::State_Goal_<std::allocator<void> >[m[K’ {aka ‘[01m[Kstruct manip::action::State_Goal_<std::allocator<void> >[m[K’} has no member named ‘[01m[Kwork1[m[K’; did you mean ‘[01m[Kwork[m[K’?
[3.227s]   184 |     for (auto const& value : state.[01;31m[Kwork1[m[K) ss << value << "; ";
[3.227s]       |                                    [01;31m[K^~~~~[m[K
[3.227s]       |                                    [32m[Kwork[m[K
[4.912s] gmake[2]: *** [CMakeFiles/manip_joy_node.dir/build.make:76: CMakeFiles/manip_joy_node.dir/src/manip_joy_node.cpp.o] エラー 1
[4.913s] gmake[1]: *** [CMakeFiles/Makefile2:185: CMakeFiles/manip_joy_node.dir/all] エラー 2
[4.913s] gmake[1]: *** 未完了のジョブを待っています....
[4.998s] gmake[2]: *** [CMakeFiles/manip_control_node.dir/build.make:76: CMakeFiles/manip_control_node.dir/src/manip_control_node.cpp.o] エラー 1
[4.998s] gmake[1]: *** [CMakeFiles/Makefile2:212: CMakeFiles/manip_control_node.dir/all] エラー 2
[4.999s] gmake: *** [Makefile:146: all] エラー 2
[5.002s] Invoked command in '/home/kousei/HaruRobo2024_ws/ros2_ws/build/manip' returned '2': CMAKE_PREFIX_PATH=/home/kousei/HaruRobo2024_ws/ros2_ws/install/manip_msgs:/home/kousei/HaruRobo2024_ws/ros2_ws/install/urg_node2:/home/kousei/HaruRobo2024_ws/ros2_ws/install/path_following:/home/kousei/HaruRobo2024_ws/ros2_ws/install/omni_control:/home/kousei/HaruRobo2024_ws/ros2_ws/install/bt:/home/kousei/HaruRobo2024_ws/ros2_ws/install/manip:/home/kousei/HaruRobo2024_ws/ros2_ws/install/key_event_nodes:/home/kousei/HaruRobo2024_ws/ros2_ws/install/key_event_msgs:/home/kousei/HaruRobo2024_ws/ros2_ws/install/drive_msgs:/home/kousei/2DRoboPrac_ws/ros2_ws/install/urg_node2:/home/kousei/2DRoboPrac_ws/ros2_ws/install/omni_control:/home/kousei/2DRoboPrac_ws/ros2_ws/install/nav_real:/home/kousei/2DRoboPrac_ws/ros2_ws/install/nav_dev:/home/kousei/2DRoboPrac_ws/ros2_ws/install/key_event_nodes:/home/kousei/2DRoboPrac_ws/ros2_ws/install/key_event_msgs:/home/kousei/2DRoboPrac_ws/ros2_ws/install/drive_msgs:/opt/ros/humble LD_LIBRARY_PATH=/home/kousei/HaruRobo2024_ws/ros2_ws/install/manip_msgs/lib:/home/kousei/HaruRobo2024_ws/ros2_ws/install/urg_node2/lib:/home/kousei/HaruRobo2024_ws/ros2_ws/install/path_following/lib:/home/kousei/HaruRobo2024_ws/ros2_ws/install/manip/lib:/home/kousei/HaruRobo2024_ws/ros2_ws/install/key_event_nodes/lib:/home/kousei/HaruRobo2024_ws/ros2_ws/install/key_event_msgs/lib:/home/kousei/HaruRobo2024_ws/ros2_ws/install/drive_msgs/lib:/usr/local/lib:/usr/local/lib:/home/kousei/2DRoboPrac_ws/ros2_ws/install/urg_node2/lib:/home/kousei/2DRoboPrac_ws/ros2_ws/install/key_event_nodes/lib:/home/kousei/2DRoboPrac_ws/ros2_ws/install/key_event_msgs/lib:/home/kousei/2DRoboPrac_ws/ros2_ws/install/drive_msgs/lib:/usr/lib/x86_64-linux-gnu/gazebo-11/plugins:/opt/ros/humble/opt/rviz_ogre_vendor/lib:/opt/ros/humble/lib/x86_64-linux-gnu:/opt/ros/humble/lib /usr/bin/cmake --build /home/kousei/HaruRobo2024_ws/ros2_ws/build/manip -- -j16 -l16
