-- Found ament_cmake_auto: 1.3.6 (/opt/ros/humble/share/ament_cmake_auto/cmake)
-- Found rosidl_generator_c: 3.1.5 (/opt/ros/humble/share/rosidl_generator_c/cmake)
-- Found rosidl_adapter: 3.1.5 (/opt/ros/humble/share/rosidl_adapter/cmake)
-- Found rosidl_generator_cpp: 3.1.5 (/opt/ros/humble/share/rosidl_generator_cpp/cmake)
-- Using all available rosidl_typesupport_c: rosidl_typesupport_fastrtps_c;rosidl_typesupport_introspection_c
-- Using all available rosidl_typesupport_cpp: rosidl_typesupport_fastrtps_cpp;rosidl_typesupport_introspection_cpp
-- Found rmw_implementation_cmake: 6.1.1 (/opt/ros/humble/share/rmw_implementation_cmake/cmake)
-- Found rmw_fastrtps_cpp: 6.2.5 (/opt/ros/humble/share/rmw_fastrtps_cpp/cmake)
-- Using RMW implementation 'rmw_fastrtps_cpp' as default
-- Found ament_lint_auto: 0.12.9 (/opt/ros/humble/share/ament_lint_auto/cmake)
-- Found ament_cmake_ros: 0.10.0 (/opt/ros/humble/share/ament_cmake_ros/cmake)
-- Using all available rosidl_typesupport_c: rosidl_typesupport_fastrtps_c;rosidl_typesupport_introspection_c
-- Using all available rosidl_typesupport_cpp: rosidl_typesupport_fastrtps_cpp;rosidl_typesupport_introspection_cpp
-- Found python_cmake_module: 0.10.0 (/opt/ros/humble/share/python_cmake_module/cmake)
-- Using PYTHON_EXECUTABLE: /usr/bin/python3
-- Using PYTHON_INCLUDE_DIRS: /usr/include/python3.10
-- Using PYTHON_LIBRARIES: /usr/lib/x86_64-linux-gnu/libpython3.10.so
-- Added test 'cppcheck' to perform static code analysis on C / C++ code
-- Configured cppcheck include dirs: /home/kousei/HaruRobo2024_ws/ros2_ws/src/manip/include
-- Configured cppcheck exclude dirs and/or files: 
-- Added test 'lint_cmake' to check CMake code style
-- Added test 'uncrustify' to check C / C++ code style
-- Configured uncrustify additional arguments: 
-- Added test 'xmllint' to check XML markup files
-- Configuring done
-- Generating done
-- Build files have been written to: /home/kousei/HaruRobo2024_ws/ros2_ws/build/manip
[35m[1mConsolidate compiler generated dependencies of target manip__rosidl_generator_c[0m
[  1%] Built target manip__cpp
[  3%] [32m[1mLinking C shared library libmanip__rosidl_generator_c.so[0m
[  3%] Built target ament_cmake_python_copy_manip
[35m[1mConsolidate compiler generated dependencies of target manip__rosidl_typesupport_cpp[0m
[35m[1mConsolidate compiler generated dependencies of target manip__rosidl_typesupport_fastrtps_cpp[0m
[35m[1mConsolidate compiler generated dependencies of target manip__rosidl_typesupport_introspection_cpp[0m
[  5%] [32m[1mLinking CXX shared library libmanip__rosidl_typesupport_cpp.so[0m
[  7%] [32m[1mLinking CXX shared library libmanip__rosidl_typesupport_fastrtps_cpp.so[0m
[  9%] [32m[1mLinking CXX shared library libmanip__rosidl_typesupport_introspection_cpp.so[0m
[ 17%] Built target manip__rosidl_generator_c
[35m[1mConsolidate compiler generated dependencies of target manip__rosidl_typesupport_introspection_c[0m
[35m[1mConsolidate compiler generated dependencies of target manip__rosidl_typesupport_fastrtps_c[0m
[35m[1mConsolidate compiler generated dependencies of target manip__rosidl_typesupport_c[0m
[ 19%] [32mBuilding C object CMakeFiles/manip__rosidl_typesupport_introspection_c.dir/rosidl_typesupport_introspection_c/manip/action/detail/state__type_support.c.o[0m
[ 21%] [32mBuilding CXX object CMakeFiles/manip__rosidl_typesupport_fastrtps_c.dir/rosidl_typesupport_fastrtps_c/manip/action/detail/state__type_support_c.cpp.o[0m
[ 23%] [32mBuilding CXX object CMakeFiles/manip__rosidl_typesupport_c.dir/rosidl_typesupport_c/manip/action/state__type_support.cpp.o[0m
[ 31%] Built target manip__rosidl_typesupport_cpp
[35m[1mConsolidate compiler generated dependencies of target manip_joy_node[0m
[35m[1mConsolidate compiler generated dependencies of target manip_control_node[0m
[ 39%] Built target manip__rosidl_typesupport_fastrtps_cpp
[ 43%] [32mBuilding CXX object CMakeFiles/manip_joy_node.dir/src/manip_joy_node.cpp.o[0m
[ 43%] [32mBuilding CXX object CMakeFiles/manip_control_node.dir/src/manip_control_node.cpp.o[0m
[ 45%] [32m[1mLinking C shared library libmanip__rosidl_typesupport_introspection_c.so[0m
[ 47%] [32m[1mLinking CXX shared library libmanip__rosidl_typesupport_c.so[0m
[ 54%] Built target manip__rosidl_typesupport_introspection_cpp
[ 60%] Built target manip__rosidl_typesupport_introspection_c
[ 66%] Built target manip__rosidl_typesupport_c
running egg_info
writing manip.egg-info/PKG-INFO
writing dependency_links to manip.egg-info/dependency_links.txt
writing top-level names to manip.egg-info/top_level.txt
reading manifest file 'manip.egg-info/SOURCES.txt'
writing manifest file 'manip.egg-info/SOURCES.txt'
[ 66%] Built target ament_cmake_python_build_manip_egg
[ 68%] [32m[1mLinking CXX shared library libmanip__rosidl_typesupport_fastrtps_c.so[0m
[ 74%] Built target manip__rosidl_typesupport_fastrtps_c
[ 74%] Built target manip
[ 76%] Built target manip__py
[35m[1mConsolidate compiler generated dependencies of target manip__rosidl_generator_py[0m
[ 78%] [32mBuilding C object CMakeFiles/manip__rosidl_generator_py.dir/rosidl_generator_py/manip/action/_state_s.c.o[0m
[ 80%] [32m[1mLinking C shared library rosidl_generator_py/manip/libmanip__rosidl_generator_py.so[0m
[ 84%] Built target manip__rosidl_generator_py
[35m[1mConsolidate compiler generated dependencies of target manip__rosidl_typesupport_fastrtps_c__pyext[0m
[35m[1mConsolidate compiler generated dependencies of target manip__rosidl_typesupport_introspection_c__pyext[0m
[35m[1mConsolidate compiler generated dependencies of target manip__rosidl_typesupport_c__pyext[0m
[ 86%] [32mBuilding C object CMakeFiles/manip__rosidl_typesupport_fastrtps_c__pyext.dir/rosidl_generator_py/manip/_manip_s.ep.rosidl_typesupport_fastrtps_c.c.o[0m
[ 90%] [32mBuilding C object CMakeFiles/manip__rosidl_typesupport_c__pyext.dir/rosidl_generator_py/manip/_manip_s.ep.rosidl_typesupport_c.c.o[0m
[ 90%] [32mBuilding C object CMakeFiles/manip__rosidl_typesupport_introspection_c__pyext.dir/rosidl_generator_py/manip/_manip_s.ep.rosidl_typesupport_introspection_c.c.o[0m
[ 92%] [32m[1mLinking C shared library rosidl_generator_py/manip/manip_s__rosidl_typesupport_fastrtps_c.cpython-310-x86_64-linux-gnu.so[0m
[ 94%] [32m[1mLinking C shared library rosidl_generator_py/manip/manip_s__rosidl_typesupport_introspection_c.cpython-310-x86_64-linux-gnu.so[0m
[ 96%] [32m[1mLinking C shared library rosidl_generator_py/manip/manip_s__rosidl_typesupport_c.cpython-310-x86_64-linux-gnu.so[0m
[ 96%] Built target manip__rosidl_typesupport_fastrtps_c__pyext
[ 96%] Built target manip__rosidl_typesupport_introspection_c__pyext
[ 96%] Built target manip__rosidl_typesupport_c__pyext
[01m[K/home/kousei/HaruRobo2024_ws/ros2_ws/src/manip/src/manip_joy_node.cpp:[m[K In member function ‚Äò[01m[Kvoid manip_control_cpp::ManipJoyNode::feedback_callback(rclcpp_action::ClientGoalHandle<manip::action::State>::SharedPtr, std::shared_ptr<const manip::action::State_Feedback_<std::allocator<void> > >)[m[K‚Äô:
[01m[K/home/kousei/HaruRobo2024_ws/ros2_ws/src/manip/src/manip_joy_node.cpp:71:50:[m[K [01;35m[Kwarning: [m[Kunused parameter ‚Äò[01m[Kfeedback[m[K‚Äô [[01;35m[K]8;;https://gcc.gnu.org/onlinedocs/gcc/Warning-Options.html#index-Wunused-parameter-Wunused-parameter]8;;[m[K]
   71 |     [01;35m[Kconst std::shared_ptr<const State::Feedback> feedback[m[K)
      |     [01;35m[K~~~~~~~~~~~~~~~~~~~~~~~~~~~~~~~~~~~~~~~~~~~~~^~~~~~~~[m[K
[01m[K/home/kousei/HaruRobo2024_ws/ros2_ws/src/manip/src/manip_joy_node.cpp:[m[K In member function ‚Äò[01m[Kvoid manip_control_cpp::ManipJoyNode::result_callback(const rclcpp_action::ClientGoalHandle<manip::action::State>::WrappedResult&)[m[K‚Äô:
[01m[K/home/kousei/HaruRobo2024_ws/ros2_ws/src/manip/src/manip_joy_node.cpp:76:63:[m[K [01;35m[Kwarning: [m[Kunused parameter ‚Äò[01m[Kresult[m[K‚Äô [[01;35m[K]8;;https://gcc.gnu.org/onlinedocs/gcc/Warning-Options.html#index-Wunused-parameter-Wunused-parameter]8;;[m[K]
   76 |   void result_callback([01;35m[Kconst GoalHandleState::WrappedResult & result[m[K)
      |                        [01;35m[K~~~~~~~~~~~~~~~~~~~~~~~~~~~~~~~~~~~~~~~^~~~~~[m[K
In file included from [01m[K/opt/ros/humble/include/rclcpp/rclcpp/logging.hpp:24[m[K,
                 from [01m[K/opt/ros/humble/include/rclcpp/rclcpp/client.hpp:40[m[K,
                 from [01m[K/opt/ros/humble/include/rclcpp/rclcpp/callback_group.hpp:24[m[K,
                 from [01m[K/opt/ros/humble/include/rclcpp/rclcpp/any_executable.hpp:20[m[K,
                 from [01m[K/opt/ros/humble/include/rclcpp/rclcpp/memory_strategy.hpp:25[m[K,
                 from [01m[K/opt/ros/humble/include/rclcpp/rclcpp/memory_strategies.hpp:18[m[K,
                 from [01m[K/opt/ros/humble/include/rclcpp/rclcpp/executor_options.hpp:20[m[K,
                 from [01m[K/opt/ros/humble/include/rclcpp/rclcpp/executor.hpp:37[m[K,
                 from [01m[K/opt/ros/humble/include/rclcpp/rclcpp/executors/multi_threaded_executor.hpp:25[m[K,
                 from [01m[K/opt/ros/humble/include/rclcpp/rclcpp/executors.hpp:21[m[K,
                 from [01m[K/opt/ros/humble/include/rclcpp/rclcpp/rclcpp.hpp:155[m[K,
                 from [01m[K/home/kousei/HaruRobo2024_ws/ros2_ws/src/manip/src/manip_control_node.cpp:4[m[K:
[01m[K/home/kousei/HaruRobo2024_ws/ros2_ws/src/manip/src/manip_control_node.cpp:[m[K In member function ‚Äò[01m[Krclcpp_action::GoalResponse manip_control_cpp::ManipControlNode::handle_goal(const GoalUUID&, std::shared_ptr<const manip::action::State_Goal_<std::allocator<void> > >)[m[K‚Äô:
[01m[K/home/kousei/HaruRobo2024_ws/ros2_ws/src/manip/src/manip_control_node.cpp:38:37:[m[K [01;35m[Kwarning: [m[Kformat ‚Äò[01m[K%d[m[K‚Äô expects argument of type ‚Äò[01m[Kint[m[K‚Äô, but argument 5 has type ‚Äò[01m[Klong int[m[K‚Äô [[01;35m[K]8;;https://gcc.gnu.org/onlinedocs/gcc/Warning-Options.html#index-Wformat=-Wformat=]8;;[m[K]
   38 |     RCLCPP_INFO(this->get_logger(), [01;35m[K"Received goal request with order %d"[m[K, goal->base1[0]);
      |                                     [01;35m[K^~~~~~~~~~~~~~~~~~~~~~~~~~~~~~~~~~~~~[m[K
[01m[K/home/kousei/HaruRobo2024_ws/ros2_ws/src/manip/src/manip_control_node.cpp:38:72:[m[K [01;36m[Knote: [m[Kformat string is defined here
   38 |     RCLCPP_INFO(this->get_logger(), "Received goal request with order [01;36m[K%d[m[K", goal->base1[0]);
      |                                                                       [01;36m[K~^[m[K
      |                                                                        [01;36m[K|[m[K
      |                                                                        [01;36m[Kint[m[K
      |                                                                       [32m[K%ld[m[K
[01m[K/home/kousei/HaruRobo2024_ws/ros2_ws/src/manip/src/manip_control_node.cpp:[m[K In member function ‚Äò[01m[Kvoid manip_control_cpp::ManipControlNode::execute(std::shared_ptr<rclcpp_action::ServerGoalHandle<manip::action::State> >)[m[K‚Äô:
[01m[K/home/kousei/HaruRobo2024_ws/ros2_ws/src/manip/src/manip_control_node.cpp:60:59:[m[K [01;35m[Kwarning: [m[Kunused parameter ‚Äò[01m[Kgoal_handle[m[K‚Äô [[01;35m[K]8;;https://gcc.gnu.org/onlinedocs/gcc/Warning-Options.html#index-Wunused-parameter-Wunused-parameter]8;;[m[K]
   60 |   void execute([01;35m[Kconst std::shared_ptr<GoalHandleFibonacci> goal_handle[m[K)
      |                [01;35m[K~~~~~~~~~~~~~~~~~~~~~~~~~~~~~~~~~~~~~~~~~~~^~~~~~~~~~~[m[K
[ 98%] [32m[1mLinking CXX executable manip_control_node[0m
/usr/bin/ld: /usr/lib/gcc/x86_64-linux-gnu/11/../../../x86_64-linux-gnu/Scrt1.o: in function `_start':
(.text+0x1b): undefined reference to `main'
collect2: error: ld returned 1 exit status
gmake[2]: *** [CMakeFiles/manip_control_node.dir/build.make:235: manip_control_node] „Ç®„É©„Éº 1
gmake[1]: *** [CMakeFiles/Makefile2:212: CMakeFiles/manip_control_node.dir/all] „Ç®„É©„Éº 2
gmake[1]: *** Êú™ÂÆå‰∫Ü„ÅÆ„Ç∏„Éß„Éñ„ÇíÂæÖ„Å£„Å¶„ÅÑ„Åæ„Åô....
[100%] [32m[1mLinking CXX executable manip_joy_node[0m
/usr/bin/ld: /usr/lib/gcc/x86_64-linux-gnu/11/../../../x86_64-linux-gnu/Scrt1.o: in function `_start':
(.text+0x1b): undefined reference to `main'
collect2: error: ld returned 1 exit status
gmake[2]: *** [CMakeFiles/manip_joy_node.dir/build.make:235: manip_joy_node] „Ç®„É©„Éº 1
gmake[1]: *** [CMakeFiles/Makefile2:185: CMakeFiles/manip_joy_node.dir/all] „Ç®„É©„Éº 2
gmake: *** [Makefile:146: all] „Ç®„É©„Éº 2
