[ 11%] Built target manip__rosidl_generator_c
[ 11%] Built target manip__cpp
[ 11%] Built target ament_cmake_python_copy_manip
[ 21%] Built target manip__rosidl_typesupport_fastrtps_c
[ 31%] Built target manip__rosidl_typesupport_c
[ 41%] Built target manip__rosidl_typesupport_introspection_c
[ 50%] Built target manip__rosidl_typesupport_introspection_cpp
[ 60%] Built target manip__rosidl_typesupport_cpp
[ 70%] Built target manip__rosidl_typesupport_fastrtps_cpp
[35m[1mConsolidate compiler generated dependencies of target manip_joy_node[0m
[ 70%] Built target manip
[ 72%] [32mBuilding CXX object CMakeFiles/manip_control_node.dir/src/manip_control_node.cpp.o[0m
[ 74%] [32mBuilding CXX object CMakeFiles/manip_joy_node.dir/src/manip_joy_node.cpp.o[0m
[ 76%] Built target manip__py
[ 84%] Built target manip__rosidl_generator_py
[ 88%] Built target manip__rosidl_typesupport_fastrtps_c__pyext
[ 96%] Built target manip__rosidl_typesupport_c__pyext
[ 96%] Built target manip__rosidl_typesupport_introspection_c__pyext
[01m[K/home/kousei/HaruRobo2024_ws/ros2_ws/src/manip/src/manip_control_node.cpp:9:10:[m[K [01;31m[Kfatal error: [m[Krclcpp_components/register_node_macro.hpp: ãã®ã‚ˆã†ãªãƒ•ã‚¡ã‚¤ãƒ«ã‚„ãƒ‡ã‚£ãƒ¬ã‚¯ãƒˆãƒªã¯ã‚ã‚Šã¾ã›ã‚“
    9 | #include [01;31m[K"rclcpp_components/register_node_macro.hpp"[m[K
      |          [01;31m[K^~~~~~~~~~~~~~~~~~~~~~~~~~~~~~~~~~~~~~~~~~~[m[K
compilation terminated.
gmake[2]: *** [CMakeFiles/manip_control_node.dir/build.make:76: CMakeFiles/manip_control_node.dir/src/manip_control_node.cpp.o] ã‚¨ãƒ©ãƒ¼ 1
gmake[1]: *** [CMakeFiles/Makefile2:212: CMakeFiles/manip_control_node.dir/all] ã‚¨ãƒ©ãƒ¼ 2
gmake[1]: *** æœªå®Œäº†ã®ã‚¸ãƒ§ãƒ–ã‚’å¾…ã£ã¦ã„ã¾ã™....
[01m[K/home/kousei/HaruRobo2024_ws/ros2_ws/src/manip/src/manip_joy_node.cpp:9:10:[m[K [01;31m[Kfatal error: [m[Krclcpp_components/register_node_macro.hpp: ãã®ã‚ˆã†ãªãƒ•ã‚¡ã‚¤ãƒ«ã‚„ãƒ‡ã‚£ãƒ¬ã‚¯ãƒˆãƒªã¯ã‚ã‚Šã¾ã›ã‚“
    9 | #include [01;31m[K"rclcpp_components/register_node_macro.hpp"[m[K
      |          [01;31m[K^~~~~~~~~~~~~~~~~~~~~~~~~~~~~~~~~~~~~~~~~~~[m[K
compilation terminated.
gmake[2]: *** [CMakeFiles/manip_joy_node.dir/build.make:76: CMakeFiles/manip_joy_node.dir/src/manip_joy_node.cpp.o] ã‚¨ãƒ©ãƒ¼ 1
gmake[1]: *** [CMakeFiles/Makefile2:185: CMakeFiles/manip_joy_node.dir/all] ã‚¨ãƒ©ãƒ¼ 2
running egg_info
writing manip.egg-info/PKG-INFO
writing dependency_links to manip.egg-info/dependency_links.txt
writing top-level names to manip.egg-info/top_level.txt
reading manifest file 'manip.egg-info/SOURCES.txt'
writing manifest file 'manip.egg-info/SOURCES.txt'
[ 96%] Built target ament_cmake_python_build_manip_egg
gmake: *** [Makefile:146: all] ã‚¨ãƒ©ãƒ¼ 2
