[0.084s] Invoking command in '/home/kousei/HaruRobo2024_ws/ros2_ws/build/manip': CMAKE_PREFIX_PATH=${CMAKE_PREFIX_PATH}:/opt/ros/humble /usr/bin/cmake --build /home/kousei/HaruRobo2024_ws/ros2_ws/build/manip -- -j16 -l16
[0.157s] [ 11%] Built target manip__rosidl_generator_c
[0.157s] [ 11%] Built target manip__cpp
[0.160s] [ 11%] Built target ament_cmake_python_copy_manip
[0.178s] [ 21%] Built target manip__rosidl_typesupport_fastrtps_c
[0.182s] [ 31%] Built target manip__rosidl_typesupport_c
[0.183s] [ 41%] Built target manip__rosidl_typesupport_introspection_c
[0.184s] [ 50%] Built target manip__rosidl_typesupport_introspection_cpp
[0.186s] [ 60%] Built target manip__rosidl_typesupport_cpp
[0.187s] [ 70%] Built target manip__rosidl_typesupport_fastrtps_cpp
[0.200s] [35m[1mConsolidate compiler generated dependencies of target manip_joy_node[0m
[0.208s] [ 70%] Built target manip
[0.214s] [ 72%] [32mBuilding CXX object CMakeFiles/manip_control_node.dir/src/manip_control_node.cpp.o[0m
[0.222s] [ 74%] [32mBuilding CXX object CMakeFiles/manip_joy_node.dir/src/manip_joy_node.cpp.o[0m
[0.230s] [ 76%] Built target manip__py
[0.249s] [ 84%] Built target manip__rosidl_generator_py
[0.266s] [ 88%] Built target manip__rosidl_typesupport_fastrtps_c__pyext
[0.269s] [ 96%] Built target manip__rosidl_typesupport_c__pyext
[0.270s] [ 96%] Built target manip__rosidl_typesupport_introspection_c__pyext
[0.387s] [01m[K/home/kousei/HaruRobo2024_ws/ros2_ws/src/manip/src/manip_control_node.cpp:9:10:[m[K [01;31m[Kfatal error: [m[Krclcpp_components/register_node_macro.hpp: „Åù„ÅÆ„Çà„ÅÜ„Å™„Éï„Ç°„Ç§„É´„ÇÑ„Éá„Ç£„É¨„ÇØ„Éà„É™„ÅØ„ÅÇ„Çä„Åæ„Åõ„Çì
[0.387s]     9 | #include [01;31m[K"rclcpp_components/register_node_macro.hpp"[m[K
[0.387s]       |          [01;31m[K^~~~~~~~~~~~~~~~~~~~~~~~~~~~~~~~~~~~~~~~~~~[m[K
[0.388s] compilation terminated.
[0.390s] gmake[2]: *** [CMakeFiles/manip_control_node.dir/build.make:76: CMakeFiles/manip_control_node.dir/src/manip_control_node.cpp.o] „Ç®„É©„Éº 1
[0.390s] gmake[1]: *** [CMakeFiles/Makefile2:212: CMakeFiles/manip_control_node.dir/all] „Ç®„É©„Éº 2
[0.390s] gmake[1]: *** Êú™ÂÆå‰∫Ü„ÅÆ„Ç∏„Éß„Éñ„ÇíÂæÖ„Å£„Å¶„ÅÑ„Åæ„Åô....
[0.394s] [01m[K/home/kousei/HaruRobo2024_ws/ros2_ws/src/manip/src/manip_joy_node.cpp:9:10:[m[K [01;31m[Kfatal error: [m[Krclcpp_components/register_node_macro.hpp: „Åù„ÅÆ„Çà„ÅÜ„Å™„Éï„Ç°„Ç§„É´„ÇÑ„Éá„Ç£„É¨„ÇØ„Éà„É™„ÅØ„ÅÇ„Çä„Åæ„Åõ„Çì
[0.394s]     9 | #include [01;31m[K"rclcpp_components/register_node_macro.hpp"[m[K
[0.394s]       |          [01;31m[K^~~~~~~~~~~~~~~~~~~~~~~~~~~~~~~~~~~~~~~~~~~[m[K
[0.394s] compilation terminated.
[0.394s] gmake[2]: *** [CMakeFiles/manip_joy_node.dir/build.make:76: CMakeFiles/manip_joy_node.dir/src/manip_joy_node.cpp.o] „Ç®„É©„Éº 1
[0.395s] gmake[1]: *** [CMakeFiles/Makefile2:185: CMakeFiles/manip_joy_node.dir/all] „Ç®„É©„Éº 2
[0.402s] running egg_info
[0.402s] writing manip.egg-info/PKG-INFO
[0.402s] writing dependency_links to manip.egg-info/dependency_links.txt
[0.402s] writing top-level names to manip.egg-info/top_level.txt
[0.404s] reading manifest file 'manip.egg-info/SOURCES.txt'
[0.404s] writing manifest file 'manip.egg-info/SOURCES.txt'
[0.422s] [ 96%] Built target ament_cmake_python_build_manip_egg
[0.423s] gmake: *** [Makefile:146: all] „Ç®„É©„Éº 2
[0.426s] Invoked command in '/home/kousei/HaruRobo2024_ws/ros2_ws/build/manip' returned '2': CMAKE_PREFIX_PATH=${CMAKE_PREFIX_PATH}:/opt/ros/humble /usr/bin/cmake --build /home/kousei/HaruRobo2024_ws/ros2_ws/build/manip -- -j16 -l16
