In file included from [01m[K/home/kousei/HaruRobo2024_ws/ros2_ws/src/bt/src/bt_node.cpp:1[m[K:
[01m[K/home/kousei/HaruRobo2024_ws/ros2_ws/src/bt/src/../include/action_node.hpp:14:24:[m[K [01;31m[Kerror: [m[Kâ€˜[01m[Kconfig_file_path[m[Kâ€™ was not declared in this scope
   14 |                 strdup([01;31m[Kconfig_file_path[m[K.c_str()),
      |                        [01;31m[K^~~~~~~~~~~~~~~~[m[K
[01m[K/home/kousei/HaruRobo2024_ws/ros2_ws/src/bt/src/bt_node.cpp:[m[K In function â€˜[01m[Kint main(int, char**)[m[Kâ€™:
[01m[K/home/kousei/HaruRobo2024_ws/ros2_ws/src/bt/src/bt_node.cpp:8:14:[m[K [01;35m[Kwarning: [m[Kunused parameter â€˜[01m[Kargc[m[Kâ€™ [[01;35m[K]8;;https://gcc.gnu.org/onlinedocs/gcc/Warning-Options.html#index-Wunused-parameter-Wunused-parameter]8;;[m[K]
    8 | int main([01;35m[Kint argc[m[K, char* argv[]){
      |          [01;35m[K~~~~^~~~[m[K
[01m[K/home/kousei/HaruRobo2024_ws/ros2_ws/src/bt/src/bt_node.cpp:8:26:[m[K [01;35m[Kwarning: [m[Kunused parameter â€˜[01m[Kargv[m[Kâ€™ [[01;35m[K]8;;https://gcc.gnu.org/onlinedocs/gcc/Warning-Options.html#index-Wunused-parameter-Wunused-parameter]8;;[m[K]
    8 | int main(int argc, [01;35m[Kchar* argv[][m[K){
      |                    [01;35m[K~~~~~~^~~~~~[m[K
gmake[2]: *** [CMakeFiles/bt_node.dir/build.make:76: CMakeFiles/bt_node.dir/src/bt_node.cpp.o] ã‚¨ãƒ©ãƒ¼ 1
gmake[1]: *** [CMakeFiles/Makefile2:137: CMakeFiles/bt_node.dir/all] ã‚¨ãƒ©ãƒ¼ 2
gmake: *** [Makefile:146: all] ã‚¨ãƒ©ãƒ¼ 2
