[0.046s] Invoking command in '/home/kousei/HaruRobo2024_ws/ros2_ws/build/manip': AMENT_PREFIX_PATH=/home/kousei/HaruRobo2024_ws/ros2_ws/install/manip_msgs:${AMENT_PREFIX_PATH} CMAKE_PREFIX_PATH=/home/kousei/HaruRobo2024_ws/ros2_ws/install/manip_msgs:/home/kousei/2DRoboPrac_ws/ros2_ws/install/urg_node2:/home/kousei/2DRoboPrac_ws/ros2_ws/install/omni_control:/home/kousei/2DRoboPrac_ws/ros2_ws/install/nav_real:/home/kousei/2DRoboPrac_ws/ros2_ws/install/nav_dev:/home/kousei/2DRoboPrac_ws/ros2_ws/install/key_event_nodes:/home/kousei/2DRoboPrac_ws/ros2_ws/install/key_event_msgs:/home/kousei/2DRoboPrac_ws/ros2_ws/install/drive_msgs:/opt/ros/humble LD_LIBRARY_PATH=/home/kousei/HaruRobo2024_ws/ros2_ws/install/manip_msgs/lib:${LD_LIBRARY_PATH} PYTHONPATH=/home/kousei/HaruRobo2024_ws/ros2_ws/install/manip_msgs/local/lib/python3.10/dist-packages:${PYTHONPATH} /usr/bin/cmake --build /home/kousei/HaruRobo2024_ws/ros2_ws/build/manip -- -j16 -l16
[0.067s] -- Found ament_cmake_auto: 1.3.7 (/opt/ros/humble/share/ament_cmake_auto/cmake)
[0.226s] -- Found rosidl_generator_c: 3.1.5 (/opt/ros/humble/share/rosidl_generator_c/cmake)
[0.228s] -- Found rosidl_adapter: 3.1.5 (/opt/ros/humble/share/rosidl_adapter/cmake)
[0.232s] -- Found rosidl_generator_cpp: 3.1.5 (/opt/ros/humble/share/rosidl_generator_cpp/cmake)
[0.239s] -- Using all available rosidl_typesupport_c: rosidl_typesupport_fastrtps_c;rosidl_typesupport_introspection_c
[0.250s] -- Using all available rosidl_typesupport_cpp: rosidl_typesupport_fastrtps_cpp;rosidl_typesupport_introspection_cpp
[0.289s] -- Found rmw_implementation_cmake: 6.1.1 (/opt/ros/humble/share/rmw_implementation_cmake/cmake)
[0.290s] -- Found rmw_fastrtps_cpp: 6.2.6 (/opt/ros/humble/share/rmw_fastrtps_cpp/cmake)
[0.379s] -- Using RMW implementation 'rmw_fastrtps_cpp' as default
[1.008s] -- Found ament_lint_auto: 0.12.10 (/opt/ros/humble/share/ament_lint_auto/cmake)
[1.192s] -- Found ament_cmake_ros: 0.10.0 (/opt/ros/humble/share/ament_cmake_ros/cmake)
[1.527s] -- Using all available rosidl_typesupport_c: rosidl_typesupport_fastrtps_c;rosidl_typesupport_introspection_c
[1.665s] -- Using all available rosidl_typesupport_cpp: rosidl_typesupport_fastrtps_cpp;rosidl_typesupport_introspection_cpp
[1.680s] -- Found python_cmake_module: 0.10.0 (/opt/ros/humble/share/python_cmake_module/cmake)
[1.696s] -- Using PYTHON_EXECUTABLE: /usr/bin/python3
[1.696s] -- Using PYTHON_INCLUDE_DIRS: /usr/include/python3.10
[1.696s] -- Using PYTHON_LIBRARIES: /usr/lib/x86_64-linux-gnu/libpython3.10.so
[1.750s] -- Added test 'cppcheck' to perform static code analysis on C / C++ code
[1.751s] -- Configured cppcheck include dirs: /home/kousei/HaruRobo2024_ws/ros2_ws/src/manip/include
[1.751s] -- Configured cppcheck exclude dirs and/or files: 
[1.752s] -- Added test 'lint_cmake' to check CMake code style
[1.752s] -- Added test 'uncrustify' to check C / C++ code style
[1.752s] -- Configured uncrustify additional arguments: 
[1.752s] -- Added test 'xmllint' to check XML markup files
[1.756s] -- Configuring done
[1.799s] -- Generating done
[1.801s] -- Build files have been written to: /home/kousei/HaruRobo2024_ws/ros2_ws/build/manip
[1.823s] [  2%] [34m[1mGenerating C code for ROS interfaces[0m
[1.829s] [  5%] [34m[1mGenerating C++ code for ROS interfaces[0m
[1.836s] [  5%] Built target ament_cmake_python_copy_manip
[1.995s] running egg_info
[1.996s] writing manip.egg-info/PKG-INFO
[1.996s] writing dependency_links to manip.egg-info/dependency_links.txt
[1.996s] writing top-level names to manip.egg-info/top_level.txt
[1.998s] reading manifest file 'manip.egg-info/SOURCES.txt'
[1.999s] writing manifest file 'manip.egg-info/SOURCES.txt'
[2.017s] [  5%] Built target ament_cmake_python_build_manip_egg
[2.138s] [35m[1mConsolidate compiler generated dependencies of target manip__rosidl_generator_c[0m
[2.139s] [  5%] Built target manip__cpp
[2.147s] [ 17%] [34m[1mGenerating C++ introspection for ROS interfaces[0m
[2.147s] [ 17%] [34m[1mGenerating C++ type support for eProsima Fast-RTPS[0m
[2.147s] [ 17%] [32mBuilding C object CMakeFiles/manip__rosidl_generator_c.dir/rosidl_generator_c/manip/action/detail/state__functions.c.o[0m
[2.147s] [ 17%] [34m[1mGenerating C++ type support dispatch for ROS interfaces[0m
[2.281s] [ 20%] [32m[1mLinking C shared library libmanip__rosidl_generator_c.so[0m
[2.316s] [ 20%] Built target manip__rosidl_generator_c
[2.330s] [ 25%] [34m[1mGenerating C introspection for ROS interfaces[0m
[2.330s] [ 25%] [34m[1mGenerating C type support for eProsima Fast-RTPS[0m
[2.331s] [ 28%] [34m[1mGenerating C type support dispatch for ROS interfaces[0m
[2.382s] [35m[1mConsolidate compiler generated dependencies of target manip__rosidl_typesupport_cpp[0m
[2.394s] [ 31%] [32mBuilding CXX object CMakeFiles/manip__rosidl_typesupport_cpp.dir/rosidl_typesupport_cpp/manip/action/state__type_support.cpp.o[0m
[2.442s] [35m[1mConsolidate compiler generated dependencies of target manip__rosidl_typesupport_introspection_cpp[0m
[2.454s] [ 34%] [32mBuilding CXX object CMakeFiles/manip__rosidl_typesupport_introspection_cpp.dir/rosidl_typesupport_introspection_cpp/manip/action/detail/state__type_support.cpp.o[0m
[2.464s] [35m[1mConsolidate compiler generated dependencies of target manip__rosidl_typesupport_fastrtps_cpp[0m
[2.482s] [ 37%] [32mBuilding CXX object CMakeFiles/manip__rosidl_typesupport_fastrtps_cpp.dir/rosidl_typesupport_fastrtps_cpp/manip/action/detail/dds_fastrtps/state__type_support.cpp.o[0m
[2.646s] [35m[1mConsolidate compiler generated dependencies of target manip__rosidl_typesupport_c[0m
[2.660s] [ 40%] [32mBuilding CXX object CMakeFiles/manip__rosidl_typesupport_c.dir/rosidl_typesupport_c/manip/action/state__type_support.cpp.o[0m
[2.719s] [ 42%] [32m[1mLinking CXX shared library libmanip__rosidl_typesupport_c.so[0m
[2.723s] [ 45%] [32m[1mLinking CXX shared library libmanip__rosidl_typesupport_cpp.so[0m
[2.755s] [ 45%] Built target manip__rosidl_typesupport_c
[2.769s] [ 45%] Built target manip__rosidl_typesupport_cpp
[2.779s] [35m[1mConsolidate compiler generated dependencies of target manip_joy_node[0m
[2.782s] [35m[1mConsolidate compiler generated dependencies of target manip_control_node[0m
[2.794s] [ 48%] [32mBuilding CXX object CMakeFiles/manip_joy_node.dir/src/manip_joy_node.cpp.o[0m
[2.806s] [ 51%] [32mBuilding CXX object CMakeFiles/manip_control_node.dir/src/manip_control_node.cpp.o[0m
[2.843s] [35m[1mConsolidate compiler generated dependencies of target manip__rosidl_typesupport_introspection_c[0m
[2.859s] [ 54%] [32mBuilding C object CMakeFiles/manip__rosidl_typesupport_introspection_c.dir/rosidl_typesupport_introspection_c/manip/action/detail/state__type_support.c.o[0m
[2.873s] [35m[1mConsolidate compiler generated dependencies of target manip__rosidl_typesupport_fastrtps_c[0m
[2.891s] [ 57%] [32mBuilding CXX object CMakeFiles/manip__rosidl_typesupport_fastrtps_c.dir/rosidl_typesupport_fastrtps_c/manip/action/detail/state__type_support_c.cpp.o[0m
[2.937s] [ 60%] [32m[1mLinking CXX shared library libmanip__rosidl_typesupport_introspection_cpp.so[0m
[2.938s] [ 62%] [32m[1mLinking C shared library libmanip__rosidl_typesupport_introspection_c.so[0m
[2.967s] [ 62%] Built target manip__rosidl_typesupport_introspection_c
[2.970s] [ 65%] [32m[1mLinking CXX shared library libmanip__rosidl_typesupport_fastrtps_cpp.so[0m
[2.997s] [ 65%] Built target manip__rosidl_typesupport_introspection_cpp
[3.027s] [ 65%] Built target manip__rosidl_typesupport_fastrtps_cpp
[3.219s] [ 68%] [32m[1mLinking CXX shared library libmanip__rosidl_typesupport_fastrtps_c.so[0m
[3.280s] [ 68%] Built target manip__rosidl_typesupport_fastrtps_c
[3.305s] [ 68%] Built target manip
[3.323s] [ 71%] [34m[1mGenerating Python code for ROS interfaces[0m
[3.864s] [ 71%] Built target manip__py
[3.872s] [35m[1mConsolidate compiler generated dependencies of target manip__rosidl_generator_py[0m
[3.881s] [ 74%] [32mBuilding C object CMakeFiles/manip__rosidl_generator_py.dir/rosidl_generator_py/manip/action/_state_s.c.o[0m
[4.004s] [ 77%] [32m[1mLinking C shared library rosidl_generator_py/manip/libmanip__rosidl_generator_py.so[0m
[4.043s] [ 77%] Built target manip__rosidl_generator_py
[4.054s] [35m[1mConsolidate compiler generated dependencies of target manip__rosidl_typesupport_fastrtps_c__pyext[0m
[4.055s] [35m[1mConsolidate compiler generated dependencies of target manip__rosidl_typesupport_c__pyext[0m
[4.055s] [35m[1mConsolidate compiler generated dependencies of target manip__rosidl_typesupport_introspection_c__pyext[0m
[4.071s] [ 85%] [32mBuilding C object CMakeFiles/manip__rosidl_typesupport_c__pyext.dir/rosidl_generator_py/manip/_manip_s.ep.rosidl_typesupport_c.c.o[0m
[4.071s] [ 85%] [32mBuilding C object CMakeFiles/manip__rosidl_typesupport_fastrtps_c__pyext.dir/rosidl_generator_py/manip/_manip_s.ep.rosidl_typesupport_fastrtps_c.c.o[0m
[4.071s] [ 85%] [32mBuilding C object CMakeFiles/manip__rosidl_typesupport_introspection_c__pyext.dir/rosidl_generator_py/manip/_manip_s.ep.rosidl_typesupport_introspection_c.c.o[0m
[4.224s] [ 88%] [32m[1mLinking C shared library rosidl_generator_py/manip/manip_s__rosidl_typesupport_introspection_c.cpython-310-x86_64-linux-gnu.so[0m
[4.225s] [ 94%] [32m[1mLinking C shared library rosidl_generator_py/manip/manip_s__rosidl_typesupport_c.cpython-310-x86_64-linux-gnu.so[0m
[4.225s] [ 94%] [32m[1mLinking C shared library rosidl_generator_py/manip/manip_s__rosidl_typesupport_fastrtps_c.cpython-310-x86_64-linux-gnu.so[0m
[4.271s] [ 94%] Built target manip__rosidl_typesupport_introspection_c__pyext
[4.293s] [ 94%] Built target manip__rosidl_typesupport_c__pyext
[4.297s] [ 94%] Built target manip__rosidl_typesupport_fastrtps_c__pyext
[4.518s] [01m[K/home/kousei/HaruRobo2024_ws/ros2_ws/src/manip/src/manip_control_node.cpp:19:12:[m[K [01;31m[Kerror: [m[Kâ€˜[01m[Kmsg[m[Kâ€™ in namespace â€˜[01m[Kmanip[m[Kâ€™ does not name a type
[4.518s]    19 |     manip::[01;31m[Kmsg[m[K::Cmd cmd = manip::msg::Cmd();
[4.518s]       |            [01;31m[K^~~[m[K
[4.531s] [01m[K/home/kousei/HaruRobo2024_ws/ros2_ws/src/manip/src/manip_control_node.cpp:63:33:[m[K [01;31m[Kerror: [m[Kâ€˜[01m[Kmsg[m[Kâ€™ is not a member of â€˜[01m[Kmanip[m[Kâ€™
[4.531s]    63 |     rclcpp::Subscription<manip::[01;31m[Kmsg[m[K::Result>::SharedPtr subscription_;
[4.531s]       |                                 [01;31m[K^~~[m[K
[4.533s] [01m[K/home/kousei/HaruRobo2024_ws/ros2_ws/src/manip/src/manip_control_node.cpp:63:33:[m[K [01;36m[Knote: [m[Ksuggested alternatives:
[4.533s] In file included from [01m[K/opt/ros/humble/include/builtin_interfaces/builtin_interfaces/msg/duration.hpp:7[m[K,
[4.533s]                  from [01m[K/opt/ros/humble/include/rclcpp/rclcpp/duration.hpp:20[m[K,
[4.533s]                  from [01m[K/opt/ros/humble/include/rclcpp/rclcpp/qos.hpp:20[m[K,
[4.533s]                  from [01m[K/opt/ros/humble/include/rclcpp/rclcpp/node_interfaces/node_graph_interface.hpp:32[m[K,
[4.533s]                  from [01m[K/opt/ros/humble/include/rclcpp/rclcpp/client.hpp:42[m[K,
[4.533s]                  from [01m[K/opt/ros/humble/include/rclcpp/rclcpp/callback_group.hpp:24[m[K,
[4.533s]                  from [01m[K/opt/ros/humble/include/rclcpp/rclcpp/any_executable.hpp:20[m[K,
[4.533s]                  from [01m[K/opt/ros/humble/include/rclcpp/rclcpp/memory_strategy.hpp:25[m[K,
[4.533s]                  from [01m[K/opt/ros/humble/include/rclcpp/rclcpp/memory_strategies.hpp:18[m[K,
[4.533s]                  from [01m[K/opt/ros/humble/include/rclcpp/rclcpp/executor_options.hpp:20[m[K,
[4.534s]                  from [01m[K/opt/ros/humble/include/rclcpp/rclcpp/executor.hpp:37[m[K,
[4.534s]                  from [01m[K/opt/ros/humble/include/rclcpp/rclcpp/executors/multi_threaded_executor.hpp:25[m[K,
[4.534s]                  from [01m[K/opt/ros/humble/include/rclcpp/rclcpp/executors.hpp:21[m[K,
[4.534s]                  from [01m[K/opt/ros/humble/include/rclcpp/rclcpp/rclcpp.hpp:155[m[K,
[4.534s]                  from [01m[K/home/kousei/HaruRobo2024_ws/ros2_ws/src/manip/src/manip_control_node.cpp:5[m[K:
[4.534s] [01m[K/opt/ros/humble/include/builtin_interfaces/builtin_interfaces/msg/detail/duration__struct.hpp:27:11:[m[K [01;36m[Knote: [m[K  â€˜[01m[Kbuiltin_interfaces::msg[m[Kâ€™
[4.534s]    27 | namespace [01;36m[Kmsg[m[K
[4.534s]       |           [01;36m[K^~~[m[K
[4.534s] In file included from [01m[K/opt/ros/humble/include/rcl_interfaces/rcl_interfaces/msg/set_parameters_result.hpp:7[m[K,
[4.534s]                  from [01m[K/opt/ros/humble/include/rclcpp/rclcpp/qos_overriding_options.hpp:28[m[K,
[4.534s]                  from [01m[K/opt/ros/humble/include/rclcpp/rclcpp/subscription_options.hpp:30[m[K,
[4.535s]                  from [01m[K/opt/ros/humble/include/rclcpp/rclcpp/subscription.hpp:45[m[K,
[4.535s]                  from [01m[K/opt/ros/humble/include/rclcpp/rclcpp/any_executable.hpp:25[m[K,
[4.535s]                  from [01m[K/opt/ros/humble/include/rclcpp/rclcpp/memory_strategy.hpp:25[m[K,
[4.535s]                  from [01m[K/opt/ros/humble/include/rclcpp/rclcpp/memory_strategies.hpp:18[m[K,
[4.535s]                  from [01m[K/opt/ros/humble/include/rclcpp/rclcpp/executor_options.hpp:20[m[K,
[4.535s]                  from [01m[K/opt/ros/humble/include/rclcpp/rclcpp/executor.hpp:37[m[K,
[4.535s]                  from [01m[K/opt/ros/humble/include/rclcpp/rclcpp/executors/multi_threaded_executor.hpp:25[m[K,
[4.535s]                  from [01m[K/opt/ros/humble/include/rclcpp/rclcpp/executors.hpp:21[m[K,
[4.536s]                  from [01m[K/opt/ros/humble/include/rclcpp/rclcpp/rclcpp.hpp:155[m[K,
[4.536s]                  from [01m[K/home/kousei/HaruRobo2024_ws/ros2_ws/src/manip/src/manip_control_node.cpp:5[m[K:
[4.536s] [01m[K/opt/ros/humble/include/rcl_interfaces/rcl_interfaces/msg/detail/set_parameters_result__struct.hpp:27:11:[m[K [01;36m[Knote: [m[K  â€˜[01m[Krcl_interfaces::msg[m[Kâ€™
[4.536s]    27 | namespace [01;36m[Kmsg[m[K
[4.536s]       |           [01;36m[K^~~[m[K
[4.536s] In file included from [01m[K/opt/ros/humble/include/statistics_msgs/statistics_msgs/msg/detail/metrics_message__struct.hpp:23[m[K,
[4.536s]                  from [01m[K/opt/ros/humble/include/statistics_msgs/statistics_msgs/msg/metrics_message.hpp:7[m[K,
[4.536s]                  from [01m[K/opt/ros/humble/include/libstatistics_collector/libstatistics_collector/collector/generate_statistics_message.hpp:21[m[K,
[4.537s]                  from [01m[K/opt/ros/humble/include/rclcpp/rclcpp/topic_statistics/subscription_topic_statistics.hpp:23[m[K,
[4.537s]                  from [01m[K/opt/ros/humble/include/rclcpp/rclcpp/subscription.hpp:50[m[K,
[4.537s]                  from [01m[K/opt/ros/humble/include/rclcpp/rclcpp/any_executable.hpp:25[m[K,
[4.537s]                  from [01m[K/opt/ros/humble/include/rclcpp/rclcpp/memory_strategy.hpp:25[m[K,
[4.537s]                  from [01m[K/opt/ros/humble/include/rclcpp/rclcpp/memory_strategies.hpp:18[m[K,
[4.537s]                  from [01m[K/opt/ros/humble/include/rclcpp/rclcpp/executor_options.hpp:20[m[K,
[4.537s]                  from [01m[K/opt/ros/humble/include/rclcpp/rclcpp/executor.hpp:37[m[K,
[4.537s]                  from [01m[K/opt/ros/humble/include/rclcpp/rclcpp/executors/multi_threaded_executor.hpp:25[m[K,
[4.537s]                  from [01m[K/opt/ros/humble/include/rclcpp/rclcpp/executors.hpp:21[m[K,
[4.537s]                  from [01m[K/opt/ros/humble/include/rclcpp/rclcpp/rclcpp.hpp:155[m[K,
[4.537s]                  from [01m[K/home/kousei/HaruRobo2024_ws/ros2_ws/src/manip/src/manip_control_node.cpp:5[m[K:
[4.538s] [01m[K/opt/ros/humble/include/statistics_msgs/statistics_msgs/msg/detail/statistic_data_point__struct.hpp:27:11:[m[K [01;36m[Knote: [m[K  â€˜[01m[Kstatistics_msgs::msg[m[Kâ€™
[4.538s]    27 | namespace [01;36m[Kmsg[m[K
[4.538s]       |           [01;36m[K^~~[m[K
[4.538s] In file included from [01m[K/home/kousei/HaruRobo2024_ws/ros2_ws/install/manip_msgs/include/manip_msgs/manip_msgs/msg/cmd.hpp:7[m[K,
[4.538s]                  from [01m[K/home/kousei/HaruRobo2024_ws/ros2_ws/src/manip/src/manip_control_node.cpp:6[m[K:
[4.538s] [01m[K/home/kousei/HaruRobo2024_ws/ros2_ws/install/manip_msgs/include/manip_msgs/manip_msgs/msg/detail/cmd__struct.hpp:27:11:[m[K [01;36m[Knote: [m[K  â€˜[01m[Kmanip_msgs::msg[m[Kâ€™
[4.538s]    27 | namespace [01;36m[Kmsg[m[K
[4.538s]       |           [01;36m[K^~~[m[K
[4.538s] In file included from [01m[K/opt/ros/humble/include/action_msgs/action_msgs/msg/detail/goal_info__struct.hpp:20[m[K,
[4.538s]                  from [01m[K/opt/ros/humble/include/action_msgs/action_msgs/msg/detail/goal_status__struct.hpp:20[m[K,
[4.538s]                  from [01m[K/opt/ros/humble/include/action_msgs/action_msgs/msg/goal_status.hpp:7[m[K,
[4.538s]                  from [01m[K/opt/ros/humble/include/rclcpp_action/rclcpp_action/client_goal_handle.hpp:25[m[K,
[4.538s]                  from [01m[K/opt/ros/humble/include/rclcpp_action/rclcpp_action/client.hpp:43[m[K,
[4.539s]                  from [01m[K/opt/ros/humble/include/rclcpp_action/rclcpp_action/rclcpp_action.hpp:36[m[K,
[4.539s]                  from [01m[K/home/kousei/HaruRobo2024_ws/ros2_ws/src/manip/src/manip_control_node.cpp:8[m[K:
[4.539s] [01m[K/opt/ros/humble/include/unique_identifier_msgs/unique_identifier_msgs/msg/detail/uuid__struct.hpp:27:11:[m[K [01;36m[Knote: [m[K  â€˜[01m[Kunique_identifier_msgs::msg[m[Kâ€™
[4.539s]    27 | namespace [01;36m[Kmsg[m[K
[4.539s]       |           [01;36m[K^~~[m[K
[4.539s] In file included from [01m[K/opt/ros/humble/include/action_msgs/action_msgs/msg/detail/goal_status__struct.hpp:20[m[K,
[4.539s]                  from [01m[K/opt/ros/humble/include/action_msgs/action_msgs/msg/goal_status.hpp:7[m[K,
[4.539s]                  from [01m[K/opt/ros/humble/include/rclcpp_action/rclcpp_action/client_goal_handle.hpp:25[m[K,
[4.539s]                  from [01m[K/opt/ros/humble/include/rclcpp_action/rclcpp_action/client.hpp:43[m[K,
[4.539s]                  from [01m[K/opt/ros/humble/include/rclcpp_action/rclcpp_action/rclcpp_action.hpp:36[m[K,
[4.539s]                  from [01m[K/home/kousei/HaruRobo2024_ws/ros2_ws/src/manip/src/manip_control_node.cpp:8[m[K:
[4.539s] [01m[K/opt/ros/humble/include/action_msgs/action_msgs/msg/detail/goal_info__struct.hpp:33:11:[m[K [01;36m[Knote: [m[K  â€˜[01m[Kaction_msgs::msg[m[Kâ€™
[4.539s]    33 | namespace [01;36m[Kmsg[m[K
[4.540s]       |           [01;36m[K^~~[m[K
[4.540s] [01m[K/home/kousei/HaruRobo2024_ws/ros2_ws/src/manip/src/manip_control_node.cpp:63:44:[m[K [01;31m[Kerror: [m[Ktemplate argument 1 is invalid
[4.540s]    63 |     rclcpp::Subscription<manip::msg::Result[01;31m[K>[m[K::SharedPtr subscription_;
[4.540s]       |                                            [01;31m[K^[m[K
[4.540s] [01m[K/home/kousei/HaruRobo2024_ws/ros2_ws/src/manip/src/manip_control_node.cpp:63:44:[m[K [01;31m[Kerror: [m[Ktemplate argument 3 is invalid
[4.540s] [01m[K/home/kousei/HaruRobo2024_ws/ros2_ws/src/manip/src/manip_control_node.cpp:63:44:[m[K [01;31m[Kerror: [m[Ktemplate argument 4 is invalid
[4.540s] [01m[K/home/kousei/HaruRobo2024_ws/ros2_ws/src/manip/src/manip_control_node.cpp:63:44:[m[K [01;31m[Kerror: [m[Ktemplate argument 5 is invalid
[4.540s] [01m[K/home/kousei/HaruRobo2024_ws/ros2_ws/src/manip/src/manip_control_node.cpp:63:47:[m[K [01;31m[Kerror: [m[Kexpected â€˜[01m[K;[m[Kâ€™ at end of member declaration
[4.540s]    63 |     rclcpp::Subscription<manip::msg::Result>::[01;31m[KSharedPtr[m[K subscription_;
[4.540s]       |                                               [01;31m[K^~~~~~~~~[m[K
[4.540s]       |                                                        [32m[K;[m[K
[4.540s] [01m[K/home/kousei/HaruRobo2024_ws/ros2_ws/src/manip/src/manip_control_node.cpp:63:57:[m[K [01;31m[Kerror: [m[Kâ€˜[01m[Ksubscription_[m[Kâ€™ does not name a type; did you mean â€˜[01m[Krmw_subscription_t[m[Kâ€™?
[4.540s]    63 |     rclcpp::Subscription<manip::msg::Result>::SharedPtr [01;31m[Ksubscription_[m[K;
[4.541s]       |                                                         [01;31m[K^~~~~~~~~~~~~[m[K
[4.541s]       |                                                         [32m[Krmw_subscription_t[m[K
[4.541s] [01m[K/home/kousei/HaruRobo2024_ws/ros2_ws/src/manip/src/manip_control_node.cpp:64:30:[m[K [01;31m[Kerror: [m[Kâ€˜[01m[Kmsg[m[Kâ€™ is not a member of â€˜[01m[Kmanip[m[Kâ€™
[4.541s]    64 |     rclcpp::Publisher<manip::[01;31m[Kmsg[m[K::Cmd>::SharedPtr publisher_;
[4.541s]       |                              [01;31m[K^~~[m[K
[4.541s] [01m[K/home/kousei/HaruRobo2024_ws/ros2_ws/src/manip/src/manip_control_node.cpp:64:30:[m[K [01;36m[Knote: [m[Ksuggested alternatives:
[4.541s] In file included from [01m[K/opt/ros/humble/include/builtin_interfaces/builtin_interfaces/msg/duration.hpp:7[m[K,
[4.541s]                  from [01m[K/opt/ros/humble/include/rclcpp/rclcpp/duration.hpp:20[m[K,
[4.541s]                  from [01m[K/opt/ros/humble/include/rclcpp/rclcpp/qos.hpp:20[m[K,
[4.541s]                  from [01m[K/opt/ros/humble/include/rclcpp/rclcpp/node_interfaces/node_graph_interface.hpp:32[m[K,
[4.541s]                  from [01m[K/opt/ros/humble/include/rclcpp/rclcpp/client.hpp:42[m[K,
[4.541s]                  from [01m[K/opt/ros/humble/include/rclcpp/rclcpp/callback_group.hpp:24[m[K,
[4.541s]                  from [01m[K/opt/ros/humble/include/rclcpp/rclcpp/any_executable.hpp:20[m[K,
[4.542s]                  from [01m[K/opt/ros/humble/include/rclcpp/rclcpp/memory_strategy.hpp:25[m[K,
[4.542s]                  from [01m[K/opt/ros/humble/include/rclcpp/rclcpp/memory_strategies.hpp:18[m[K,
[4.542s]                  from [01m[K/opt/ros/humble/include/rclcpp/rclcpp/executor_options.hpp:20[m[K,
[4.542s]                  from [01m[K/opt/ros/humble/include/rclcpp/rclcpp/executor.hpp:37[m[K,
[4.542s]                  from [01m[K/opt/ros/humble/include/rclcpp/rclcpp/executors/multi_threaded_executor.hpp:25[m[K,
[4.542s]                  from [01m[K/opt/ros/humble/include/rclcpp/rclcpp/executors.hpp:21[m[K,
[4.542s]                  from [01m[K/opt/ros/humble/include/rclcpp/rclcpp/rclcpp.hpp:155[m[K,
[4.542s]                  from [01m[K/home/kousei/HaruRobo2024_ws/ros2_ws/src/manip/src/manip_control_node.cpp:5[m[K:
[4.542s] [01m[K/opt/ros/humble/include/builtin_interfaces/builtin_interfaces/msg/detail/duration__struct.hpp:27:11:[m[K [01;36m[Knote: [m[K  â€˜[01m[Kbuiltin_interfaces::msg[m[Kâ€™
[4.542s]    27 | namespace [01;36m[Kmsg[m[K
[4.542s]       |           [01;36m[K^~~[m[K
[4.542s] In file included from [01m[K/opt/ros/humble/include/rcl_interfaces/rcl_interfaces/msg/set_parameters_result.hpp:7[m[K,
[4.542s]                  from [01m[K/opt/ros/humble/include/rclcpp/rclcpp/qos_overriding_options.hpp:28[m[K,
[4.542s]                  from [01m[K/opt/ros/humble/include/rclcpp/rclcpp/subscription_options.hpp:30[m[K,
[4.542s]                  from [01m[K/opt/ros/humble/include/rclcpp/rclcpp/subscription.hpp:45[m[K,
[4.542s]                  from [01m[K/opt/ros/humble/include/rclcpp/rclcpp/any_executable.hpp:25[m[K,
[4.543s]                  from [01m[K/opt/ros/humble/include/rclcpp/rclcpp/memory_strategy.hpp:25[m[K,
[4.543s]                  from [01m[K/opt/ros/humble/include/rclcpp/rclcpp/memory_strategies.hpp:18[m[K,
[4.543s]                  from [01m[K/opt/ros/humble/include/rclcpp/rclcpp/executor_options.hpp:20[m[K,
[4.543s]                  from [01m[K/opt/ros/humble/include/rclcpp/rclcpp/executor.hpp:37[m[K,
[4.543s]                  from [01m[K/opt/ros/humble/include/rclcpp/rclcpp/executors/multi_threaded_executor.hpp:25[m[K,
[4.543s]                  from [01m[K/opt/ros/humble/include/rclcpp/rclcpp/executors.hpp:21[m[K,
[4.543s]                  from [01m[K/opt/ros/humble/include/rclcpp/rclcpp/rclcpp.hpp:155[m[K,
[4.543s]                  from [01m[K/home/kousei/HaruRobo2024_ws/ros2_ws/src/manip/src/manip_control_node.cpp:5[m[K:
[4.543s] [01m[K/opt/ros/humble/include/rcl_interfaces/rcl_interfaces/msg/detail/set_parameters_result__struct.hpp:27:11:[m[K [01;36m[Knote: [m[K  â€˜[01m[Krcl_interfaces::msg[m[Kâ€™
[4.543s]    27 | namespace [01;36m[Kmsg[m[K
[4.543s]       |           [01;36m[K^~~[m[K
[4.543s] In file included from [01m[K/opt/ros/humble/include/statistics_msgs/statistics_msgs/msg/detail/metrics_message__struct.hpp:23[m[K,
[4.543s]                  from [01m[K/opt/ros/humble/include/statistics_msgs/statistics_msgs/msg/metrics_message.hpp:7[m[K,
[4.544s]                  from [01m[K/opt/ros/humble/include/libstatistics_collector/libstatistics_collector/collector/generate_statistics_message.hpp:21[m[K,
[4.544s]                  from [01m[K/opt/ros/humble/include/rclcpp/rclcpp/topic_statistics/subscription_topic_statistics.hpp:23[m[K,
[4.544s]                  from [01m[K/opt/ros/humble/include/rclcpp/rclcpp/subscription.hpp:50[m[K,
[4.544s]                  from [01m[K/opt/ros/humble/include/rclcpp/rclcpp/any_executable.hpp:25[m[K,
[4.544s]                  from [01m[K/opt/ros/humble/include/rclcpp/rclcpp/memory_strategy.hpp:25[m[K,
[4.544s]                  from [01m[K/opt/ros/humble/include/rclcpp/rclcpp/memory_strategies.hpp:18[m[K,
[4.544s]                  from [01m[K/opt/ros/humble/include/rclcpp/rclcpp/executor_options.hpp:20[m[K,
[4.544s]                  from [01m[K/opt/ros/humble/include/rclcpp/rclcpp/executor.hpp:37[m[K,
[4.544s]                  from [01m[K/opt/ros/humble/include/rclcpp/rclcpp/executors/multi_threaded_executor.hpp:25[m[K,
[4.544s]                  from [01m[K/opt/ros/humble/include/rclcpp/rclcpp/executors.hpp:21[m[K,
[4.544s]                  from [01m[K/opt/ros/humble/include/rclcpp/rclcpp/rclcpp.hpp:155[m[K,
[4.544s]                  from [01m[K/home/kousei/HaruRobo2024_ws/ros2_ws/src/manip/src/manip_control_node.cpp:5[m[K:
[4.545s] [01m[K/opt/ros/humble/include/statistics_msgs/statistics_msgs/msg/detail/statistic_data_point__struct.hpp:27:11:[m[K [01;36m[Knote: [m[K  â€˜[01m[Kstatistics_msgs::msg[m[Kâ€™
[4.545s]    27 | namespace [01;36m[Kmsg[m[K
[4.545s]       |           [01;36m[K^~~[m[K
[4.545s] In file included from [01m[K/home/kousei/HaruRobo2024_ws/ros2_ws/install/manip_msgs/include/manip_msgs/manip_msgs/msg/cmd.hpp:7[m[K,
[4.545s]                  from [01m[K/home/kousei/HaruRobo2024_ws/ros2_ws/src/manip/src/manip_control_node.cpp:6[m[K:
[4.545s] [01m[K/home/kousei/HaruRobo2024_ws/ros2_ws/install/manip_msgs/include/manip_msgs/manip_msgs/msg/detail/cmd__struct.hpp:27:11:[m[K [01;36m[Knote: [m[K  â€˜[01m[Kmanip_msgs::msg[m[Kâ€™
[4.545s]    27 | namespace [01;36m[Kmsg[m[K
[4.545s]       |           [01;36m[K^~~[m[K
[4.545s] In file included from [01m[K/opt/ros/humble/include/action_msgs/action_msgs/msg/detail/goal_info__struct.hpp:20[m[K,
[4.545s]                  from [01m[K/opt/ros/humble/include/action_msgs/action_msgs/msg/detail/goal_status__struct.hpp:20[m[K,
[4.545s]                  from [01m[K/opt/ros/humble/include/action_msgs/action_msgs/msg/goal_status.hpp:7[m[K,
[4.545s]                  from [01m[K/opt/ros/humble/include/rclcpp_action/rclcpp_action/client_goal_handle.hpp:25[m[K,
[4.546s]                  from [01m[K/opt/ros/humble/include/rclcpp_action/rclcpp_action/client.hpp:43[m[K,
[4.546s]                  from [01m[K/opt/ros/humble/include/rclcpp_action/rclcpp_action/rclcpp_action.hpp:36[m[K,
[4.546s]                  from [01m[K/home/kousei/HaruRobo2024_ws/ros2_ws/src/manip/src/manip_control_node.cpp:8[m[K:
[4.546s] [01m[K/opt/ros/humble/include/unique_identifier_msgs/unique_identifier_msgs/msg/detail/uuid__struct.hpp:27:11:[m[K [01;36m[Knote: [m[K  â€˜[01m[Kunique_identifier_msgs::msg[m[Kâ€™
[4.546s]    27 | namespace [01;36m[Kmsg[m[K
[4.546s]       |           [01;36m[K^~~[m[K
[4.546s] In file included from [01m[K/opt/ros/humble/include/action_msgs/action_msgs/msg/detail/goal_status__struct.hpp:20[m[K,
[4.546s]                  from [01m[K/opt/ros/humble/include/action_msgs/action_msgs/msg/goal_status.hpp:7[m[K,
[4.546s]                  from [01m[K/opt/ros/humble/include/rclcpp_action/rclcpp_action/client_goal_handle.hpp:25[m[K,
[4.546s]                  from [01m[K/opt/ros/humble/include/rclcpp_action/rclcpp_action/client.hpp:43[m[K,
[4.546s]                  from [01m[K/opt/ros/humble/include/rclcpp_action/rclcpp_action/rclcpp_action.hpp:36[m[K,
[4.546s]                  from [01m[K/home/kousei/HaruRobo2024_ws/ros2_ws/src/manip/src/manip_control_node.cpp:8[m[K:
[4.547s] [01m[K/opt/ros/humble/include/action_msgs/action_msgs/msg/detail/goal_info__struct.hpp:33:11:[m[K [01;36m[Knote: [m[K  â€˜[01m[Kaction_msgs::msg[m[Kâ€™
[4.547s]    33 | namespace [01;36m[Kmsg[m[K
[4.547s]       |           [01;36m[K^~~[m[K
[4.547s] [01m[K/home/kousei/HaruRobo2024_ws/ros2_ws/src/manip/src/manip_control_node.cpp:64:38:[m[K [01;31m[Kerror: [m[Ktemplate argument 1 is invalid
[4.547s]    64 |     rclcpp::Publisher<manip::msg::Cmd[01;31m[K>[m[K::SharedPtr publisher_;
[4.547s]       |                                      [01;31m[K^[m[K
[4.547s] [01m[K/home/kousei/HaruRobo2024_ws/ros2_ws/src/manip/src/manip_control_node.cpp:64:41:[m[K [01;31m[Kerror: [m[Kexpected â€˜[01m[K;[m[Kâ€™ at end of member declaration
[4.547s]    64 |     rclcpp::Publisher<manip::msg::Cmd>::[01;31m[KSharedPtr[m[K publisher_;
[4.547s]       |                                         [01;31m[K^~~~~~~~~[m[K
[4.547s]       |                                                  [32m[K;[m[K
[4.548s] [01m[K/home/kousei/HaruRobo2024_ws/ros2_ws/src/manip/src/manip_control_node.cpp:64:41:[m[K [01;31m[Kerror: [m[Kredeclaration of â€˜[01m[Kint ManipControlNode::SharedPtr[m[Kâ€™
[4.548s] [01m[K/home/kousei/HaruRobo2024_ws/ros2_ws/src/manip/src/manip_control_node.cpp:63:47:[m[K [01;36m[Knote: [m[Kprevious declaration â€˜[01m[Kint ManipControlNode::SharedPtr[m[Kâ€™
[4.548s]    63 |     rclcpp::Subscription<manip::msg::Result>::[01;36m[KSharedPtr[m[K subscription_;
[4.548s]       |                                               [01;36m[K^~~~~~~~~[m[K
[4.548s] [01m[K/home/kousei/HaruRobo2024_ws/ros2_ws/src/manip/src/manip_control_node.cpp:64:51:[m[K [01;31m[Kerror: [m[Kâ€˜[01m[Kpublisher_[m[Kâ€™ does not name a type; did you mean â€˜[01m[Krmw_publisher_t[m[Kâ€™?
[4.548s]    64 |     rclcpp::Publisher<manip::msg::Cmd>::SharedPtr [01;31m[Kpublisher_[m[K;
[4.548s]       |                                                   [01;31m[K^~~~~~~~~~[m[K
[4.549s]       |                                                   [32m[Krmw_publisher_t[m[K
[4.549s] [01m[K/home/kousei/HaruRobo2024_ws/ros2_ws/src/manip/src/manip_control_node.cpp:162:28:[m[K [01;31m[Kerror: [m[Kâ€˜[01m[Kmanip::msg[m[Kâ€™ has not been declared
[4.549s]   162 |   void show_message(manip::[01;31m[Kmsg[m[K::Cmd message){
[4.549s]       |                            [01;31m[K^~~[m[K
[4.549s] [01m[K/home/kousei/HaruRobo2024_ws/ros2_ws/src/manip/src/manip_control_node.cpp:162:37:[m[K [01;31m[Kerror: [m[Kexpected â€˜[01m[K,[m[Kâ€™ or â€˜[01m[K...[m[Kâ€™ before â€˜[01m[Kmessage[m[Kâ€™
[4.549s]   162 |   void show_message(manip::msg::Cmd [01;31m[Kmessage[m[K){
[4.549s]       |                                     [01;31m[K^~~~~~~[m[K
[4.549s] [01m[K/home/kousei/HaruRobo2024_ws/ros2_ws/src/manip/src/manip_control_node.cpp:[m[K In member function â€˜[01m[Kvoid ManipControlNode::initialize_message()[m[Kâ€™:
[4.549s] [01m[K/home/kousei/HaruRobo2024_ws/ros2_ws/src/manip/src/manip_control_node.cpp:29:5:[m[K [01;31m[Kerror: [m[Kâ€˜[01m[Kcmd[m[Kâ€™ was not declared in this scope
[4.549s]    29 |     [01;31m[Kcmd[m[K.base1 = {-1,-1};
[4.550s]       |     [01;31m[K^~~[m[K
[4.550s] [01m[K/home/kousei/HaruRobo2024_ws/ros2_ws/src/manip/src/manip_control_node.cpp:[m[K In constructor â€˜[01m[KManipControlNode::ManipControlNode(const rclcpp::NodeOptions&)[m[Kâ€™:
[4.550s] [01m[K/home/kousei/HaruRobo2024_ws/ros2_ws/src/manip/src/manip_control_node.cpp:42:9:[m[K [01;31m[Kerror: [m[Kâ€˜[01m[Kpublisher_[m[Kâ€™ was not declared in this scope; did you mean â€˜[01m[Krmw_publisher_t[m[Kâ€™?
[4.550s]    42 |         [01;31m[Kpublisher_[m[K = this->create_publisher<manip::msg::Cmd>("manip_cmd_f7", 10);
[4.550s]       |         [01;31m[K^~~~~~~~~~[m[K
[4.550s]       |         [32m[Krmw_publisher_t[m[K
[4.550s] [01m[K/home/kousei/HaruRobo2024_ws/ros2_ws/src/manip/src/manip_control_node.cpp:42:52:[m[K [01;31m[Kerror: [m[Kâ€˜[01m[Kmsg[m[Kâ€™ is not a member of â€˜[01m[Kmanip[m[Kâ€™
[4.550s]    42 |         publisher_ = this->create_publisher<manip::[01;31m[Kmsg[m[K::Cmd>("manip_cmd_f7", 10);
[4.550s]       |                                                    [01;31m[K^~~[m[K
[4.550s] [01m[K/home/kousei/HaruRobo2024_ws/ros2_ws/src/manip/src/manip_control_node.cpp:42:52:[m[K [01;36m[Knote: [m[Ksuggested alternatives:
[4.550s] In file included from [01m[K/opt/ros/humble/include/builtin_interfaces/builtin_interfaces/msg/duration.hpp:7[m[K,
[4.550s]                  from [01m[K/opt/ros/humble/include/rclcpp/rclcpp/duration.hpp:20[m[K,
[4.551s]                  from [01m[K/opt/ros/humble/include/rclcpp/rclcpp/qos.hpp:20[m[K,
[4.551s]                  from [01m[K/opt/ros/humble/include/rclcpp/rclcpp/node_interfaces/node_graph_interface.hpp:32[m[K,
[4.551s]                  from [01m[K/opt/ros/humble/include/rclcpp/rclcpp/client.hpp:42[m[K,
[4.551s]                  from [01m[K/opt/ros/humble/include/rclcpp/rclcpp/callback_group.hpp:24[m[K,
[4.551s]                  from [01m[K/opt/ros/humble/include/rclcpp/rclcpp/any_executable.hpp:20[m[K,
[4.551s]                  from [01m[K/opt/ros/humble/include/rclcpp/rclcpp/memory_strategy.hpp:25[m[K,
[4.551s]                  from [01m[K/opt/ros/humble/include/rclcpp/rclcpp/memory_strategies.hpp:18[m[K,
[4.551s]                  from [01m[K/opt/ros/humble/include/rclcpp/rclcpp/executor_options.hpp:20[m[K,
[4.551s]                  from [01m[K/opt/ros/humble/include/rclcpp/rclcpp/executor.hpp:37[m[K,
[4.551s]                  from [01m[K/opt/ros/humble/include/rclcpp/rclcpp/executors/multi_threaded_executor.hpp:25[m[K,
[4.551s]                  from [01m[K/opt/ros/humble/include/rclcpp/rclcpp/executors.hpp:21[m[K,
[4.551s]                  from [01m[K/opt/ros/humble/include/rclcpp/rclcpp/rclcpp.hpp:155[m[K,
[4.551s]                  from [01m[K/home/kousei/HaruRobo2024_ws/ros2_ws/src/manip/src/manip_control_node.cpp:5[m[K:
[4.551s] [01m[K/opt/ros/humble/include/builtin_interfaces/builtin_interfaces/msg/detail/duration__struct.hpp:27:11:[m[K [01;36m[Knote: [m[K  â€˜[01m[Kbuiltin_interfaces::msg[m[Kâ€™
[4.552s]    27 | namespace [01;36m[Kmsg[m[K
[4.552s]       |           [01;36m[K^~~[m[K
[4.552s] In file included from [01m[K/opt/ros/humble/include/rcl_interfaces/rcl_interfaces/msg/set_parameters_result.hpp:7[m[K,
[4.552s]                  from [01m[K/opt/ros/humble/include/rclcpp/rclcpp/qos_overriding_options.hpp:28[m[K,
[4.552s]                  from [01m[K/opt/ros/humble/include/rclcpp/rclcpp/subscription_options.hpp:30[m[K,
[4.552s]                  from [01m[K/opt/ros/humble/include/rclcpp/rclcpp/subscription.hpp:45[m[K,
[4.552s]                  from [01m[K/opt/ros/humble/include/rclcpp/rclcpp/any_executable.hpp:25[m[K,
[4.552s]                  from [01m[K/opt/ros/humble/include/rclcpp/rclcpp/memory_strategy.hpp:25[m[K,
[4.552s]                  from [01m[K/opt/ros/humble/include/rclcpp/rclcpp/memory_strategies.hpp:18[m[K,
[4.552s]                  from [01m[K/opt/ros/humble/include/rclcpp/rclcpp/executor_options.hpp:20[m[K,
[4.552s]                  from [01m[K/opt/ros/humble/include/rclcpp/rclcpp/executor.hpp:37[m[K,
[4.552s]                  from [01m[K/opt/ros/humble/include/rclcpp/rclcpp/executors/multi_threaded_executor.hpp:25[m[K,
[4.552s]                  from [01m[K/opt/ros/humble/include/rclcpp/rclcpp/executors.hpp:21[m[K,
[4.552s]                  from [01m[K/opt/ros/humble/include/rclcpp/rclcpp/rclcpp.hpp:155[m[K,
[4.553s]                  from [01m[K/home/kousei/HaruRobo2024_ws/ros2_ws/src/manip/src/manip_control_node.cpp:5[m[K:
[4.553s] [01m[K/opt/ros/humble/include/rcl_interfaces/rcl_interfaces/msg/detail/set_parameters_result__struct.hpp:27:11:[m[K [01;36m[Knote: [m[K  â€˜[01m[Krcl_interfaces::msg[m[Kâ€™
[4.553s]    27 | namespace [01;36m[Kmsg[m[K
[4.553s]       |           [01;36m[K^~~[m[K
[4.553s] In file included from [01m[K/opt/ros/humble/include/statistics_msgs/statistics_msgs/msg/detail/metrics_message__struct.hpp:23[m[K,
[4.553s]                  from [01m[K/opt/ros/humble/include/statistics_msgs/statistics_msgs/msg/metrics_message.hpp:7[m[K,
[4.553s]                  from [01m[K/opt/ros/humble/include/libstatistics_collector/libstatistics_collector/collector/generate_statistics_message.hpp:21[m[K,
[4.553s]                  from [01m[K/opt/ros/humble/include/rclcpp/rclcpp/topic_statistics/subscription_topic_statistics.hpp:23[m[K,
[4.553s]                  from [01m[K/opt/ros/humble/include/rclcpp/rclcpp/subscription.hpp:50[m[K,
[4.553s]                  from [01m[K/opt/ros/humble/include/rclcpp/rclcpp/any_executable.hpp:25[m[K,
[4.553s]                  from [01m[K/opt/ros/humble/include/rclcpp/rclcpp/memory_strategy.hpp:25[m[K,
[4.553s]                  from [01m[K/opt/ros/humble/include/rclcpp/rclcpp/memory_strategies.hpp:18[m[K,
[4.553s]                  from [01m[K/opt/ros/humble/include/rclcpp/rclcpp/executor_options.hpp:20[m[K,
[4.553s]                  from [01m[K/opt/ros/humble/include/rclcpp/rclcpp/executor.hpp:37[m[K,
[4.553s]                  from [01m[K/opt/ros/humble/include/rclcpp/rclcpp/executors/multi_threaded_executor.hpp:25[m[K,
[4.554s]                  from [01m[K/opt/ros/humble/include/rclcpp/rclcpp/executors.hpp:21[m[K,
[4.554s]                  from [01m[K/opt/ros/humble/include/rclcpp/rclcpp/rclcpp.hpp:155[m[K,
[4.554s]                  from [01m[K/home/kousei/HaruRobo2024_ws/ros2_ws/src/manip/src/manip_control_node.cpp:5[m[K:
[4.554s] [01m[K/opt/ros/humble/include/statistics_msgs/statistics_msgs/msg/detail/statistic_data_point__struct.hpp:27:11:[m[K [01;36m[Knote: [m[K  â€˜[01m[Kstatistics_msgs::msg[m[Kâ€™
[4.554s]    27 | namespace [01;36m[Kmsg[m[K
[4.554s]       |           [01;36m[K^~~[m[K
[4.554s] In file included from [01m[K/home/kousei/HaruRobo2024_ws/ros2_ws/install/manip_msgs/include/manip_msgs/manip_msgs/msg/cmd.hpp:7[m[K,
[4.554s]                  from [01m[K/home/kousei/HaruRobo2024_ws/ros2_ws/src/manip/src/manip_control_node.cpp:6[m[K:
[4.555s] [01m[K/home/kousei/HaruRobo2024_ws/ros2_ws/install/manip_msgs/include/manip_msgs/manip_msgs/msg/detail/cmd__struct.hpp:27:11:[m[K [01;36m[Knote: [m[K  â€˜[01m[Kmanip_msgs::msg[m[Kâ€™
[4.555s]    27 | namespace [01;36m[Kmsg[m[K
[4.555s]       |           [01;36m[K^~~[m[K
[4.555s] In file included from [01m[K/opt/ros/humble/include/action_msgs/action_msgs/msg/detail/goal_info__struct.hpp:20[m[K,
[4.555s]                  from [01m[K/opt/ros/humble/include/action_msgs/action_msgs/msg/detail/goal_status__struct.hpp:20[m[K,
[4.555s]                  from [01m[K/opt/ros/humble/include/action_msgs/action_msgs/msg/goal_status.hpp:7[m[K,
[4.555s]                  from [01m[K/opt/ros/humble/include/rclcpp_action/rclcpp_action/client_goal_handle.hpp:25[m[K,
[4.555s]                  from [01m[K/opt/ros/humble/include/rclcpp_action/rclcpp_action/client.hpp:43[m[K,
[4.555s]                  from [01m[K/opt/ros/humble/include/rclcpp_action/rclcpp_action/rclcpp_action.hpp:36[m[K,
[4.555s]                  from [01m[K/home/kousei/HaruRobo2024_ws/ros2_ws/src/manip/src/manip_control_node.cpp:8[m[K:
[4.555s] [01m[K/opt/ros/humble/include/unique_identifier_msgs/unique_identifier_msgs/msg/detail/uuid__struct.hpp:27:11:[m[K [01;36m[Knote: [m[K  â€˜[01m[Kunique_identifier_msgs::msg[m[Kâ€™
[4.555s]    27 | namespace [01;36m[Kmsg[m[K
[4.555s]       |           [01;36m[K^~~[m[K
[4.555s] In file included from [01m[K/opt/ros/humble/include/action_msgs/action_msgs/msg/detail/goal_status__struct.hpp:20[m[K,
[4.556s]                  from [01m[K/opt/ros/humble/include/action_msgs/action_msgs/msg/goal_status.hpp:7[m[K,
[4.556s]                  from [01m[K/opt/ros/humble/include/rclcpp_action/rclcpp_action/client_goal_handle.hpp:25[m[K,
[4.556s]                  from [01m[K/opt/ros/humble/include/rclcpp_action/rclcpp_action/client.hpp:43[m[K,
[4.556s]                  from [01m[K/opt/ros/humble/include/rclcpp_action/rclcpp_action/rclcpp_action.hpp:36[m[K,
[4.556s]                  from [01m[K/home/kousei/HaruRobo2024_ws/ros2_ws/src/manip/src/manip_control_node.cpp:8[m[K:
[4.556s] [01m[K/opt/ros/humble/include/action_msgs/action_msgs/msg/detail/goal_info__struct.hpp:33:11:[m[K [01;36m[Knote: [m[K  â€˜[01m[Kaction_msgs::msg[m[Kâ€™
[4.556s]    33 | namespace [01;36m[Kmsg[m[K
[4.556s]       |           [01;36m[K^~~[m[K
[4.556s] [01m[K/home/kousei/HaruRobo2024_ws/ros2_ws/src/manip/src/manip_control_node.cpp:42:28:[m[K [01;31m[Kerror: [m[Kparse error in template argument list
[4.556s]    42 |         publisher_ = this->[01;31m[Kcreate_publisher<manip::msg::Cmd>[m[K("manip_cmd_f7", 10);
[4.556s]       |                            [01;31m[K^~~~~~~~~~~~~~~~~~~~~~~~~~~~~~~~~[m[K
[4.556s] [01m[K/home/kousei/HaruRobo2024_ws/ros2_ws/src/manip/src/manip_control_node.cpp:42:61:[m[K [01;31m[Kerror: [m[Kno matching function for call to â€˜[01m[KManipControlNode::create_publisher<<expression error> >(const char [13], int)[m[Kâ€™
[4.556s]    42 |         publisher_ = [01;31m[Kthis->create_publisher<manip::msg::Cmd>("manip_cmd_f7", 10)[m[K;
[4.556s]       |                      [01;31m[K~~~~~~~~~~~~~~~~~~~~~~~~~~~~~~~~~~~~~~~^~~~~~~~~~~~~~~~~~~~[m[K
[4.557s] In file included from [01m[K/opt/ros/humble/include/rclcpp/rclcpp/executors/single_threaded_executor.hpp:28[m[K,
[4.557s]                  from [01m[K/opt/ros/humble/include/rclcpp/rclcpp/executors.hpp:22[m[K,
[4.557s]                  from [01m[K/opt/ros/humble/include/rclcpp/rclcpp/rclcpp.hpp:155[m[K,
[4.557s]                  from [01m[K/home/kousei/HaruRobo2024_ws/ros2_ws/src/manip/src/manip_control_node.cpp:5[m[K:
[4.557s] [01m[K/opt/ros/humble/include/rclcpp/rclcpp/node.hpp:195:3:[m[K [01;36m[Knote: [m[Kcandidate: â€˜[01m[Ktemplate<class MessageT, class AllocatorT, class PublisherT> std::shared_ptr<PublisherT> rclcpp::Node::create_publisher(const string&, const rclcpp::QoS&, const rclcpp::PublisherOptionsWithAllocator<AllocatorT>&)[m[Kâ€™
[4.557s]   195 |   [01;36m[Kcreate_publisher[m[K(
[4.557s]       |   [01;36m[K^~~~~~~~~~~~~~~~[m[K
[4.557s] [01m[K/opt/ros/humble/include/rclcpp/rclcpp/node.hpp:195:3:[m[K [01;36m[Knote: [m[K  template argument deduction/substitution failed:
[4.557s] [01m[K/home/kousei/HaruRobo2024_ws/ros2_ws/src/manip/src/manip_control_node.cpp:42:61:[m[K [01;31m[Kerror: [m[Ktemplate argument 1 is invalid
[4.557s]    42 |         publisher_ = [01;31m[Kthis->create_publisher<manip::msg::Cmd>("manip_cmd_f7", 10)[m[K;
[4.557s]       |                      [01;31m[K~~~~~~~~~~~~~~~~~~~~~~~~~~~~~~~~~~~~~~~^~~~~~~~~~~~~~~~~~~~[m[K
[4.557s] [01m[K/home/kousei/HaruRobo2024_ws/ros2_ws/src/manip/src/manip_control_node.cpp:45:51:[m[K [01;31m[Kerror: [m[Kâ€˜[01m[Kmsg[m[Kâ€™ in namespace â€˜[01m[Kmanip[m[Kâ€™ does not name a type
[4.557s]    45 |         auto topic_callback = [this](const manip::[01;31m[Kmsg[m[K::Result &msg) -> void {
[4.557s]       |                                                   [01;31m[K^~~[m[K
[4.557s] [01m[K/home/kousei/HaruRobo2024_ws/ros2_ws/src/manip/src/manip_control_node.cpp:49:10:[m[K [01;31m[Kerror: [m[Kexpected â€˜[01m[K)[m[Kâ€™ before â€˜[01m[K;[m[Kâ€™ token
[4.558s]    49 |         }[01;31m[K;[m[K
[4.558s]       |          [01;31m[K^[m[K
[4.558s] [01m[K/home/kousei/HaruRobo2024_ws/ros2_ws/src/manip/src/manip_control_node.cpp:45:37:[m[K [01;36m[Knote: [m[Kto match this â€˜[01m[K([m[Kâ€™
[4.558s]    45 |         auto topic_callback = [this][01;36m[K([m[Kconst manip::msg::Result &msg) -> void {
[4.558s]       |                                     [01;36m[K^[m[K
[4.558s] [01m[K/home/kousei/HaruRobo2024_ws/ros2_ws/src/manip/src/manip_control_node.cpp:[m[K In lambda function:
[4.558s] [01m[K/home/kousei/HaruRobo2024_ws/ros2_ws/src/manip/src/manip_control_node.cpp:49:10:[m[K [01;31m[Kerror: [m[Kexpected â€˜[01m[K{[m[Kâ€™ before â€˜[01m[K;[m[Kâ€™ token
[4.558s]    49 |         }[01;31m[K;[m[K
[4.558s]       |          [01;31m[K^[m[K
[4.558s] [01m[K/home/kousei/HaruRobo2024_ws/ros2_ws/src/manip/src/manip_control_node.cpp:[m[K In constructor â€˜[01m[KManipControlNode::ManipControlNode(const rclcpp::NodeOptions&)[m[Kâ€™:
[4.558s] [01m[K/home/kousei/HaruRobo2024_ws/ros2_ws/src/manip/src/manip_control_node.cpp:52:9:[m[K [01;31m[Kerror: [m[Kâ€˜[01m[Ksubscription_[m[Kâ€™ was not declared in this scope; did you mean â€˜[01m[Krmw_subscription_t[m[Kâ€™?
[4.558s]    52 |         [01;31m[Ksubscription_[m[K = this->create_subscription<manip::msg::Result>("manip_reult_f7", 10, topic_callback);
[4.558s]       |         [01;31m[K^~~~~~~~~~~~~[m[K
[4.558s]       |         [32m[Krmw_subscription_t[m[K
[4.558s] [01m[K/home/kousei/HaruRobo2024_ws/ros2_ws/src/manip/src/manip_control_node.cpp:52:58:[m[K [01;31m[Kerror: [m[Kâ€˜[01m[Kmsg[m[Kâ€™ is not a member of â€˜[01m[Kmanip[m[Kâ€™
[4.559s]    52 |         subscription_ = this->create_subscription<manip::[01;31m[Kmsg[m[K::Result>("manip_reult_f7", 10, topic_callback);
[4.559s]       |                                                          [01;31m[K^~~[m[K
[4.559s] [01m[K/home/kousei/HaruRobo2024_ws/ros2_ws/src/manip/src/manip_control_node.cpp:52:58:[m[K [01;36m[Knote: [m[Ksuggested alternatives:
[4.559s] In file included from [01m[K/opt/ros/humble/include/builtin_interfaces/builtin_interfaces/msg/duration.hpp:7[m[K,
[4.559s]                  from [01m[K/opt/ros/humble/include/rclcpp/rclcpp/duration.hpp:20[m[K,
[4.559s]                  from [01m[K/opt/ros/humble/include/rclcpp/rclcpp/qos.hpp:20[m[K,
[4.559s]                  from [01m[K/opt/ros/humble/include/rclcpp/rclcpp/node_interfaces/node_graph_interface.hpp:32[m[K,
[4.559s]                  from [01m[K/opt/ros/humble/include/rclcpp/rclcpp/client.hpp:42[m[K,
[4.559s]                  from [01m[K/opt/ros/humble/include/rclcpp/rclcpp/callback_group.hpp:24[m[K,
[4.559s]                  from [01m[K/opt/ros/humble/include/rclcpp/rclcpp/any_executable.hpp:20[m[K,
[4.559s]                  from [01m[K/opt/ros/humble/include/rclcpp/rclcpp/memory_strategy.hpp:25[m[K,
[4.559s]                  from [01m[K/opt/ros/humble/include/rclcpp/rclcpp/memory_strategies.hpp:18[m[K,
[4.559s]                  from [01m[K/opt/ros/humble/include/rclcpp/rclcpp/executor_options.hpp:20[m[K,
[4.559s]                  from [01m[K/opt/ros/humble/include/rclcpp/rclcpp/executor.hpp:37[m[K,
[4.559s]                  from [01m[K/opt/ros/humble/include/rclcpp/rclcpp/executors/multi_threaded_executor.hpp:25[m[K,
[4.560s]                  from [01m[K/opt/ros/humble/include/rclcpp/rclcpp/executors.hpp:21[m[K,
[4.560s]                  from [01m[K/opt/ros/humble/include/rclcpp/rclcpp/rclcpp.hpp:155[m[K,
[4.560s]                  from [01m[K/home/kousei/HaruRobo2024_ws/ros2_ws/src/manip/src/manip_control_node.cpp:5[m[K:
[4.560s] [01m[K/opt/ros/humble/include/builtin_interfaces/builtin_interfaces/msg/detail/duration__struct.hpp:27:11:[m[K [01;36m[Knote: [m[K  â€˜[01m[Kbuiltin_interfaces::msg[m[Kâ€™
[4.560s]    27 | namespace [01;36m[Kmsg[m[K
[4.560s]       |           [01;36m[K^~~[m[K
[4.560s] In file included from [01m[K/opt/ros/humble/include/rcl_interfaces/rcl_interfaces/msg/set_parameters_result.hpp:7[m[K,
[4.560s]                  from [01m[K/opt/ros/humble/include/rclcpp/rclcpp/qos_overriding_options.hpp:28[m[K,
[4.560s]                  from [01m[K/opt/ros/humble/include/rclcpp/rclcpp/subscription_options.hpp:30[m[K,
[4.560s]                  from [01m[K/opt/ros/humble/include/rclcpp/rclcpp/subscription.hpp:45[m[K,
[4.560s]                  from [01m[K/opt/ros/humble/include/rclcpp/rclcpp/any_executable.hpp:25[m[K,
[4.560s]                  from [01m[K/opt/ros/humble/include/rclcpp/rclcpp/memory_strategy.hpp:25[m[K,
[4.560s]                  from [01m[K/opt/ros/humble/include/rclcpp/rclcpp/memory_strategies.hpp:18[m[K,
[4.560s]                  from [01m[K/opt/ros/humble/include/rclcpp/rclcpp/executor_options.hpp:20[m[K,
[4.561s]                  from [01m[K/opt/ros/humble/include/rclcpp/rclcpp/executor.hpp:37[m[K,
[4.561s]                  from [01m[K/opt/ros/humble/include/rclcpp/rclcpp/executors/multi_threaded_executor.hpp:25[m[K,
[4.561s]                  from [01m[K/opt/ros/humble/include/rclcpp/rclcpp/executors.hpp:21[m[K,
[4.561s]                  from [01m[K/opt/ros/humble/include/rclcpp/rclcpp/rclcpp.hpp:155[m[K,
[4.561s]                  from [01m[K/home/kousei/HaruRobo2024_ws/ros2_ws/src/manip/src/manip_control_node.cpp:5[m[K:
[4.561s] [01m[K/opt/ros/humble/include/rcl_interfaces/rcl_interfaces/msg/detail/set_parameters_result__struct.hpp:27:11:[m[K [01;36m[Knote: [m[K  â€˜[01m[Krcl_interfaces::msg[m[Kâ€™
[4.561s]    27 | namespace [01;36m[Kmsg[m[K
[4.561s]       |           [01;36m[K^~~[m[K
[4.561s] In file included from [01m[K/opt/ros/humble/include/statistics_msgs/statistics_msgs/msg/detail/metrics_message__struct.hpp:23[m[K,
[4.561s]                  from [01m[K/opt/ros/humble/include/statistics_msgs/statistics_msgs/msg/metrics_message.hpp:7[m[K,
[4.561s]                  from [01m[K/opt/ros/humble/include/libstatistics_collector/libstatistics_collector/collector/generate_statistics_message.hpp:21[m[K,
[4.561s]                  from [01m[K/opt/ros/humble/include/rclcpp/rclcpp/topic_statistics/subscription_topic_statistics.hpp:23[m[K,
[4.561s]                  from [01m[K/opt/ros/humble/include/rclcpp/rclcpp/subscription.hpp:50[m[K,
[4.561s]                  from [01m[K/opt/ros/humble/include/rclcpp/rclcpp/any_executable.hpp:25[m[K,
[4.562s]                  from [01m[K/opt/ros/humble/include/rclcpp/rclcpp/memory_strategy.hpp:25[m[K,
[4.562s]                  from [01m[K/opt/ros/humble/include/rclcpp/rclcpp/memory_strategies.hpp:18[m[K,
[4.562s]                  from [01m[K/opt/ros/humble/include/rclcpp/rclcpp/executor_options.hpp:20[m[K,
[4.562s]                  from [01m[K/opt/ros/humble/include/rclcpp/rclcpp/executor.hpp:37[m[K,
[4.562s]                  from [01m[K/opt/ros/humble/include/rclcpp/rclcpp/executors/multi_threaded_executor.hpp:25[m[K,
[4.562s]                  from [01m[K/opt/ros/humble/include/rclcpp/rclcpp/executors.hpp:21[m[K,
[4.562s]                  from [01m[K/opt/ros/humble/include/rclcpp/rclcpp/rclcpp.hpp:155[m[K,
[4.562s]                  from [01m[K/home/kousei/HaruRobo2024_ws/ros2_ws/src/manip/src/manip_control_node.cpp:5[m[K:
[4.562s] [01m[K/opt/ros/humble/include/statistics_msgs/statistics_msgs/msg/detail/statistic_data_point__struct.hpp:27:11:[m[K [01;36m[Knote: [m[K  â€˜[01m[Kstatistics_msgs::msg[m[Kâ€™
[4.562s]    27 | namespace [01;36m[Kmsg[m[K
[4.562s]       |           [01;36m[K^~~[m[K
[4.562s] In file included from [01m[K/home/kousei/HaruRobo2024_ws/ros2_ws/install/manip_msgs/include/manip_msgs/manip_msgs/msg/cmd.hpp:7[m[K,
[4.562s]                  from [01m[K/home/kousei/HaruRobo2024_ws/ros2_ws/src/manip/src/manip_control_node.cpp:6[m[K:
[4.563s] [01m[K/home/kousei/HaruRobo2024_ws/ros2_ws/install/manip_msgs/include/manip_msgs/manip_msgs/msg/detail/cmd__struct.hpp:27:11:[m[K [01;36m[Knote: [m[K  â€˜[01m[Kmanip_msgs::msg[m[Kâ€™
[4.563s]    27 | namespace [01;36m[Kmsg[m[K
[4.563s]       |           [01;36m[K^~~[m[K
[4.563s] In file included from [01m[K/opt/ros/humble/include/action_msgs/action_msgs/msg/detail/goal_info__struct.hpp:20[m[K,
[4.563s]                  from [01m[K/opt/ros/humble/include/action_msgs/action_msgs/msg/detail/goal_status__struct.hpp:20[m[K,
[4.563s]                  from [01m[K/opt/ros/humble/include/action_msgs/action_msgs/msg/goal_status.hpp:7[m[K,
[4.563s]                  from [01m[K/opt/ros/humble/include/rclcpp_action/rclcpp_action/client_goal_handle.hpp:25[m[K,
[4.563s]                  from [01m[K/opt/ros/humble/include/rclcpp_action/rclcpp_action/client.hpp:43[m[K,
[4.563s]                  from [01m[K/opt/ros/humble/include/rclcpp_action/rclcpp_action/rclcpp_action.hpp:36[m[K,
[4.563s]                  from [01m[K/home/kousei/HaruRobo2024_ws/ros2_ws/src/manip/src/manip_control_node.cpp:8[m[K:
[4.563s] [01m[K/opt/ros/humble/include/unique_identifier_msgs/unique_identifier_msgs/msg/detail/uuid__struct.hpp:27:11:[m[K [01;36m[Knote: [m[K  â€˜[01m[Kunique_identifier_msgs::msg[m[Kâ€™
[4.563s]    27 | namespace [01;36m[Kmsg[m[K
[4.563s]       |           [01;36m[K^~~[m[K
[4.563s] In file included from [01m[K/opt/ros/humble/include/action_msgs/action_msgs/msg/detail/goal_status__struct.hpp:20[m[K,
[4.564s]                  from [01m[K/opt/ros/humble/include/action_msgs/action_msgs/msg/goal_status.hpp:7[m[K,
[4.564s]                  from [01m[K/opt/ros/humble/include/rclcpp_action/rclcpp_action/client_goal_handle.hpp:25[m[K,
[4.564s]                  from [01m[K/opt/ros/humble/include/rclcpp_action/rclcpp_action/client.hpp:43[m[K,
[4.564s]                  from [01m[K/opt/ros/humble/include/rclcpp_action/rclcpp_action/rclcpp_action.hpp:36[m[K,
[4.564s]                  from [01m[K/home/kousei/HaruRobo2024_ws/ros2_ws/src/manip/src/manip_control_node.cpp:8[m[K:
[4.564s] [01m[K/opt/ros/humble/include/action_msgs/action_msgs/msg/detail/goal_info__struct.hpp:33:11:[m[K [01;36m[Knote: [m[K  â€˜[01m[Kaction_msgs::msg[m[Kâ€™
[4.564s]    33 | namespace [01;36m[Kmsg[m[K
[4.564s]       |           [01;36m[K^~~[m[K
[4.564s] [01m[K/home/kousei/HaruRobo2024_ws/ros2_ws/src/manip/src/manip_control_node.cpp:52:31:[m[K [01;31m[Kerror: [m[Kparse error in template argument list
[4.564s]    52 |         subscription_ = this->[01;31m[Kcreate_subscription<manip::msg::Result>[m[K("manip_reult_f7", 10, topic_callback);
[4.564s]       |                               [01;31m[K^~~~~~~~~~~~~~~~~~~~~~~~~~~~~~~~~~~~~~~[m[K
[4.564s] [01m[K/home/kousei/HaruRobo2024_ws/ros2_ws/src/manip/src/manip_control_node.cpp:52:70:[m[K [01;31m[Kerror: [m[Kno matching function for call to â€˜[01m[KManipControlNode::create_subscription<<expression error> >(const char [15], int, ManipControlNode::ManipControlNode(const rclcpp::NodeOptions&)::<lambda(int)>&)[m[Kâ€™
[4.564s]    52 |         subscription_ = [01;31m[Kthis->create_subscription<manip::msg::Result>("manip_reult_f7", 10, topic_callback)[m[K;
[4.565s]       |                         [01;31m[K~~~~~~~~~~~~~~~~~~~~~~~~~~~~~~~~~~~~~~~~~~~~~^~~~~~~~~~~~~~~~~~~~~~~~~~~~~~~~~~~~~~[m[K
[4.565s] In file included from [01m[K/opt/ros/humble/include/rclcpp/rclcpp/executors/single_threaded_executor.hpp:28[m[K,
[4.565s]                  from [01m[K/opt/ros/humble/include/rclcpp/rclcpp/executors.hpp:22[m[K,
[4.565s]                  from [01m[K/opt/ros/humble/include/rclcpp/rclcpp/rclcpp.hpp:155[m[K,
[4.565s]                  from [01m[K/home/kousei/HaruRobo2024_ws/ros2_ws/src/manip/src/manip_control_node.cpp:5[m[K:
[4.565s] [01m[K/opt/ros/humble/include/rclcpp/rclcpp/node.hpp:219:3:[m[K [01;36m[Knote: [m[Kcandidate: â€˜[01m[Ktemplate<class MessageT, class CallbackT, class AllocatorT, class SubscriptionT, class MessageMemoryStrategyT> std::shared_ptr<ROSMessageT> rclcpp::Node::create_subscription(const string&, const rclcpp::QoS&, CallbackT&&, const rclcpp::SubscriptionOptionsWithAllocator<AllocatorT>&, typename MessageMemoryStrategyT::SharedPtr)[m[Kâ€™
[4.565s]   219 |   [01;36m[Kcreate_subscription[m[K(
[4.565s]       |   [01;36m[K^~~~~~~~~~~~~~~~~~~[m[K
[4.565s] [01m[K/opt/ros/humble/include/rclcpp/rclcpp/node.hpp:219:3:[m[K [01;36m[Knote: [m[K  template argument deduction/substitution failed:
[4.565s] [01m[K/home/kousei/HaruRobo2024_ws/ros2_ws/src/manip/src/manip_control_node.cpp:52:70:[m[K [01;31m[Kerror: [m[Ktemplate argument 1 is invalid
[4.566s]    52 |         subscription_ = [01;31m[Kthis->create_subscription<manip::msg::Result>("manip_reult_f7", 10, topic_callback)[m[K;
[4.566s]       |                         [01;31m[K~~~~~~~~~~~~~~~~~~~~~~~~~~~~~~~~~~~~~~~~~~~~~^~~~~~~~~~~~~~~~~~~~~~~~~~~~~~~~~~~~~~[m[K
[4.574s] [01m[K/home/kousei/HaruRobo2024_ws/ros2_ws/src/manip/src/manip_control_node.cpp:[m[K In member function â€˜[01m[Krclcpp_action::GoalResponse ManipControlNode::handle_goal(const GoalUUID&, std::shared_ptr<const manip::action::State_Goal_<std::allocator<void> > >)[m[Kâ€™:
[4.574s] [01m[K/home/kousei/HaruRobo2024_ws/ros2_ws/src/manip/src/manip_control_node.cpp:69:40:[m[K [01;35m[Kwarning: [m[Kunused parameter â€˜[01m[Kgoal[m[Kâ€™ [[01;35m[K]8;;https://gcc.gnu.org/onlinedocs/gcc/Warning-Options.html#index-Wunused-parameter-Wunused-parameter]8;;[m[K]
[4.574s]    69 |     [01;35m[Kstd::shared_ptr<const State::Goal> goal[m[K)
[4.574s]       |     [01;35m[K~~~~~~~~~~~~~~~~~~~~~~~~~~~~~~~~~~~^~~~[m[K
[4.584s] [01m[K/home/kousei/HaruRobo2024_ws/ros2_ws/src/manip/src/manip_control_node.cpp:[m[K In member function â€˜[01m[Kvoid ManipControlNode::execute(std::shared_ptr<rclcpp_action::ServerGoalHandle<manip::action::State> >)[m[Kâ€™:
[4.584s] [01m[K/home/kousei/HaruRobo2024_ws/ros2_ws/src/manip/src/manip_control_node.cpp:115:18:[m[K [01;31m[Kerror: [m[Kâ€˜[01m[Kcmd[m[Kâ€™ was not declared in this scope
[4.584s]   115 |     show_message([01;31m[Kcmd[m[K);
[4.584s]       |                  [01;31m[K^~~[m[K
[4.588s] [01m[K/home/kousei/HaruRobo2024_ws/ros2_ws/src/manip/src/manip_control_node.cpp:[m[K In member function â€˜[01m[Kvoid ManipControlNode::make_cmd(std::shared_ptr<rclcpp_action::ServerGoalHandle<manip::action::State> >)[m[Kâ€™:
[4.589s] [01m[K/home/kousei/HaruRobo2024_ws/ros2_ws/src/manip/src/manip_control_node.cpp:132:7:[m[K [01;31m[Kerror: [m[Kâ€˜[01m[Kcmd[m[Kâ€™ was not declared in this scope
[4.589s]   132 |       [01;31m[Kcmd[m[K.work1[0] = goal->work1[0];
[4.589s]       |       [01;31m[K^~~[m[K
[4.592s] [01m[K/home/kousei/HaruRobo2024_ws/ros2_ws/src/manip/src/manip_control_node.cpp:135:7:[m[K [01;31m[Kerror: [m[Kâ€˜[01m[Kcmd[m[Kâ€™ was not declared in this scope
[4.592s]   135 |       [01;31m[Kcmd[m[K.work1[1] = goal->work1[1];
[4.592s]       |       [01;31m[K^~~[m[K
[4.595s] [01m[K/home/kousei/HaruRobo2024_ws/ros2_ws/src/manip/src/manip_control_node.cpp:140:18:[m[K [01;31m[Kerror: [m[Kâ€˜[01m[Kcmd[m[Kâ€™ was not declared in this scope
[4.595s]   140 |     show_message([01;31m[Kcmd[m[K);
[4.596s]       |                  [01;31m[K^~~[m[K
[4.596s] [01m[K/home/kousei/HaruRobo2024_ws/ros2_ws/src/manip/src/manip_control_node.cpp:[m[K In member function â€˜[01m[Kvoid ManipControlNode::execute_cmd(std::shared_ptr<rclcpp_action::ServerGoalHandle<manip::action::State> >)[m[Kâ€™:
[4.596s] [01m[K/home/kousei/HaruRobo2024_ws/ros2_ws/src/manip/src/manip_control_node.cpp:148:11:[m[K [01;31m[Kerror: [m[Kâ€˜[01m[Kclass ManipControlNode[m[Kâ€™ has no member named â€˜[01m[Kpublisher_[m[Kâ€™
[4.596s]   148 |     this->[01;31m[Kpublisher_[m[K->publish(cmd);
[4.596s]       |           [01;31m[K^~~~~~~~~~[m[K
[4.599s] [01m[K/home/kousei/HaruRobo2024_ws/ros2_ws/src/manip/src/manip_control_node.cpp:148:31:[m[K [01;31m[Kerror: [m[Kâ€˜[01m[Kcmd[m[Kâ€™ was not declared in this scope
[4.599s]   148 |     this->publisher_->publish([01;31m[Kcmd[m[K);
[4.600s]       |                               [01;31m[K^~~[m[K
[4.600s] [01m[K/home/kousei/HaruRobo2024_ws/ros2_ws/src/manip/src/manip_control_node.cpp:152:22:[m[K [01;35m[Kwarning: [m[Klogical not is only applied to the left hand side of comparison [[01;35m[K]8;;https://gcc.gnu.org/onlinedocs/gcc/Warning-Options.html#index-Wlogical-not-parentheses-Wlogical-not-parentheses]8;;[m[K]
[4.600s]   152 |     if(!cmd.work1[0] [01;35m[K==[m[K -1){
[4.600s]       |                      [01;35m[K^~[m[K
[4.604s] [01m[K/home/kousei/HaruRobo2024_ws/ros2_ws/src/manip/src/manip_control_node.cpp:[m[K In member function â€˜[01m[Kvoid ManipControlNode::show_message(int)[m[Kâ€™:
[4.604s] [01m[K/home/kousei/HaruRobo2024_ws/ros2_ws/src/manip/src/manip_control_node.cpp:166:28:[m[K [01;31m[Kerror: [m[Kâ€˜[01m[Kmessage[m[Kâ€™ was not declared in this scope
[4.605s]   166 |   for (auto const& value : [01;31m[Kmessage[m[K.work1) ss << value << "; ";
[4.605s]       |                            [01;31m[K^~~~~~~[m[K
[4.605s] [01m[K/home/kousei/HaruRobo2024_ws/ros2_ws/src/manip/src/manip_control_node.cpp:162:33:[m[K [01;35m[Kwarning: [m[Kunused parameter â€˜[01m[KCmd[m[Kâ€™ [[01;35m[K]8;;https://gcc.gnu.org/onlinedocs/gcc/Warning-Options.html#index-Wunused-parameter-Wunused-parameter]8;;[m[K]
[4.605s]   162 |   void show_message([01;35m[Kmanip::msg::Cmd[m[K message){
[4.605s]       |                     [01;35m[K~~~~~~~~~~~~^~~[m[K
[5.059s] gmake[2]: *** [CMakeFiles/manip_control_node.dir/build.make:76: CMakeFiles/manip_control_node.dir/src/manip_control_node.cpp.o] ã‚¨ãƒ©ãƒ¼ 1
[5.060s] gmake[1]: *** [CMakeFiles/Makefile2:212: CMakeFiles/manip_control_node.dir/all] ã‚¨ãƒ©ãƒ¼ 2
[5.060s] gmake[1]: *** æœªå®Œäº†ã®ã‚¸ãƒ§ãƒ–ã‚’å¾…ã£ã¦ã„ã¾ã™....
[8.729s] [ 97%] [32m[1mLinking CXX executable manip_joy_node[0m
[9.048s] [ 97%] Built target manip_joy_node
[9.049s] gmake: *** [Makefile:146: all] ã‚¨ãƒ©ãƒ¼ 2
[9.051s] Invoked command in '/home/kousei/HaruRobo2024_ws/ros2_ws/build/manip' returned '2': AMENT_PREFIX_PATH=/home/kousei/HaruRobo2024_ws/ros2_ws/install/manip_msgs:${AMENT_PREFIX_PATH} CMAKE_PREFIX_PATH=/home/kousei/HaruRobo2024_ws/ros2_ws/install/manip_msgs:/home/kousei/2DRoboPrac_ws/ros2_ws/install/urg_node2:/home/kousei/2DRoboPrac_ws/ros2_ws/install/omni_control:/home/kousei/2DRoboPrac_ws/ros2_ws/install/nav_real:/home/kousei/2DRoboPrac_ws/ros2_ws/install/nav_dev:/home/kousei/2DRoboPrac_ws/ros2_ws/install/key_event_nodes:/home/kousei/2DRoboPrac_ws/ros2_ws/install/key_event_msgs:/home/kousei/2DRoboPrac_ws/ros2_ws/install/drive_msgs:/opt/ros/humble LD_LIBRARY_PATH=/home/kousei/HaruRobo2024_ws/ros2_ws/install/manip_msgs/lib:${LD_LIBRARY_PATH} PYTHONPATH=/home/kousei/HaruRobo2024_ws/ros2_ws/install/manip_msgs/local/lib/python3.10/dist-packages:${PYTHONPATH} /usr/bin/cmake --build /home/kousei/HaruRobo2024_ws/ros2_ws/build/manip -- -j16 -l16
